{"numTotalTestSuites":6,"numPassedTestSuites":4,"numFailedTestSuites":2,"numPendingTestSuites":0,"numTotalTests":25,"numPassedTests":14,"numFailedTests":11,"numPendingTests":0,"numTodoTests":0,"snapshot":{"added":0,"failure":false,"filesAdded":0,"filesRemoved":0,"filesRemovedList":[],"filesUnmatched":0,"filesUpdated":0,"matched":0,"total":0,"unchecked":0,"uncheckedKeysByFile":[],"unmatched":0,"updated":0,"didUpdate":false},"startTime":1778015667993,"success":false,"testResults":[{"assertionResults":[{"ancestorTitles":["MainMenu"],"fullName":"MainMenu stores the nationality as an ISO code and continues the flow in es","status":"failed","title":"stores the nationality as an ISO code and continues the flow in es","duration":198.4958999999999,"failureMessages":["TestingLibraryElementError: Unable to find an element with the text: Country/Region of Origin. This could be because the text is broken up by multiple elements. In this case, you can provide a function for your text matcher to make your matcher more flexible.\n\nIgnored nodes: comments, script, style\n\u001b[36m<body>\u001b[39m\n  \u001b[36m<div>\u001b[39m\n    \u001b[36m<div\u001b[39m\n      \u001b[33mclass\u001b[39m=\u001b[32m\"min-h-screen flex items-center justify-center bg-gray-100 dark:bg-navy-900 transition-colors duration-500 relative overflow-x-hidden\"\u001b[39m\n    \u001b[36m>\u001b[39m\n      \u001b[36m<div\u001b[39m\n        \u001b[33mclass\u001b[39m=\u001b[32m\"absolute inset-0 overflow-hidden pointer-events-none\"\u001b[39m\n      \u001b[36m>\u001b[39m\n        \u001b[36m<div\u001b[39m\n          \u001b[33mclass\u001b[39m=\u001b[32m\"absolute -top-40 -right-40 w-96 h-96 bg-primary-500/10 dark:bg-primary-500/5 rounded-full blur-3xl\"\u001b[39m\n        \u001b[36m/>\u001b[39m\n        \u001b[36m<div\u001b[39m\n          \u001b[33mclass\u001b[39m=\u001b[32m\"absolute -bottom-40 -left-40 w-96 h-96 bg-accent-400/10 dark:bg-accent-400/5 rounded-full blur-3xl\"\u001b[39m\n        \u001b[36m/>\u001b[39m\n      \u001b[36m</div>\u001b[39m\n      \u001b[36m<div\u001b[39m\n        \u001b[33mdata-testid\u001b[39m=\u001b[32m\"theme-toggle\"\u001b[39m\n      \u001b[36m/>\u001b[39m\n      \u001b[36m<div\u001b[39m\n        \u001b[33mclass\u001b[39m=\u001b[32m\"relative z-10 w-full max-w-md\"\u001b[39m\n      \u001b[36m>\u001b[39m\n        \u001b[36m<div\u001b[39m\n          \u001b[33mclass\u001b[39m=\u001b[32m\"h-1.5 bg-gradient-to-r from-primary-500 via-accent-400 to-primary-500 rounded-t-2xl\"\u001b[39m\n        \u001b[36m/>\u001b[39m\n        \u001b[36m<div\u001b[39m\n          \u001b[33mclass\u001b[39m=\u001b[32m\"bg-white dark:bg-navy-800 p-8 rounded-b-2xl shadow-xl dark:shadow-2xl border border-gray-200 dark:border-navy-600 border-t-0 transition-all duration-500\"\u001b[39m\n        \u001b[36m>\u001b[39m\n          \u001b[36m<img\u001b[39m\n            \u001b[33malt\u001b[39m=\u001b[32m\"OpenFootball\"\u001b[39m\n            \u001b[33mclass\u001b[39m=\u001b[32m\"text-center w-full h-full object-cover\"\u001b[39m\n            \u001b[33msrc\u001b[39m=\u001b[32m\"/openfootlogo.svg\"\u001b[39m\n          \u001b[36m/>\u001b[39m\n          \u001b[36m<div\u001b[39m\n            \u001b[33mclass\u001b[39m=\u001b[32m\"border-t border-gray-200 dark:border-navy-600 my-8 transition-colors duration-500\"\u001b[39m\n          \u001b[36m/>\u001b[39m\n          \u001b[36m<form\u001b[39m\n            \u001b[33mclass\u001b[39m=\u001b[32m\"flex flex-col gap-4\"\u001b[39m\n          \u001b[36m>\u001b[39m\n            \u001b[36m<div\u001b[39m\n              \u001b[33mclass\u001b[39m=\u001b[32m\"flex justify-between items-center mb-2\"\u001b[39m\n            \u001b[36m>\u001b[39m\n              \u001b[36m<h2\u001b[39m\n                \u001b[33mclass\u001b[39m=\u001b[32m\"text-xl font-heading font-bold uppercase tracking-wide text-gray-900 dark:text-white transition-colors\"\u001b[39m\n              \u001b[36m>\u001b[39m\n                \u001b[0mcreateManager.title\u001b[0m\n              \u001b[36m</h2>\u001b[39m\n              \u001b[36m<button\u001b[39m\n                \u001b[33mclass\u001b[39m=\u001b[32m\"text-gray-400 hover:text-gray-700 dark:hover:text-white transition-colors p-1 rounded-lg hover:bg-gray-100 dark:hover:bg-navy-600\"\u001b[39m\n                \u001b[33mtype\u001b[39m=\u001b[32m\"button\"\u001b[39m\n              \u001b[36m>\u001b[39m\n                \u001b[36m<svg\u001b[39m\n                  \u001b[33maria-hidden\u001b[39m=\u001b[32m\"true\"\u001b[39m\n                  \u001b[33mclass\u001b[39m=\u001b[32m\"lucide lucide-x w-5 h-5\"\u001b[39m\n                  \u001b[33mfill\u001b[39m=\u001b[32m\"none\"\u001b[39m\n                  \u001b[33mheight\u001b[39m=\u001b[32m\"24\"\u001b[39m\n                  \u001b[33mstroke\u001b[39m=\u001b[32m\"currentColor\"\u001b[39m\n                  \u001b[33mstroke-linecap\u001b[39m=\u001b[32m\"round\"\u001b[39m\n                  \u001b[33mstroke-linejoin\u001b[39m=\u001b[32m\"round\"\u001b[39m\n                  \u001b[33mstroke-width\u001b[39m=\u001b[32m\"2\"\u001b[39m\n                  \u001b[33mviewBox\u001b[39m=\u001b[32m\"0 0 24 24\"\u001b[39m\n                  \u001b[33mwidth\u001b[39m=\u001b[32m\"24\"\u001b[39m\n                  \u001b[33mxmlns\u001b[39m=\u001b[32m\"http://www.w3.org/2000/svg\"\u001b[39m\n                \u001b[36m>\u001b[39m\n                  \u001b[36m<path\u001b[39m\n                    \u001b[33md\u001b[39m=\u001b[32m\"M18 6 6 18\"\u001b[39m\n                  \u001b[36m/>\u001b[39m\n                  \u001b[36m<path\u001b[39m\n                    \u001b[33md\u001b[39m=\u001b[32m\"m6 6 12 12\"\u001b[39m\n                  \u001b[36m/>\u001b[39m\n                \u001b[36m</svg>\u001b[39m\n              \u001b[36m</button>\u001b[39m\n            \u001b[36m</div>\u001b[39m\n            \u001b[36m<div\u001b[39m\n              \u001b[33mclass\u001b[39m=\u001b[32m\"flex items-center gap-2 mb-1\"\u001b[39m\n            \u001b[36m>\u001b[39m\n              \u001b[36m<div\u001b[39m\n                \u001b[33mclass\u001b[39m=\u001b[32m\"flex items-center justify-center w-6 h-6 rounded-full bg-primary-500 text-white text-xs font-bold\"\u001b[39m\n              \u001b[36m>\u001b[39m\n                \u001b[0m1\u001b[0m\n              \u001b[36m</div>\u001b[39m\n              \u001b[36m<div\u001b[39m\n                \u001b[33mclass\u001b[39m=\u001b[32m\"h-0.5 flex-1 bg-gray-200 dark:bg-navy-600\"\u001b[39m\n              \u001b[36m/>\u001b[39m\n              \u001b[36m<div\u001b[39m\n                \u001b[33mclass\u001b[39m=\u001b[32m\"flex items-center justify-center w-6 h-6 rounded-full bg-gray-200 dark:bg-navy-600 text-gray-400 dark:text-gray-500 text-xs font-bold\"\u001b[39m\n              \u001b[36m>\u001b[39m\n                \u001b[0m2\u001b[0m\n              \u001b[36m</div>\u001b[39m\n            \u001b[36m</div>\u001b[39m\n            \u001b[36m<div\u001b[39m\n              \u001b[33mclass\u001b[39m=\u001b[32m\"flex gap-3\"\u001b[39m\n            \u001b[36m>\u001b[39m\n              \u001b[36m<div\u001b[39m\n                \u001b[33mclass\u001b[39m=\u001b[32m\"flex-1\"\u001b[39m\n                \u001b[33mid\u001b[39m=\u001b[32m\"create-manager-field-firstName\"\u001b[39m\n              \u001b[36m>\u001b[39m\n                \u001b[36m<label\u001b[39m\n                  \u001b[33mclass\u001b[39m=\u001b[32m\"block text-xs font-heading font-bold uppercase tracking-wider text-gray-500 dark:text-gray-400 mb-1.5\"\u001b[39m\n                \u001b[36m>\u001b[39m\n                  \u001b[0mcreateManager.firstName\u001b[0m\n                \u001b[36m</label>\u001b[39m\n                \u001b[36m<input\u001b[39m\n                  \u001b[33mclass\u001b[39m=\u001b[32m\"w-full bg-gray-50 dark:bg-navy-900 border text-gray-900 dark:text-white rounded-lg p-3 outline-none focus:ring-2 transition-all placeholder:text-gray-400 dark:placeholder:text-gray-500 border-gray-300 dark:border-navy-600 focus:border-primary-500 focus:ring-primary-500/20\"\u001b[39m\n                  \u001b[33mmaxlength\u001b[39m=\u001b[32m\"30\"\u001b[39m\n                  \u001b[33mplaceholder\u001b[39m=\u001b[32m\"createManager.placeholderFirst\"\u001b[39m\n                  \u001b[33mvalue\u001b[39m=\u001b[32m\"Ada\"\u001b[39m\n                \u001b[36m/>\u001b[39m\n              \u001b[36m</div>\u001b[39m\n              \u001b[36m<div\u001b[39m\n                \u001b[33mclass\u001b[39m=\u001b[32m\"flex-1\"\u001b[39m\n                \u001b[33mid\u001b[39m=\u001b[32m\"create-manager-field-lastName\"\u001b[39m\n              \u001b[36m>\u001b[39m\n                \u001b[36m<label\u001b[39m\n                  \u001b[33mclass\u001b[39m=\u001b[32m\"block text-xs font-heading font-bold uppercase tracking-wider text-gray-500 dark:text-gray-400 mb-1.5\"\u001b[39m\n                \u001b[36m>\u001b[39m\n                  \u001b[0mcreateManager.lastName\u001b[0m\n                \u001b[36m</label>\u001b[39m\n                \u001b[36m<input\u001b[39m\n                  \u001b[33mclass\u001b[39m=\u001b[32m\"w-full bg-gray-50 dark:bg-navy-900 border text-gray-900 dark:text-white rounded-lg p-3 outline-none focus:ring-2 transition-all placeholder:text-gray-400 dark:placeholder:text-gray-500 border-gray-300 dark:border-navy-600 focus:border-primary-500 focus:ring-primary-500/20\"\u001b[39m\n                  \u001b[33mmaxlength\u001b[39m=\u001b[32m\"30\"\u001b[39m\n                  \u001b[33mplaceholder\u001b[39m=\u001b[32m\"createManager.placeholderLast\"\u001b[39m\n                  \u001b[33mvalue\u001b[39m=\u001b[32m\"Lovelace\"\u001b[39m\n                \u001b[36m/>\u001b[39m\n              \u001b[36m</div>\u001b[39m\n            \u001b[36m</div>\u001b[39m\n            \u001b[36m<div\u001b[39m\n              \u001b[33mid\u001b[39m=\u001b[32m\"create-manager-field-dob\"\u001b[39m\n            \u001b[36m>\u001b[39m\n              \u001b[36m<label\u001b[39m\n                \u001b[33mclass\u001b[39m=\u001b[32m\"block text-xs font-heading font-bold uppercase tracking-wider text-gray-500 dark:text-gray-400 mb-1.5\"\u001b[39m\n              \u001b[36m>\u001b[39m\n                \u001b[0mcreateManager.dob\u001b[0m\n              \u001b[36m</label>\u001b[39m\n              \u001b[36m<input\u001b[39m\n                \u001b[33maria-label\u001b[39m=\u001b[32m\"manager-date-of-birth\"\u001b[39m\n                \u001b[33mvalue\u001b[39m=\u001b[32m\"1980-01-01\"\u001b[39m\n              \u001b[36m/>\u001b[39m\n            \u001b[36m</div>\u001b[39m\n            \u001b[36m<div\u001b[39m\n              \u001b[33mid\u001b[39m=\u001b[32m\"create-manager-field-nationality\"\u001b[39m\n            \u001b[36m>\u001b[39m\n              \u001b[36m<label\u001b[39m\n                \u001b[33mclass\u001b[39m=\u001b[32m\"block text-xs font-heading font-bold uppercase tracking-wider text-gray-500 dark:text-gray-400 mb-1.5\"\u001b[39m\n              \u001b[36m>\u001b[39m\n                \u001b[0mcreateManager.countryOfOrigin\u001b[0m\n              \u001b[36m</label>\u001b[39m\n              \u001b[36m<div\u001b[39m\n                \u001b[33mclass\u001b[39m=\u001b[32m\"relative\"\u001b[39m\n              \u001b[36m>\u001b[39m\n                \u001b[36m<button\u001b[39m\n                  \u001b[33mclass\u001b[39m=\u001b[32m\"w-full flex items-center justify-between bg-gray-50 dark:bg-navy-900 border text-left rounded-lg p-3 outline-none transition-all border-gray-300 dark:border-navy-600\"\u001b[39m\n                  \u001b[33mtype\u001b[39m=\u001b[32m\"button\"\u001b[39m\n                \u001b[36m>\u001b[39m\n                  \u001b[36m<span\u001b[39m\n                    \u001b[33mclass\u001b[39m=\u001b[32m\"text-gray-400 dark:text-gray-500\"\u001b[39m\n                  \u001b[36m>\u001b[39m\n                    \u001b[0mcreateManager.selectCountry\u001b[0m\n                  \u001b[36m</span>\u001b[39m\n                  \u001b[36m<svg\u001b[39m\n                    \u001b[33maria-hidden\u001b[39m=\u001b[32m\"true\"\u001b[39m\n                    \u001b[33mclass\u001b[39m=\u001b[32m\"lucide lucide-chevron-down w-4 h-4 text-gray-400 transition-transform\"\u001b[39m\n                    \u001b[33mfill\u001b[39m=\u001b[32m\"none\"\u001b[39m\n                    \u001b[33mheight\u001b[39m=\u001b[32m\"24\"\u001b[39m\n                    \u001b[33mstroke\u001b[39m=\u001b[32m\"currentColor\"\u001b[39m\n                    \u001b[33mstroke-linecap\u001b[39m=\u001b[32m\"round\"\u001b[39m\n                    \u001b[33mstroke-linejoin\u001b[39m=\u001b[32m\"round\"\u001b[39m\n                    \u001b[33mstroke-width\u001b[39m=\u001b[32m\"2\"\u001b[39m\n                    \u001b[33mviewBox\u001b[39m=\u001b[32m\"0 0 24 24\"\u001b[39m\n                    \u001b[33mwidth\u001b[39m=\u001b[32m\"24\"\u001b[39m\n                    \u001b[33mxmlns\u001b[39m=\u001b[32m\"http://www.w3.org/2000/svg\"\u001b[39m\n                  \u001b[36m>\u001b[39m\n                    \u001b[36m<path\u001b[39m\n                      \u001b[33md\u001b[39m=\u001b[32m\"m6 9 6 6 6-6\"\u001b[39m\n                    \u001b[36m/>\u001b[39m\n                  \u001b[36m</svg>\u001b[39m\n                \u001b[36m</button>\u001b[39m\n              \u001b[36m</div>\u001b[39m\n            \u001b[36m</div>\u001b[39m\n            \u001b[36m<button\u001b[39m\n              \u001b[33mclass\u001b[39m=\u001b[32m\"mt-2 w-full\"\u001b[39m\n              \u001b[33mtype\u001b[39m=\u001b[32m\"submit\"\u001b[39m\n              \u001b[33mvariant\u001b[39m=\u001b[32m\"primary\"\u001b[39m\n            \u001b[36m>\u001b[39m\n              \u001b[0mcreateManager.chooseWorld\u001b[0m\n            \u001b[36m</button>\u001b[39m\n          \u001b[36m</form>\u001b[39m\n        \u001b[36m</div>\u001b[39m\n      \u001b[36m</div>\u001b[39m\n      \u001b[36m<div\u001b[39m\n        \u001b[33mclass\u001b[39m=\u001b[32m\"absolute bottom-4 right-4 text-gray-400 dark:text-gray-600 text-xs font-heading uppercase tracking-widest transition-colors\"\u001b[39m\n      \u001b[36m>\u001b[39m\n        \u001b[0mapp.version\u001b[0m\n      \u001b[36m</div>\u001b[39m\n    \u001b[36m</div>\u001b[39m\n  \u001b[36m</div>\u001b[39m\n\u001b[36m</body>\u001b[39m\n    at Object.getElementError (C:\\Users\\pedre\\OneDrive\\Documentos\\dev\\openfootmanager\\node_modules\\@testing-library\\dom\\dist\\config.js:37:19)\n    at C:\\Users\\pedre\\OneDrive\\Documentos\\dev\\openfootmanager\\node_modules\\@testing-library\\dom\\dist\\query-helpers.js:76:38\n    at C:\\Users\\pedre\\OneDrive\\Documentos\\dev\\openfootmanager\\node_modules\\@testing-library\\dom\\dist\\query-helpers.js:52:17\n    at C:\\Users\\pedre\\OneDrive\\Documentos\\dev\\openfootmanager\\node_modules\\@testing-library\\dom\\dist\\query-helpers.js:95:19\n    at getNationalityTrigger (C:/Users/pedre/OneDrive/Documentos/dev/openfootmanager/src/pages/MainMenu.test.tsx:123:29)\n    at selectNationality (C:/Users/pedre/OneDrive/Documentos/dev/openfootmanager/src/pages/MainMenu.test.tsx:137:23)\n    at C:/Users/pedre/OneDrive/Documentos/dev/openfootmanager/src/pages/MainMenu.test.tsx:198:7\n    at file:///C:/Users/pedre/OneDrive/Documentos/dev/openfootmanager/node_modules/@vitest/runner/dist/chunk-artifact.js:2017:60\n    at file:///C:/Users/pedre/OneDrive/Documentos/dev/openfootmanager/node_modules/@vitest/runner/dist/chunk-artifact.js:302:11\n    at file:///C:/Users/pedre/OneDrive/Documentos/dev/openfootmanager/node_modules/@vitest/runner/dist/chunk-artifact.js:1893:26"],"meta":{},"tags":[]},{"ancestorTitles":["MainMenu"],"fullName":"MainMenu stores the nationality as an ISO code and continues the flow in de","status":"failed","title":"stores the nationality as an ISO code and continues the flow in de","duration":78.70509999999922,"failureMessages":["TestingLibraryElementError: Unable to find an element with the text: Country/Region of Origin. This could be because the text is broken up by multiple elements. In this case, you can provide a function for your text matcher to make your matcher more flexible.\n\nIgnored nodes: comments, script, style\n\u001b[36m<body>\u001b[39m\n  \u001b[36m<div>\u001b[39m\n    \u001b[36m<div\u001b[39m\n      \u001b[33mclass\u001b[39m=\u001b[32m\"min-h-screen flex items-center justify-center bg-gray-100 dark:bg-navy-900 transition-colors duration-500 relative overflow-x-hidden\"\u001b[39m\n    \u001b[36m>\u001b[39m\n      \u001b[36m<div\u001b[39m\n        \u001b[33mclass\u001b[39m=\u001b[32m\"absolute inset-0 overflow-hidden pointer-events-none\"\u001b[39m\n      \u001b[36m>\u001b[39m\n        \u001b[36m<div\u001b[39m\n          \u001b[33mclass\u001b[39m=\u001b[32m\"absolute -top-40 -right-40 w-96 h-96 bg-primary-500/10 dark:bg-primary-500/5 rounded-full blur-3xl\"\u001b[39m\n        \u001b[36m/>\u001b[39m\n        \u001b[36m<div\u001b[39m\n          \u001b[33mclass\u001b[39m=\u001b[32m\"absolute -bottom-40 -left-40 w-96 h-96 bg-accent-400/10 dark:bg-accent-400/5 rounded-full blur-3xl\"\u001b[39m\n        \u001b[36m/>\u001b[39m\n      \u001b[36m</div>\u001b[39m\n      \u001b[36m<div\u001b[39m\n        \u001b[33mdata-testid\u001b[39m=\u001b[32m\"theme-toggle\"\u001b[39m\n      \u001b[36m/>\u001b[39m\n      \u001b[36m<div\u001b[39m\n        \u001b[33mclass\u001b[39m=\u001b[32m\"relative z-10 w-full max-w-md\"\u001b[39m\n      \u001b[36m>\u001b[39m\n        \u001b[36m<div\u001b[39m\n          \u001b[33mclass\u001b[39m=\u001b[32m\"h-1.5 bg-gradient-to-r from-primary-500 via-accent-400 to-primary-500 rounded-t-2xl\"\u001b[39m\n        \u001b[36m/>\u001b[39m\n        \u001b[36m<div\u001b[39m\n          \u001b[33mclass\u001b[39m=\u001b[32m\"bg-white dark:bg-navy-800 p-8 rounded-b-2xl shadow-xl dark:shadow-2xl border border-gray-200 dark:border-navy-600 border-t-0 transition-all duration-500\"\u001b[39m\n        \u001b[36m>\u001b[39m\n          \u001b[36m<img\u001b[39m\n            \u001b[33malt\u001b[39m=\u001b[32m\"OpenFootball\"\u001b[39m\n            \u001b[33mclass\u001b[39m=\u001b[32m\"text-center w-full h-full object-cover\"\u001b[39m\n            \u001b[33msrc\u001b[39m=\u001b[32m\"/openfootlogo.svg\"\u001b[39m\n          \u001b[36m/>\u001b[39m\n          \u001b[36m<div\u001b[39m\n            \u001b[33mclass\u001b[39m=\u001b[32m\"border-t border-gray-200 dark:border-navy-600 my-8 transition-colors duration-500\"\u001b[39m\n          \u001b[36m/>\u001b[39m\n          \u001b[36m<form\u001b[39m\n            \u001b[33mclass\u001b[39m=\u001b[32m\"flex flex-col gap-4\"\u001b[39m\n          \u001b[36m>\u001b[39m\n            \u001b[36m<div\u001b[39m\n              \u001b[33mclass\u001b[39m=\u001b[32m\"flex justify-between items-center mb-2\"\u001b[39m\n            \u001b[36m>\u001b[39m\n              \u001b[36m<h2\u001b[39m\n                \u001b[33mclass\u001b[39m=\u001b[32m\"text-xl font-heading font-bold uppercase tracking-wide text-gray-900 dark:text-white transition-colors\"\u001b[39m\n              \u001b[36m>\u001b[39m\n                \u001b[0mcreateManager.title\u001b[0m\n              \u001b[36m</h2>\u001b[39m\n              \u001b[36m<button\u001b[39m\n                \u001b[33mclass\u001b[39m=\u001b[32m\"text-gray-400 hover:text-gray-700 dark:hover:text-white transition-colors p-1 rounded-lg hover:bg-gray-100 dark:hover:bg-navy-600\"\u001b[39m\n                \u001b[33mtype\u001b[39m=\u001b[32m\"button\"\u001b[39m\n              \u001b[36m>\u001b[39m\n                \u001b[36m<svg\u001b[39m\n                  \u001b[33maria-hidden\u001b[39m=\u001b[32m\"true\"\u001b[39m\n                  \u001b[33mclass\u001b[39m=\u001b[32m\"lucide lucide-x w-5 h-5\"\u001b[39m\n                  \u001b[33mfill\u001b[39m=\u001b[32m\"none\"\u001b[39m\n                  \u001b[33mheight\u001b[39m=\u001b[32m\"24\"\u001b[39m\n                  \u001b[33mstroke\u001b[39m=\u001b[32m\"currentColor\"\u001b[39m\n                  \u001b[33mstroke-linecap\u001b[39m=\u001b[32m\"round\"\u001b[39m\n                  \u001b[33mstroke-linejoin\u001b[39m=\u001b[32m\"round\"\u001b[39m\n                  \u001b[33mstroke-width\u001b[39m=\u001b[32m\"2\"\u001b[39m\n                  \u001b[33mviewBox\u001b[39m=\u001b[32m\"0 0 24 24\"\u001b[39m\n                  \u001b[33mwidth\u001b[39m=\u001b[32m\"24\"\u001b[39m\n                  \u001b[33mxmlns\u001b[39m=\u001b[32m\"http://www.w3.org/2000/svg\"\u001b[39m\n                \u001b[36m>\u001b[39m\n                  \u001b[36m<path\u001b[39m\n                    \u001b[33md\u001b[39m=\u001b[32m\"M18 6 6 18\"\u001b[39m\n                  \u001b[36m/>\u001b[39m\n                  \u001b[36m<path\u001b[39m\n                    \u001b[33md\u001b[39m=\u001b[32m\"m6 6 12 12\"\u001b[39m\n                  \u001b[36m/>\u001b[39m\n                \u001b[36m</svg>\u001b[39m\n              \u001b[36m</button>\u001b[39m\n            \u001b[36m</div>\u001b[39m\n            \u001b[36m<div\u001b[39m\n              \u001b[33mclass\u001b[39m=\u001b[32m\"flex items-center gap-2 mb-1\"\u001b[39m\n            \u001b[36m>\u001b[39m\n              \u001b[36m<div\u001b[39m\n                \u001b[33mclass\u001b[39m=\u001b[32m\"flex items-center justify-center w-6 h-6 rounded-full bg-primary-500 text-white text-xs font-bold\"\u001b[39m\n              \u001b[36m>\u001b[39m\n                \u001b[0m1\u001b[0m\n              \u001b[36m</div>\u001b[39m\n              \u001b[36m<div\u001b[39m\n                \u001b[33mclass\u001b[39m=\u001b[32m\"h-0.5 flex-1 bg-gray-200 dark:bg-navy-600\"\u001b[39m\n              \u001b[36m/>\u001b[39m\n              \u001b[36m<div\u001b[39m\n                \u001b[33mclass\u001b[39m=\u001b[32m\"flex items-center justify-center w-6 h-6 rounded-full bg-gray-200 dark:bg-navy-600 text-gray-400 dark:text-gray-500 text-xs font-bold\"\u001b[39m\n              \u001b[36m>\u001b[39m\n                \u001b[0m2\u001b[0m\n              \u001b[36m</div>\u001b[39m\n            \u001b[36m</div>\u001b[39m\n            \u001b[36m<div\u001b[39m\n              \u001b[33mclass\u001b[39m=\u001b[32m\"flex gap-3\"\u001b[39m\n            \u001b[36m>\u001b[39m\n              \u001b[36m<div\u001b[39m\n                \u001b[33mclass\u001b[39m=\u001b[32m\"flex-1\"\u001b[39m\n                \u001b[33mid\u001b[39m=\u001b[32m\"create-manager-field-firstName\"\u001b[39m\n              \u001b[36m>\u001b[39m\n                \u001b[36m<label\u001b[39m\n                  \u001b[33mclass\u001b[39m=\u001b[32m\"block text-xs font-heading font-bold uppercase tracking-wider text-gray-500 dark:text-gray-400 mb-1.5\"\u001b[39m\n                \u001b[36m>\u001b[39m\n                  \u001b[0mcreateManager.firstName\u001b[0m\n                \u001b[36m</label>\u001b[39m\n                \u001b[36m<input\u001b[39m\n                  \u001b[33mclass\u001b[39m=\u001b[32m\"w-full bg-gray-50 dark:bg-navy-900 border text-gray-900 dark:text-white rounded-lg p-3 outline-none focus:ring-2 transition-all placeholder:text-gray-400 dark:placeholder:text-gray-500 border-gray-300 dark:border-navy-600 focus:border-primary-500 focus:ring-primary-500/20\"\u001b[39m\n                  \u001b[33mmaxlength\u001b[39m=\u001b[32m\"30\"\u001b[39m\n                  \u001b[33mplaceholder\u001b[39m=\u001b[32m\"createManager.placeholderFirst\"\u001b[39m\n                  \u001b[33mvalue\u001b[39m=\u001b[32m\"Ada\"\u001b[39m\n                \u001b[36m/>\u001b[39m\n              \u001b[36m</div>\u001b[39m\n              \u001b[36m<div\u001b[39m\n                \u001b[33mclass\u001b[39m=\u001b[32m\"flex-1\"\u001b[39m\n                \u001b[33mid\u001b[39m=\u001b[32m\"create-manager-field-lastName\"\u001b[39m\n              \u001b[36m>\u001b[39m\n                \u001b[36m<label\u001b[39m\n                  \u001b[33mclass\u001b[39m=\u001b[32m\"block text-xs font-heading font-bold uppercase tracking-wider text-gray-500 dark:text-gray-400 mb-1.5\"\u001b[39m\n                \u001b[36m>\u001b[39m\n                  \u001b[0mcreateManager.lastName\u001b[0m\n                \u001b[36m</label>\u001b[39m\n                \u001b[36m<input\u001b[39m\n                  \u001b[33mclass\u001b[39m=\u001b[32m\"w-full bg-gray-50 dark:bg-navy-900 border text-gray-900 dark:text-white rounded-lg p-3 outline-none focus:ring-2 transition-all placeholder:text-gray-400 dark:placeholder:text-gray-500 border-gray-300 dark:border-navy-600 focus:border-primary-500 focus:ring-primary-500/20\"\u001b[39m\n                  \u001b[33mmaxlength\u001b[39m=\u001b[32m\"30\"\u001b[39m\n                  \u001b[33mplaceholder\u001b[39m=\u001b[32m\"createManager.placeholderLast\"\u001b[39m\n                  \u001b[33mvalue\u001b[39m=\u001b[32m\"Lovelace\"\u001b[39m\n                \u001b[36m/>\u001b[39m\n              \u001b[36m</div>\u001b[39m\n            \u001b[36m</div>\u001b[39m\n            \u001b[36m<div\u001b[39m\n              \u001b[33mid\u001b[39m=\u001b[32m\"create-manager-field-dob\"\u001b[39m\n            \u001b[36m>\u001b[39m\n              \u001b[36m<label\u001b[39m\n                \u001b[33mclass\u001b[39m=\u001b[32m\"block text-xs font-heading font-bold uppercase tracking-wider text-gray-500 dark:text-gray-400 mb-1.5\"\u001b[39m\n              \u001b[36m>\u001b[39m\n                \u001b[0mcreateManager.dob\u001b[0m\n              \u001b[36m</label>\u001b[39m\n              \u001b[36m<input\u001b[39m\n                \u001b[33maria-label\u001b[39m=\u001b[32m\"manager-date-of-birth\"\u001b[39m\n                \u001b[33mvalue\u001b[39m=\u001b[32m\"1980-01-01\"\u001b[39m\n              \u001b[36m/>\u001b[39m\n            \u001b[36m</div>\u001b[39m\n            \u001b[36m<div\u001b[39m\n              \u001b[33mid\u001b[39m=\u001b[32m\"create-manager-field-nationality\"\u001b[39m\n            \u001b[36m>\u001b[39m\n              \u001b[36m<label\u001b[39m\n                \u001b[33mclass\u001b[39m=\u001b[32m\"block text-xs font-heading font-bold uppercase tracking-wider text-gray-500 dark:text-gray-400 mb-1.5\"\u001b[39m\n              \u001b[36m>\u001b[39m\n                \u001b[0mcreateManager.countryOfOrigin\u001b[0m\n              \u001b[36m</label>\u001b[39m\n              \u001b[36m<div\u001b[39m\n                \u001b[33mclass\u001b[39m=\u001b[32m\"relative\"\u001b[39m\n              \u001b[36m>\u001b[39m\n                \u001b[36m<button\u001b[39m\n                  \u001b[33mclass\u001b[39m=\u001b[32m\"w-full flex items-center justify-between bg-gray-50 dark:bg-navy-900 border text-left rounded-lg p-3 outline-none transition-all border-gray-300 dark:border-navy-600\"\u001b[39m\n                  \u001b[33mtype\u001b[39m=\u001b[32m\"button\"\u001b[39m\n                \u001b[36m>\u001b[39m\n                  \u001b[36m<span\u001b[39m\n                    \u001b[33mclass\u001b[39m=\u001b[32m\"text-gray-400 dark:text-gray-500\"\u001b[39m\n                  \u001b[36m>\u001b[39m\n                    \u001b[0mcreateManager.selectCountry\u001b[0m\n                  \u001b[36m</span>\u001b[39m\n                  \u001b[36m<svg\u001b[39m\n                    \u001b[33maria-hidden\u001b[39m=\u001b[32m\"true\"\u001b[39m\n                    \u001b[33mclass\u001b[39m=\u001b[32m\"lucide lucide-chevron-down w-4 h-4 text-gray-400 transition-transform\"\u001b[39m\n                    \u001b[33mfill\u001b[39m=\u001b[32m\"none\"\u001b[39m\n                    \u001b[33mheight\u001b[39m=\u001b[32m\"24\"\u001b[39m\n                    \u001b[33mstroke\u001b[39m=\u001b[32m\"currentColor\"\u001b[39m\n                    \u001b[33mstroke-linecap\u001b[39m=\u001b[32m\"round\"\u001b[39m\n                    \u001b[33mstroke-linejoin\u001b[39m=\u001b[32m\"round\"\u001b[39m\n                    \u001b[33mstroke-width\u001b[39m=\u001b[32m\"2\"\u001b[39m\n                    \u001b[33mviewBox\u001b[39m=\u001b[32m\"0 0 24 24\"\u001b[39m\n                    \u001b[33mwidth\u001b[39m=\u001b[32m\"24\"\u001b[39m\n                    \u001b[33mxmlns\u001b[39m=\u001b[32m\"http://www.w3.org/2000/svg\"\u001b[39m\n                  \u001b[36m>\u001b[39m\n                    \u001b[36m<path\u001b[39m\n                      \u001b[33md\u001b[39m=\u001b[32m\"m6 9 6 6 6-6\"\u001b[39m\n                    \u001b[36m/>\u001b[39m\n                  \u001b[36m</svg>\u001b[39m\n                \u001b[36m</button>\u001b[39m\n              \u001b[36m</div>\u001b[39m\n            \u001b[36m</div>\u001b[39m\n            \u001b[36m<button\u001b[39m\n              \u001b[33mclass\u001b[39m=\u001b[32m\"mt-2 w-full\"\u001b[39m\n              \u001b[33mtype\u001b[39m=\u001b[32m\"submit\"\u001b[39m\n              \u001b[33mvariant\u001b[39m=\u001b[32m\"primary\"\u001b[39m\n            \u001b[36m>\u001b[39m\n              \u001b[0mcreateManager.chooseWorld\u001b[0m\n            \u001b[36m</button>\u001b[39m\n          \u001b[36m</form>\u001b[39m\n        \u001b[36m</div>\u001b[39m\n      \u001b[36m</div>\u001b[39m\n      \u001b[36m<div\u001b[39m\n        \u001b[33mclass\u001b[39m=\u001b[32m\"absolute bottom-4 right-4 text-gray-400 dark:text-gray-600 text-xs font-heading uppercase tracking-widest transition-colors\"\u001b[39m\n      \u001b[36m>\u001b[39m\n        \u001b[0mapp.version\u001b[0m\n      \u001b[36m</div>\u001b[39m\n    \u001b[36m</div>\u001b[39m\n  \u001b[36m</div>\u001b[39m\n\u001b[36m</body>\u001b[39m\n    at Object.getElementError (C:\\Users\\pedre\\OneDrive\\Documentos\\dev\\openfootmanager\\node_modules\\@testing-library\\dom\\dist\\config.js:37:19)\n    at C:\\Users\\pedre\\OneDrive\\Documentos\\dev\\openfootmanager\\node_modules\\@testing-library\\dom\\dist\\query-helpers.js:76:38\n    at C:\\Users\\pedre\\OneDrive\\Documentos\\dev\\openfootmanager\\node_modules\\@testing-library\\dom\\dist\\query-helpers.js:52:17\n    at C:\\Users\\pedre\\OneDrive\\Documentos\\dev\\openfootmanager\\node_modules\\@testing-library\\dom\\dist\\query-helpers.js:95:19\n    at getNationalityTrigger (C:/Users/pedre/OneDrive/Documentos/dev/openfootmanager/src/pages/MainMenu.test.tsx:123:29)\n    at selectNationality (C:/Users/pedre/OneDrive/Documentos/dev/openfootmanager/src/pages/MainMenu.test.tsx:137:23)\n    at C:/Users/pedre/OneDrive/Documentos/dev/openfootmanager/src/pages/MainMenu.test.tsx:198:7\n    at file:///C:/Users/pedre/OneDrive/Documentos/dev/openfootmanager/node_modules/@vitest/runner/dist/chunk-artifact.js:2017:60\n    at file:///C:/Users/pedre/OneDrive/Documentos/dev/openfootmanager/node_modules/@vitest/runner/dist/chunk-artifact.js:302:11\n    at file:///C:/Users/pedre/OneDrive/Documentos/dev/openfootmanager/node_modules/@vitest/runner/dist/chunk-artifact.js:1893:26"],"meta":{},"tags":[]},{"ancestorTitles":["MainMenu"],"fullName":"MainMenu stores the nationality as an ISO code and continues the flow in fr","status":"failed","title":"stores the nationality as an ISO code and continues the flow in fr","duration":67.89009999999962,"failureMessages":["TestingLibraryElementError: Unable to find an element with the text: Country/Region of Origin. This could be because the text is broken up by multiple elements. In this case, you can provide a function for your text matcher to make your matcher more flexible.\n\nIgnored nodes: comments, script, style\n\u001b[36m<body>\u001b[39m\n  \u001b[36m<div>\u001b[39m\n    \u001b[36m<div\u001b[39m\n      \u001b[33mclass\u001b[39m=\u001b[32m\"min-h-screen flex items-center justify-center bg-gray-100 dark:bg-navy-900 transition-colors duration-500 relative overflow-x-hidden\"\u001b[39m\n    \u001b[36m>\u001b[39m\n      \u001b[36m<div\u001b[39m\n        \u001b[33mclass\u001b[39m=\u001b[32m\"absolute inset-0 overflow-hidden pointer-events-none\"\u001b[39m\n      \u001b[36m>\u001b[39m\n        \u001b[36m<div\u001b[39m\n          \u001b[33mclass\u001b[39m=\u001b[32m\"absolute -top-40 -right-40 w-96 h-96 bg-primary-500/10 dark:bg-primary-500/5 rounded-full blur-3xl\"\u001b[39m\n        \u001b[36m/>\u001b[39m\n        \u001b[36m<div\u001b[39m\n          \u001b[33mclass\u001b[39m=\u001b[32m\"absolute -bottom-40 -left-40 w-96 h-96 bg-accent-400/10 dark:bg-accent-400/5 rounded-full blur-3xl\"\u001b[39m\n        \u001b[36m/>\u001b[39m\n      \u001b[36m</div>\u001b[39m\n      \u001b[36m<div\u001b[39m\n        \u001b[33mdata-testid\u001b[39m=\u001b[32m\"theme-toggle\"\u001b[39m\n      \u001b[36m/>\u001b[39m\n      \u001b[36m<div\u001b[39m\n        \u001b[33mclass\u001b[39m=\u001b[32m\"relative z-10 w-full max-w-md\"\u001b[39m\n      \u001b[36m>\u001b[39m\n        \u001b[36m<div\u001b[39m\n          \u001b[33mclass\u001b[39m=\u001b[32m\"h-1.5 bg-gradient-to-r from-primary-500 via-accent-400 to-primary-500 rounded-t-2xl\"\u001b[39m\n        \u001b[36m/>\u001b[39m\n        \u001b[36m<div\u001b[39m\n          \u001b[33mclass\u001b[39m=\u001b[32m\"bg-white dark:bg-navy-800 p-8 rounded-b-2xl shadow-xl dark:shadow-2xl border border-gray-200 dark:border-navy-600 border-t-0 transition-all duration-500\"\u001b[39m\n        \u001b[36m>\u001b[39m\n          \u001b[36m<img\u001b[39m\n            \u001b[33malt\u001b[39m=\u001b[32m\"OpenFootball\"\u001b[39m\n            \u001b[33mclass\u001b[39m=\u001b[32m\"text-center w-full h-full object-cover\"\u001b[39m\n            \u001b[33msrc\u001b[39m=\u001b[32m\"/openfootlogo.svg\"\u001b[39m\n          \u001b[36m/>\u001b[39m\n          \u001b[36m<div\u001b[39m\n            \u001b[33mclass\u001b[39m=\u001b[32m\"border-t border-gray-200 dark:border-navy-600 my-8 transition-colors duration-500\"\u001b[39m\n          \u001b[36m/>\u001b[39m\n          \u001b[36m<form\u001b[39m\n            \u001b[33mclass\u001b[39m=\u001b[32m\"flex flex-col gap-4\"\u001b[39m\n          \u001b[36m>\u001b[39m\n            \u001b[36m<div\u001b[39m\n              \u001b[33mclass\u001b[39m=\u001b[32m\"flex justify-between items-center mb-2\"\u001b[39m\n            \u001b[36m>\u001b[39m\n              \u001b[36m<h2\u001b[39m\n                \u001b[33mclass\u001b[39m=\u001b[32m\"text-xl font-heading font-bold uppercase tracking-wide text-gray-900 dark:text-white transition-colors\"\u001b[39m\n              \u001b[36m>\u001b[39m\n                \u001b[0mcreateManager.title\u001b[0m\n              \u001b[36m</h2>\u001b[39m\n              \u001b[36m<button\u001b[39m\n                \u001b[33mclass\u001b[39m=\u001b[32m\"text-gray-400 hover:text-gray-700 dark:hover:text-white transition-colors p-1 rounded-lg hover:bg-gray-100 dark:hover:bg-navy-600\"\u001b[39m\n                \u001b[33mtype\u001b[39m=\u001b[32m\"button\"\u001b[39m\n              \u001b[36m>\u001b[39m\n                \u001b[36m<svg\u001b[39m\n                  \u001b[33maria-hidden\u001b[39m=\u001b[32m\"true\"\u001b[39m\n                  \u001b[33mclass\u001b[39m=\u001b[32m\"lucide lucide-x w-5 h-5\"\u001b[39m\n                  \u001b[33mfill\u001b[39m=\u001b[32m\"none\"\u001b[39m\n                  \u001b[33mheight\u001b[39m=\u001b[32m\"24\"\u001b[39m\n                  \u001b[33mstroke\u001b[39m=\u001b[32m\"currentColor\"\u001b[39m\n                  \u001b[33mstroke-linecap\u001b[39m=\u001b[32m\"round\"\u001b[39m\n                  \u001b[33mstroke-linejoin\u001b[39m=\u001b[32m\"round\"\u001b[39m\n                  \u001b[33mstroke-width\u001b[39m=\u001b[32m\"2\"\u001b[39m\n                  \u001b[33mviewBox\u001b[39m=\u001b[32m\"0 0 24 24\"\u001b[39m\n                  \u001b[33mwidth\u001b[39m=\u001b[32m\"24\"\u001b[39m\n                  \u001b[33mxmlns\u001b[39m=\u001b[32m\"http://www.w3.org/2000/svg\"\u001b[39m\n                \u001b[36m>\u001b[39m\n                  \u001b[36m<path\u001b[39m\n                    \u001b[33md\u001b[39m=\u001b[32m\"M18 6 6 18\"\u001b[39m\n                  \u001b[36m/>\u001b[39m\n                  \u001b[36m<path\u001b[39m\n                    \u001b[33md\u001b[39m=\u001b[32m\"m6 6 12 12\"\u001b[39m\n                  \u001b[36m/>\u001b[39m\n                \u001b[36m</svg>\u001b[39m\n              \u001b[36m</button>\u001b[39m\n            \u001b[36m</div>\u001b[39m\n            \u001b[36m<div\u001b[39m\n              \u001b[33mclass\u001b[39m=\u001b[32m\"flex items-center gap-2 mb-1\"\u001b[39m\n            \u001b[36m>\u001b[39m\n              \u001b[36m<div\u001b[39m\n                \u001b[33mclass\u001b[39m=\u001b[32m\"flex items-center justify-center w-6 h-6 rounded-full bg-primary-500 text-white text-xs font-bold\"\u001b[39m\n              \u001b[36m>\u001b[39m\n                \u001b[0m1\u001b[0m\n              \u001b[36m</div>\u001b[39m\n              \u001b[36m<div\u001b[39m\n                \u001b[33mclass\u001b[39m=\u001b[32m\"h-0.5 flex-1 bg-gray-200 dark:bg-navy-600\"\u001b[39m\n              \u001b[36m/>\u001b[39m\n              \u001b[36m<div\u001b[39m\n                \u001b[33mclass\u001b[39m=\u001b[32m\"flex items-center justify-center w-6 h-6 rounded-full bg-gray-200 dark:bg-navy-600 text-gray-400 dark:text-gray-500 text-xs font-bold\"\u001b[39m\n              \u001b[36m>\u001b[39m\n                \u001b[0m2\u001b[0m\n              \u001b[36m</div>\u001b[39m\n            \u001b[36m</div>\u001b[39m\n            \u001b[36m<div\u001b[39m\n              \u001b[33mclass\u001b[39m=\u001b[32m\"flex gap-3\"\u001b[39m\n            \u001b[36m>\u001b[39m\n              \u001b[36m<div\u001b[39m\n                \u001b[33mclass\u001b[39m=\u001b[32m\"flex-1\"\u001b[39m\n                \u001b[33mid\u001b[39m=\u001b[32m\"create-manager-field-firstName\"\u001b[39m\n              \u001b[36m>\u001b[39m\n                \u001b[36m<label\u001b[39m\n                  \u001b[33mclass\u001b[39m=\u001b[32m\"block text-xs font-heading font-bold uppercase tracking-wider text-gray-500 dark:text-gray-400 mb-1.5\"\u001b[39m\n                \u001b[36m>\u001b[39m\n                  \u001b[0mcreateManager.firstName\u001b[0m\n                \u001b[36m</label>\u001b[39m\n                \u001b[36m<input\u001b[39m\n                  \u001b[33mclass\u001b[39m=\u001b[32m\"w-full bg-gray-50 dark:bg-navy-900 border text-gray-900 dark:text-white rounded-lg p-3 outline-none focus:ring-2 transition-all placeholder:text-gray-400 dark:placeholder:text-gray-500 border-gray-300 dark:border-navy-600 focus:border-primary-500 focus:ring-primary-500/20\"\u001b[39m\n                  \u001b[33mmaxlength\u001b[39m=\u001b[32m\"30\"\u001b[39m\n                  \u001b[33mplaceholder\u001b[39m=\u001b[32m\"createManager.placeholderFirst\"\u001b[39m\n                  \u001b[33mvalue\u001b[39m=\u001b[32m\"Ada\"\u001b[39m\n                \u001b[36m/>\u001b[39m\n              \u001b[36m</div>\u001b[39m\n              \u001b[36m<div\u001b[39m\n                \u001b[33mclass\u001b[39m=\u001b[32m\"flex-1\"\u001b[39m\n                \u001b[33mid\u001b[39m=\u001b[32m\"create-manager-field-lastName\"\u001b[39m\n              \u001b[36m>\u001b[39m\n                \u001b[36m<label\u001b[39m\n                  \u001b[33mclass\u001b[39m=\u001b[32m\"block text-xs font-heading font-bold uppercase tracking-wider text-gray-500 dark:text-gray-400 mb-1.5\"\u001b[39m\n                \u001b[36m>\u001b[39m\n                  \u001b[0mcreateManager.lastName\u001b[0m\n                \u001b[36m</label>\u001b[39m\n                \u001b[36m<input\u001b[39m\n                  \u001b[33mclass\u001b[39m=\u001b[32m\"w-full bg-gray-50 dark:bg-navy-900 border text-gray-900 dark:text-white rounded-lg p-3 outline-none focus:ring-2 transition-all placeholder:text-gray-400 dark:placeholder:text-gray-500 border-gray-300 dark:border-navy-600 focus:border-primary-500 focus:ring-primary-500/20\"\u001b[39m\n                  \u001b[33mmaxlength\u001b[39m=\u001b[32m\"30\"\u001b[39m\n                  \u001b[33mplaceholder\u001b[39m=\u001b[32m\"createManager.placeholderLast\"\u001b[39m\n                  \u001b[33mvalue\u001b[39m=\u001b[32m\"Lovelace\"\u001b[39m\n                \u001b[36m/>\u001b[39m\n              \u001b[36m</div>\u001b[39m\n            \u001b[36m</div>\u001b[39m\n            \u001b[36m<div\u001b[39m\n              \u001b[33mid\u001b[39m=\u001b[32m\"create-manager-field-dob\"\u001b[39m\n            \u001b[36m>\u001b[39m\n              \u001b[36m<label\u001b[39m\n                \u001b[33mclass\u001b[39m=\u001b[32m\"block text-xs font-heading font-bold uppercase tracking-wider text-gray-500 dark:text-gray-400 mb-1.5\"\u001b[39m\n              \u001b[36m>\u001b[39m\n                \u001b[0mcreateManager.dob\u001b[0m\n              \u001b[36m</label>\u001b[39m\n              \u001b[36m<input\u001b[39m\n                \u001b[33maria-label\u001b[39m=\u001b[32m\"manager-date-of-birth\"\u001b[39m\n                \u001b[33mvalue\u001b[39m=\u001b[32m\"1980-01-01\"\u001b[39m\n              \u001b[36m/>\u001b[39m\n            \u001b[36m</div>\u001b[39m\n            \u001b[36m<div\u001b[39m\n              \u001b[33mid\u001b[39m=\u001b[32m\"create-manager-field-nationality\"\u001b[39m\n            \u001b[36m>\u001b[39m\n              \u001b[36m<label\u001b[39m\n                \u001b[33mclass\u001b[39m=\u001b[32m\"block text-xs font-heading font-bold uppercase tracking-wider text-gray-500 dark:text-gray-400 mb-1.5\"\u001b[39m\n              \u001b[36m>\u001b[39m\n                \u001b[0mcreateManager.countryOfOrigin\u001b[0m\n              \u001b[36m</label>\u001b[39m\n              \u001b[36m<div\u001b[39m\n                \u001b[33mclass\u001b[39m=\u001b[32m\"relative\"\u001b[39m\n              \u001b[36m>\u001b[39m\n                \u001b[36m<button\u001b[39m\n                  \u001b[33mclass\u001b[39m=\u001b[32m\"w-full flex items-center justify-between bg-gray-50 dark:bg-navy-900 border text-left rounded-lg p-3 outline-none transition-all border-gray-300 dark:border-navy-600\"\u001b[39m\n                  \u001b[33mtype\u001b[39m=\u001b[32m\"button\"\u001b[39m\n                \u001b[36m>\u001b[39m\n                  \u001b[36m<span\u001b[39m\n                    \u001b[33mclass\u001b[39m=\u001b[32m\"text-gray-400 dark:text-gray-500\"\u001b[39m\n                  \u001b[36m>\u001b[39m\n                    \u001b[0mcreateManager.selectCountry\u001b[0m\n                  \u001b[36m</span>\u001b[39m\n                  \u001b[36m<svg\u001b[39m\n                    \u001b[33maria-hidden\u001b[39m=\u001b[32m\"true\"\u001b[39m\n                    \u001b[33mclass\u001b[39m=\u001b[32m\"lucide lucide-chevron-down w-4 h-4 text-gray-400 transition-transform\"\u001b[39m\n                    \u001b[33mfill\u001b[39m=\u001b[32m\"none\"\u001b[39m\n                    \u001b[33mheight\u001b[39m=\u001b[32m\"24\"\u001b[39m\n                    \u001b[33mstroke\u001b[39m=\u001b[32m\"currentColor\"\u001b[39m\n                    \u001b[33mstroke-linecap\u001b[39m=\u001b[32m\"round\"\u001b[39m\n                    \u001b[33mstroke-linejoin\u001b[39m=\u001b[32m\"round\"\u001b[39m\n                    \u001b[33mstroke-width\u001b[39m=\u001b[32m\"2\"\u001b[39m\n                    \u001b[33mviewBox\u001b[39m=\u001b[32m\"0 0 24 24\"\u001b[39m\n                    \u001b[33mwidth\u001b[39m=\u001b[32m\"24\"\u001b[39m\n                    \u001b[33mxmlns\u001b[39m=\u001b[32m\"http://www.w3.org/2000/svg\"\u001b[39m\n                  \u001b[36m>\u001b[39m\n                    \u001b[36m<path\u001b[39m\n                      \u001b[33md\u001b[39m=\u001b[32m\"m6 9 6 6 6-6\"\u001b[39m\n                    \u001b[36m/>\u001b[39m\n                  \u001b[36m</svg>\u001b[39m\n                \u001b[36m</button>\u001b[39m\n              \u001b[36m</div>\u001b[39m\n            \u001b[36m</div>\u001b[39m\n            \u001b[36m<button\u001b[39m\n              \u001b[33mclass\u001b[39m=\u001b[32m\"mt-2 w-full\"\u001b[39m\n              \u001b[33mtype\u001b[39m=\u001b[32m\"submit\"\u001b[39m\n              \u001b[33mvariant\u001b[39m=\u001b[32m\"primary\"\u001b[39m\n            \u001b[36m>\u001b[39m\n              \u001b[0mcreateManager.chooseWorld\u001b[0m\n            \u001b[36m</button>\u001b[39m\n          \u001b[36m</form>\u001b[39m\n        \u001b[36m</div>\u001b[39m\n      \u001b[36m</div>\u001b[39m\n      \u001b[36m<div\u001b[39m\n        \u001b[33mclass\u001b[39m=\u001b[32m\"absolute bottom-4 right-4 text-gray-400 dark:text-gray-600 text-xs font-heading uppercase tracking-widest transition-colors\"\u001b[39m\n      \u001b[36m>\u001b[39m\n        \u001b[0mapp.version\u001b[0m\n      \u001b[36m</div>\u001b[39m\n    \u001b[36m</div>\u001b[39m\n  \u001b[36m</div>\u001b[39m\n\u001b[36m</body>\u001b[39m\n    at Object.getElementError (C:\\Users\\pedre\\OneDrive\\Documentos\\dev\\openfootmanager\\node_modules\\@testing-library\\dom\\dist\\config.js:37:19)\n    at C:\\Users\\pedre\\OneDrive\\Documentos\\dev\\openfootmanager\\node_modules\\@testing-library\\dom\\dist\\query-helpers.js:76:38\n    at C:\\Users\\pedre\\OneDrive\\Documentos\\dev\\openfootmanager\\node_modules\\@testing-library\\dom\\dist\\query-helpers.js:52:17\n    at C:\\Users\\pedre\\OneDrive\\Documentos\\dev\\openfootmanager\\node_modules\\@testing-library\\dom\\dist\\query-helpers.js:95:19\n    at getNationalityTrigger (C:/Users/pedre/OneDrive/Documentos/dev/openfootmanager/src/pages/MainMenu.test.tsx:123:29)\n    at selectNationality (C:/Users/pedre/OneDrive/Documentos/dev/openfootmanager/src/pages/MainMenu.test.tsx:137:23)\n    at C:/Users/pedre/OneDrive/Documentos/dev/openfootmanager/src/pages/MainMenu.test.tsx:198:7\n    at file:///C:/Users/pedre/OneDrive/Documentos/dev/openfootmanager/node_modules/@vitest/runner/dist/chunk-artifact.js:2017:60\n    at file:///C:/Users/pedre/OneDrive/Documentos/dev/openfootmanager/node_modules/@vitest/runner/dist/chunk-artifact.js:302:11\n    at file:///C:/Users/pedre/OneDrive/Documentos/dev/openfootmanager/node_modules/@vitest/runner/dist/chunk-artifact.js:1893:26"],"meta":{},"tags":[]},{"ancestorTitles":["MainMenu"],"fullName":"MainMenu stores the nationality as an ISO code and continues the flow in it","status":"failed","title":"stores the nationality as an ISO code and continues the flow in it","duration":81.36819999999989,"failureMessages":["TestingLibraryElementError: Unable to find an element with the text: Country/Region of Origin. This could be because the text is broken up by multiple elements. In this case, you can provide a function for your text matcher to make your matcher more flexible.\n\nIgnored nodes: comments, script, style\n\u001b[36m<body>\u001b[39m\n  \u001b[36m<div>\u001b[39m\n    \u001b[36m<div\u001b[39m\n      \u001b[33mclass\u001b[39m=\u001b[32m\"min-h-screen flex items-center justify-center bg-gray-100 dark:bg-navy-900 transition-colors duration-500 relative overflow-x-hidden\"\u001b[39m\n    \u001b[36m>\u001b[39m\n      \u001b[36m<div\u001b[39m\n        \u001b[33mclass\u001b[39m=\u001b[32m\"absolute inset-0 overflow-hidden pointer-events-none\"\u001b[39m\n      \u001b[36m>\u001b[39m\n        \u001b[36m<div\u001b[39m\n          \u001b[33mclass\u001b[39m=\u001b[32m\"absolute -top-40 -right-40 w-96 h-96 bg-primary-500/10 dark:bg-primary-500/5 rounded-full blur-3xl\"\u001b[39m\n        \u001b[36m/>\u001b[39m\n        \u001b[36m<div\u001b[39m\n          \u001b[33mclass\u001b[39m=\u001b[32m\"absolute -bottom-40 -left-40 w-96 h-96 bg-accent-400/10 dark:bg-accent-400/5 rounded-full blur-3xl\"\u001b[39m\n        \u001b[36m/>\u001b[39m\n      \u001b[36m</div>\u001b[39m\n      \u001b[36m<div\u001b[39m\n        \u001b[33mdata-testid\u001b[39m=\u001b[32m\"theme-toggle\"\u001b[39m\n      \u001b[36m/>\u001b[39m\n      \u001b[36m<div\u001b[39m\n        \u001b[33mclass\u001b[39m=\u001b[32m\"relative z-10 w-full max-w-md\"\u001b[39m\n      \u001b[36m>\u001b[39m\n        \u001b[36m<div\u001b[39m\n          \u001b[33mclass\u001b[39m=\u001b[32m\"h-1.5 bg-gradient-to-r from-primary-500 via-accent-400 to-primary-500 rounded-t-2xl\"\u001b[39m\n        \u001b[36m/>\u001b[39m\n        \u001b[36m<div\u001b[39m\n          \u001b[33mclass\u001b[39m=\u001b[32m\"bg-white dark:bg-navy-800 p-8 rounded-b-2xl shadow-xl dark:shadow-2xl border border-gray-200 dark:border-navy-600 border-t-0 transition-all duration-500\"\u001b[39m\n        \u001b[36m>\u001b[39m\n          \u001b[36m<img\u001b[39m\n            \u001b[33malt\u001b[39m=\u001b[32m\"OpenFootball\"\u001b[39m\n            \u001b[33mclass\u001b[39m=\u001b[32m\"text-center w-full h-full object-cover\"\u001b[39m\n            \u001b[33msrc\u001b[39m=\u001b[32m\"/openfootlogo.svg\"\u001b[39m\n          \u001b[36m/>\u001b[39m\n          \u001b[36m<div\u001b[39m\n            \u001b[33mclass\u001b[39m=\u001b[32m\"border-t border-gray-200 dark:border-navy-600 my-8 transition-colors duration-500\"\u001b[39m\n          \u001b[36m/>\u001b[39m\n          \u001b[36m<form\u001b[39m\n            \u001b[33mclass\u001b[39m=\u001b[32m\"flex flex-col gap-4\"\u001b[39m\n          \u001b[36m>\u001b[39m\n            \u001b[36m<div\u001b[39m\n              \u001b[33mclass\u001b[39m=\u001b[32m\"flex justify-between items-center mb-2\"\u001b[39m\n            \u001b[36m>\u001b[39m\n              \u001b[36m<h2\u001b[39m\n                \u001b[33mclass\u001b[39m=\u001b[32m\"text-xl font-heading font-bold uppercase tracking-wide text-gray-900 dark:text-white transition-colors\"\u001b[39m\n              \u001b[36m>\u001b[39m\n                \u001b[0mcreateManager.title\u001b[0m\n              \u001b[36m</h2>\u001b[39m\n              \u001b[36m<button\u001b[39m\n                \u001b[33mclass\u001b[39m=\u001b[32m\"text-gray-400 hover:text-gray-700 dark:hover:text-white transition-colors p-1 rounded-lg hover:bg-gray-100 dark:hover:bg-navy-600\"\u001b[39m\n                \u001b[33mtype\u001b[39m=\u001b[32m\"button\"\u001b[39m\n              \u001b[36m>\u001b[39m\n                \u001b[36m<svg\u001b[39m\n                  \u001b[33maria-hidden\u001b[39m=\u001b[32m\"true\"\u001b[39m\n                  \u001b[33mclass\u001b[39m=\u001b[32m\"lucide lucide-x w-5 h-5\"\u001b[39m\n                  \u001b[33mfill\u001b[39m=\u001b[32m\"none\"\u001b[39m\n                  \u001b[33mheight\u001b[39m=\u001b[32m\"24\"\u001b[39m\n                  \u001b[33mstroke\u001b[39m=\u001b[32m\"currentColor\"\u001b[39m\n                  \u001b[33mstroke-linecap\u001b[39m=\u001b[32m\"round\"\u001b[39m\n                  \u001b[33mstroke-linejoin\u001b[39m=\u001b[32m\"round\"\u001b[39m\n                  \u001b[33mstroke-width\u001b[39m=\u001b[32m\"2\"\u001b[39m\n                  \u001b[33mviewBox\u001b[39m=\u001b[32m\"0 0 24 24\"\u001b[39m\n                  \u001b[33mwidth\u001b[39m=\u001b[32m\"24\"\u001b[39m\n                  \u001b[33mxmlns\u001b[39m=\u001b[32m\"http://www.w3.org/2000/svg\"\u001b[39m\n                \u001b[36m>\u001b[39m\n                  \u001b[36m<path\u001b[39m\n                    \u001b[33md\u001b[39m=\u001b[32m\"M18 6 6 18\"\u001b[39m\n                  \u001b[36m/>\u001b[39m\n                  \u001b[36m<path\u001b[39m\n                    \u001b[33md\u001b[39m=\u001b[32m\"m6 6 12 12\"\u001b[39m\n                  \u001b[36m/>\u001b[39m\n                \u001b[36m</svg>\u001b[39m\n              \u001b[36m</button>\u001b[39m\n            \u001b[36m</div>\u001b[39m\n            \u001b[36m<div\u001b[39m\n              \u001b[33mclass\u001b[39m=\u001b[32m\"flex items-center gap-2 mb-1\"\u001b[39m\n            \u001b[36m>\u001b[39m\n              \u001b[36m<div\u001b[39m\n                \u001b[33mclass\u001b[39m=\u001b[32m\"flex items-center justify-center w-6 h-6 rounded-full bg-primary-500 text-white text-xs font-bold\"\u001b[39m\n              \u001b[36m>\u001b[39m\n                \u001b[0m1\u001b[0m\n              \u001b[36m</div>\u001b[39m\n              \u001b[36m<div\u001b[39m\n                \u001b[33mclass\u001b[39m=\u001b[32m\"h-0.5 flex-1 bg-gray-200 dark:bg-navy-600\"\u001b[39m\n              \u001b[36m/>\u001b[39m\n              \u001b[36m<div\u001b[39m\n                \u001b[33mclass\u001b[39m=\u001b[32m\"flex items-center justify-center w-6 h-6 rounded-full bg-gray-200 dark:bg-navy-600 text-gray-400 dark:text-gray-500 text-xs font-bold\"\u001b[39m\n              \u001b[36m>\u001b[39m\n                \u001b[0m2\u001b[0m\n              \u001b[36m</div>\u001b[39m\n            \u001b[36m</div>\u001b[39m\n            \u001b[36m<div\u001b[39m\n              \u001b[33mclass\u001b[39m=\u001b[32m\"flex gap-3\"\u001b[39m\n            \u001b[36m>\u001b[39m\n              \u001b[36m<div\u001b[39m\n                \u001b[33mclass\u001b[39m=\u001b[32m\"flex-1\"\u001b[39m\n                \u001b[33mid\u001b[39m=\u001b[32m\"create-manager-field-firstName\"\u001b[39m\n              \u001b[36m>\u001b[39m\n                \u001b[36m<label\u001b[39m\n                  \u001b[33mclass\u001b[39m=\u001b[32m\"block text-xs font-heading font-bold uppercase tracking-wider text-gray-500 dark:text-gray-400 mb-1.5\"\u001b[39m\n                \u001b[36m>\u001b[39m\n                  \u001b[0mcreateManager.firstName\u001b[0m\n                \u001b[36m</label>\u001b[39m\n                \u001b[36m<input\u001b[39m\n                  \u001b[33mclass\u001b[39m=\u001b[32m\"w-full bg-gray-50 dark:bg-navy-900 border text-gray-900 dark:text-white rounded-lg p-3 outline-none focus:ring-2 transition-all placeholder:text-gray-400 dark:placeholder:text-gray-500 border-gray-300 dark:border-navy-600 focus:border-primary-500 focus:ring-primary-500/20\"\u001b[39m\n                  \u001b[33mmaxlength\u001b[39m=\u001b[32m\"30\"\u001b[39m\n                  \u001b[33mplaceholder\u001b[39m=\u001b[32m\"createManager.placeholderFirst\"\u001b[39m\n                  \u001b[33mvalue\u001b[39m=\u001b[32m\"Ada\"\u001b[39m\n                \u001b[36m/>\u001b[39m\n              \u001b[36m</div>\u001b[39m\n              \u001b[36m<div\u001b[39m\n                \u001b[33mclass\u001b[39m=\u001b[32m\"flex-1\"\u001b[39m\n                \u001b[33mid\u001b[39m=\u001b[32m\"create-manager-field-lastName\"\u001b[39m\n              \u001b[36m>\u001b[39m\n                \u001b[36m<label\u001b[39m\n                  \u001b[33mclass\u001b[39m=\u001b[32m\"block text-xs font-heading font-bold uppercase tracking-wider text-gray-500 dark:text-gray-400 mb-1.5\"\u001b[39m\n                \u001b[36m>\u001b[39m\n                  \u001b[0mcreateManager.lastName\u001b[0m\n                \u001b[36m</label>\u001b[39m\n                \u001b[36m<input\u001b[39m\n                  \u001b[33mclass\u001b[39m=\u001b[32m\"w-full bg-gray-50 dark:bg-navy-900 border text-gray-900 dark:text-white rounded-lg p-3 outline-none focus:ring-2 transition-all placeholder:text-gray-400 dark:placeholder:text-gray-500 border-gray-300 dark:border-navy-600 focus:border-primary-500 focus:ring-primary-500/20\"\u001b[39m\n                  \u001b[33mmaxlength\u001b[39m=\u001b[32m\"30\"\u001b[39m\n                  \u001b[33mplaceholder\u001b[39m=\u001b[32m\"createManager.placeholderLast\"\u001b[39m\n                  \u001b[33mvalue\u001b[39m=\u001b[32m\"Lovelace\"\u001b[39m\n                \u001b[36m/>\u001b[39m\n              \u001b[36m</div>\u001b[39m\n            \u001b[36m</div>\u001b[39m\n            \u001b[36m<div\u001b[39m\n              \u001b[33mid\u001b[39m=\u001b[32m\"create-manager-field-dob\"\u001b[39m\n            \u001b[36m>\u001b[39m\n              \u001b[36m<label\u001b[39m\n                \u001b[33mclass\u001b[39m=\u001b[32m\"block text-xs font-heading font-bold uppercase tracking-wider text-gray-500 dark:text-gray-400 mb-1.5\"\u001b[39m\n              \u001b[36m>\u001b[39m\n                \u001b[0mcreateManager.dob\u001b[0m\n              \u001b[36m</label>\u001b[39m\n              \u001b[36m<input\u001b[39m\n                \u001b[33maria-label\u001b[39m=\u001b[32m\"manager-date-of-birth\"\u001b[39m\n                \u001b[33mvalue\u001b[39m=\u001b[32m\"1980-01-01\"\u001b[39m\n              \u001b[36m/>\u001b[39m\n            \u001b[36m</div>\u001b[39m\n            \u001b[36m<div\u001b[39m\n              \u001b[33mid\u001b[39m=\u001b[32m\"create-manager-field-nationality\"\u001b[39m\n            \u001b[36m>\u001b[39m\n              \u001b[36m<label\u001b[39m\n                \u001b[33mclass\u001b[39m=\u001b[32m\"block text-xs font-heading font-bold uppercase tracking-wider text-gray-500 dark:text-gray-400 mb-1.5\"\u001b[39m\n              \u001b[36m>\u001b[39m\n                \u001b[0mcreateManager.countryOfOrigin\u001b[0m\n              \u001b[36m</label>\u001b[39m\n              \u001b[36m<div\u001b[39m\n                \u001b[33mclass\u001b[39m=\u001b[32m\"relative\"\u001b[39m\n              \u001b[36m>\u001b[39m\n                \u001b[36m<button\u001b[39m\n                  \u001b[33mclass\u001b[39m=\u001b[32m\"w-full flex items-center justify-between bg-gray-50 dark:bg-navy-900 border text-left rounded-lg p-3 outline-none transition-all border-gray-300 dark:border-navy-600\"\u001b[39m\n                  \u001b[33mtype\u001b[39m=\u001b[32m\"button\"\u001b[39m\n                \u001b[36m>\u001b[39m\n                  \u001b[36m<span\u001b[39m\n                    \u001b[33mclass\u001b[39m=\u001b[32m\"text-gray-400 dark:text-gray-500\"\u001b[39m\n                  \u001b[36m>\u001b[39m\n                    \u001b[0mcreateManager.selectCountry\u001b[0m\n                  \u001b[36m</span>\u001b[39m\n                  \u001b[36m<svg\u001b[39m\n                    \u001b[33maria-hidden\u001b[39m=\u001b[32m\"true\"\u001b[39m\n                    \u001b[33mclass\u001b[39m=\u001b[32m\"lucide lucide-chevron-down w-4 h-4 text-gray-400 transition-transform\"\u001b[39m\n                    \u001b[33mfill\u001b[39m=\u001b[32m\"none\"\u001b[39m\n                    \u001b[33mheight\u001b[39m=\u001b[32m\"24\"\u001b[39m\n                    \u001b[33mstroke\u001b[39m=\u001b[32m\"currentColor\"\u001b[39m\n                    \u001b[33mstroke-linecap\u001b[39m=\u001b[32m\"round\"\u001b[39m\n                    \u001b[33mstroke-linejoin\u001b[39m=\u001b[32m\"round\"\u001b[39m\n                    \u001b[33mstroke-width\u001b[39m=\u001b[32m\"2\"\u001b[39m\n                    \u001b[33mviewBox\u001b[39m=\u001b[32m\"0 0 24 24\"\u001b[39m\n                    \u001b[33mwidth\u001b[39m=\u001b[32m\"24\"\u001b[39m\n                    \u001b[33mxmlns\u001b[39m=\u001b[32m\"http://www.w3.org/2000/svg\"\u001b[39m\n                  \u001b[36m>\u001b[39m\n                    \u001b[36m<path\u001b[39m\n                      \u001b[33md\u001b[39m=\u001b[32m\"m6 9 6 6 6-6\"\u001b[39m\n                    \u001b[36m/>\u001b[39m\n                  \u001b[36m</svg>\u001b[39m\n                \u001b[36m</button>\u001b[39m\n              \u001b[36m</div>\u001b[39m\n            \u001b[36m</div>\u001b[39m\n            \u001b[36m<button\u001b[39m\n              \u001b[33mclass\u001b[39m=\u001b[32m\"mt-2 w-full\"\u001b[39m\n              \u001b[33mtype\u001b[39m=\u001b[32m\"submit\"\u001b[39m\n              \u001b[33mvariant\u001b[39m=\u001b[32m\"primary\"\u001b[39m\n            \u001b[36m>\u001b[39m\n              \u001b[0mcreateManager.chooseWorld\u001b[0m\n            \u001b[36m</button>\u001b[39m\n          \u001b[36m</form>\u001b[39m\n        \u001b[36m</div>\u001b[39m\n      \u001b[36m</div>\u001b[39m\n      \u001b[36m<div\u001b[39m\n        \u001b[33mclass\u001b[39m=\u001b[32m\"absolute bottom-4 right-4 text-gray-400 dark:text-gray-600 text-xs font-heading uppercase tracking-widest transition-colors\"\u001b[39m\n      \u001b[36m>\u001b[39m\n        \u001b[0mapp.version\u001b[0m\n      \u001b[36m</div>\u001b[39m\n    \u001b[36m</div>\u001b[39m\n  \u001b[36m</div>\u001b[39m\n\u001b[36m</body>\u001b[39m\n    at Object.getElementError (C:\\Users\\pedre\\OneDrive\\Documentos\\dev\\openfootmanager\\node_modules\\@testing-library\\dom\\dist\\config.js:37:19)\n    at C:\\Users\\pedre\\OneDrive\\Documentos\\dev\\openfootmanager\\node_modules\\@testing-library\\dom\\dist\\query-helpers.js:76:38\n    at C:\\Users\\pedre\\OneDrive\\Documentos\\dev\\openfootmanager\\node_modules\\@testing-library\\dom\\dist\\query-helpers.js:52:17\n    at C:\\Users\\pedre\\OneDrive\\Documentos\\dev\\openfootmanager\\node_modules\\@testing-library\\dom\\dist\\query-helpers.js:95:19\n    at getNationalityTrigger (C:/Users/pedre/OneDrive/Documentos/dev/openfootmanager/src/pages/MainMenu.test.tsx:123:29)\n    at selectNationality (C:/Users/pedre/OneDrive/Documentos/dev/openfootmanager/src/pages/MainMenu.test.tsx:137:23)\n    at C:/Users/pedre/OneDrive/Documentos/dev/openfootmanager/src/pages/MainMenu.test.tsx:198:7\n    at file:///C:/Users/pedre/OneDrive/Documentos/dev/openfootmanager/node_modules/@vitest/runner/dist/chunk-artifact.js:2017:60\n    at file:///C:/Users/pedre/OneDrive/Documentos/dev/openfootmanager/node_modules/@vitest/runner/dist/chunk-artifact.js:302:11\n    at file:///C:/Users/pedre/OneDrive/Documentos/dev/openfootmanager/node_modules/@vitest/runner/dist/chunk-artifact.js:1893:26"],"meta":{},"tags":[]},{"ancestorTitles":["MainMenu"],"fullName":"MainMenu stores the nationality as an ISO code and continues the flow in pt","status":"failed","title":"stores the nationality as an ISO code and continues the flow in pt","duration":49.6218000000008,"failureMessages":["TestingLibraryElementError: Unable to find an element with the text: Country/Region of Origin. This could be because the text is broken up by multiple elements. In this case, you can provide a function for your text matcher to make your matcher more flexible.\n\nIgnored nodes: comments, script, style\n\u001b[36m<body>\u001b[39m\n  \u001b[36m<div>\u001b[39m\n    \u001b[36m<div\u001b[39m\n      \u001b[33mclass\u001b[39m=\u001b[32m\"min-h-screen flex items-center justify-center bg-gray-100 dark:bg-navy-900 transition-colors duration-500 relative overflow-x-hidden\"\u001b[39m\n    \u001b[36m>\u001b[39m\n      \u001b[36m<div\u001b[39m\n        \u001b[33mclass\u001b[39m=\u001b[32m\"absolute inset-0 overflow-hidden pointer-events-none\"\u001b[39m\n      \u001b[36m>\u001b[39m\n        \u001b[36m<div\u001b[39m\n          \u001b[33mclass\u001b[39m=\u001b[32m\"absolute -top-40 -right-40 w-96 h-96 bg-primary-500/10 dark:bg-primary-500/5 rounded-full blur-3xl\"\u001b[39m\n        \u001b[36m/>\u001b[39m\n        \u001b[36m<div\u001b[39m\n          \u001b[33mclass\u001b[39m=\u001b[32m\"absolute -bottom-40 -left-40 w-96 h-96 bg-accent-400/10 dark:bg-accent-400/5 rounded-full blur-3xl\"\u001b[39m\n        \u001b[36m/>\u001b[39m\n      \u001b[36m</div>\u001b[39m\n      \u001b[36m<div\u001b[39m\n        \u001b[33mdata-testid\u001b[39m=\u001b[32m\"theme-toggle\"\u001b[39m\n      \u001b[36m/>\u001b[39m\n      \u001b[36m<div\u001b[39m\n        \u001b[33mclass\u001b[39m=\u001b[32m\"relative z-10 w-full max-w-md\"\u001b[39m\n      \u001b[36m>\u001b[39m\n        \u001b[36m<div\u001b[39m\n          \u001b[33mclass\u001b[39m=\u001b[32m\"h-1.5 bg-gradient-to-r from-primary-500 via-accent-400 to-primary-500 rounded-t-2xl\"\u001b[39m\n        \u001b[36m/>\u001b[39m\n        \u001b[36m<div\u001b[39m\n          \u001b[33mclass\u001b[39m=\u001b[32m\"bg-white dark:bg-navy-800 p-8 rounded-b-2xl shadow-xl dark:shadow-2xl border border-gray-200 dark:border-navy-600 border-t-0 transition-all duration-500\"\u001b[39m\n        \u001b[36m>\u001b[39m\n          \u001b[36m<img\u001b[39m\n            \u001b[33malt\u001b[39m=\u001b[32m\"OpenFootball\"\u001b[39m\n            \u001b[33mclass\u001b[39m=\u001b[32m\"text-center w-full h-full object-cover\"\u001b[39m\n            \u001b[33msrc\u001b[39m=\u001b[32m\"/openfootlogo.svg\"\u001b[39m\n          \u001b[36m/>\u001b[39m\n          \u001b[36m<div\u001b[39m\n            \u001b[33mclass\u001b[39m=\u001b[32m\"border-t border-gray-200 dark:border-navy-600 my-8 transition-colors duration-500\"\u001b[39m\n          \u001b[36m/>\u001b[39m\n          \u001b[36m<form\u001b[39m\n            \u001b[33mclass\u001b[39m=\u001b[32m\"flex flex-col gap-4\"\u001b[39m\n          \u001b[36m>\u001b[39m\n            \u001b[36m<div\u001b[39m\n              \u001b[33mclass\u001b[39m=\u001b[32m\"flex justify-between items-center mb-2\"\u001b[39m\n            \u001b[36m>\u001b[39m\n              \u001b[36m<h2\u001b[39m\n                \u001b[33mclass\u001b[39m=\u001b[32m\"text-xl font-heading font-bold uppercase tracking-wide text-gray-900 dark:text-white transition-colors\"\u001b[39m\n              \u001b[36m>\u001b[39m\n                \u001b[0mcreateManager.title\u001b[0m\n              \u001b[36m</h2>\u001b[39m\n              \u001b[36m<button\u001b[39m\n                \u001b[33mclass\u001b[39m=\u001b[32m\"text-gray-400 hover:text-gray-700 dark:hover:text-white transition-colors p-1 rounded-lg hover:bg-gray-100 dark:hover:bg-navy-600\"\u001b[39m\n                \u001b[33mtype\u001b[39m=\u001b[32m\"button\"\u001b[39m\n              \u001b[36m>\u001b[39m\n                \u001b[36m<svg\u001b[39m\n                  \u001b[33maria-hidden\u001b[39m=\u001b[32m\"true\"\u001b[39m\n                  \u001b[33mclass\u001b[39m=\u001b[32m\"lucide lucide-x w-5 h-5\"\u001b[39m\n                  \u001b[33mfill\u001b[39m=\u001b[32m\"none\"\u001b[39m\n                  \u001b[33mheight\u001b[39m=\u001b[32m\"24\"\u001b[39m\n                  \u001b[33mstroke\u001b[39m=\u001b[32m\"currentColor\"\u001b[39m\n                  \u001b[33mstroke-linecap\u001b[39m=\u001b[32m\"round\"\u001b[39m\n                  \u001b[33mstroke-linejoin\u001b[39m=\u001b[32m\"round\"\u001b[39m\n                  \u001b[33mstroke-width\u001b[39m=\u001b[32m\"2\"\u001b[39m\n                  \u001b[33mviewBox\u001b[39m=\u001b[32m\"0 0 24 24\"\u001b[39m\n                  \u001b[33mwidth\u001b[39m=\u001b[32m\"24\"\u001b[39m\n                  \u001b[33mxmlns\u001b[39m=\u001b[32m\"http://www.w3.org/2000/svg\"\u001b[39m\n                \u001b[36m>\u001b[39m\n                  \u001b[36m<path\u001b[39m\n                    \u001b[33md\u001b[39m=\u001b[32m\"M18 6 6 18\"\u001b[39m\n                  \u001b[36m/>\u001b[39m\n                  \u001b[36m<path\u001b[39m\n                    \u001b[33md\u001b[39m=\u001b[32m\"m6 6 12 12\"\u001b[39m\n                  \u001b[36m/>\u001b[39m\n                \u001b[36m</svg>\u001b[39m\n              \u001b[36m</button>\u001b[39m\n            \u001b[36m</div>\u001b[39m\n            \u001b[36m<div\u001b[39m\n              \u001b[33mclass\u001b[39m=\u001b[32m\"flex items-center gap-2 mb-1\"\u001b[39m\n            \u001b[36m>\u001b[39m\n              \u001b[36m<div\u001b[39m\n                \u001b[33mclass\u001b[39m=\u001b[32m\"flex items-center justify-center w-6 h-6 rounded-full bg-primary-500 text-white text-xs font-bold\"\u001b[39m\n              \u001b[36m>\u001b[39m\n                \u001b[0m1\u001b[0m\n              \u001b[36m</div>\u001b[39m\n              \u001b[36m<div\u001b[39m\n                \u001b[33mclass\u001b[39m=\u001b[32m\"h-0.5 flex-1 bg-gray-200 dark:bg-navy-600\"\u001b[39m\n              \u001b[36m/>\u001b[39m\n              \u001b[36m<div\u001b[39m\n                \u001b[33mclass\u001b[39m=\u001b[32m\"flex items-center justify-center w-6 h-6 rounded-full bg-gray-200 dark:bg-navy-600 text-gray-400 dark:text-gray-500 text-xs font-bold\"\u001b[39m\n              \u001b[36m>\u001b[39m\n                \u001b[0m2\u001b[0m\n              \u001b[36m</div>\u001b[39m\n            \u001b[36m</div>\u001b[39m\n            \u001b[36m<div\u001b[39m\n              \u001b[33mclass\u001b[39m=\u001b[32m\"flex gap-3\"\u001b[39m\n            \u001b[36m>\u001b[39m\n              \u001b[36m<div\u001b[39m\n                \u001b[33mclass\u001b[39m=\u001b[32m\"flex-1\"\u001b[39m\n                \u001b[33mid\u001b[39m=\u001b[32m\"create-manager-field-firstName\"\u001b[39m\n              \u001b[36m>\u001b[39m\n                \u001b[36m<label\u001b[39m\n                  \u001b[33mclass\u001b[39m=\u001b[32m\"block text-xs font-heading font-bold uppercase tracking-wider text-gray-500 dark:text-gray-400 mb-1.5\"\u001b[39m\n                \u001b[36m>\u001b[39m\n                  \u001b[0mcreateManager.firstName\u001b[0m\n                \u001b[36m</label>\u001b[39m\n                \u001b[36m<input\u001b[39m\n                  \u001b[33mclass\u001b[39m=\u001b[32m\"w-full bg-gray-50 dark:bg-navy-900 border text-gray-900 dark:text-white rounded-lg p-3 outline-none focus:ring-2 transition-all placeholder:text-gray-400 dark:placeholder:text-gray-500 border-gray-300 dark:border-navy-600 focus:border-primary-500 focus:ring-primary-500/20\"\u001b[39m\n                  \u001b[33mmaxlength\u001b[39m=\u001b[32m\"30\"\u001b[39m\n                  \u001b[33mplaceholder\u001b[39m=\u001b[32m\"createManager.placeholderFirst\"\u001b[39m\n                  \u001b[33mvalue\u001b[39m=\u001b[32m\"Ada\"\u001b[39m\n                \u001b[36m/>\u001b[39m\n              \u001b[36m</div>\u001b[39m\n              \u001b[36m<div\u001b[39m\n                \u001b[33mclass\u001b[39m=\u001b[32m\"flex-1\"\u001b[39m\n                \u001b[33mid\u001b[39m=\u001b[32m\"create-manager-field-lastName\"\u001b[39m\n              \u001b[36m>\u001b[39m\n                \u001b[36m<label\u001b[39m\n                  \u001b[33mclass\u001b[39m=\u001b[32m\"block text-xs font-heading font-bold uppercase tracking-wider text-gray-500 dark:text-gray-400 mb-1.5\"\u001b[39m\n                \u001b[36m>\u001b[39m\n                  \u001b[0mcreateManager.lastName\u001b[0m\n                \u001b[36m</label>\u001b[39m\n                \u001b[36m<input\u001b[39m\n                  \u001b[33mclass\u001b[39m=\u001b[32m\"w-full bg-gray-50 dark:bg-navy-900 border text-gray-900 dark:text-white rounded-lg p-3 outline-none focus:ring-2 transition-all placeholder:text-gray-400 dark:placeholder:text-gray-500 border-gray-300 dark:border-navy-600 focus:border-primary-500 focus:ring-primary-500/20\"\u001b[39m\n                  \u001b[33mmaxlength\u001b[39m=\u001b[32m\"30\"\u001b[39m\n                  \u001b[33mplaceholder\u001b[39m=\u001b[32m\"createManager.placeholderLast\"\u001b[39m\n                  \u001b[33mvalue\u001b[39m=\u001b[32m\"Lovelace\"\u001b[39m\n                \u001b[36m/>\u001b[39m\n              \u001b[36m</div>\u001b[39m\n            \u001b[36m</div>\u001b[39m\n            \u001b[36m<div\u001b[39m\n              \u001b[33mid\u001b[39m=\u001b[32m\"create-manager-field-dob\"\u001b[39m\n            \u001b[36m>\u001b[39m\n              \u001b[36m<label\u001b[39m\n                \u001b[33mclass\u001b[39m=\u001b[32m\"block text-xs font-heading font-bold uppercase tracking-wider text-gray-500 dark:text-gray-400 mb-1.5\"\u001b[39m\n              \u001b[36m>\u001b[39m\n                \u001b[0mcreateManager.dob\u001b[0m\n              \u001b[36m</label>\u001b[39m\n              \u001b[36m<input\u001b[39m\n                \u001b[33maria-label\u001b[39m=\u001b[32m\"manager-date-of-birth\"\u001b[39m\n                \u001b[33mvalue\u001b[39m=\u001b[32m\"1980-01-01\"\u001b[39m\n              \u001b[36m/>\u001b[39m\n            \u001b[36m</div>\u001b[39m\n            \u001b[36m<div\u001b[39m\n              \u001b[33mid\u001b[39m=\u001b[32m\"create-manager-field-nationality\"\u001b[39m\n            \u001b[36m>\u001b[39m\n              \u001b[36m<label\u001b[39m\n                \u001b[33mclass\u001b[39m=\u001b[32m\"block text-xs font-heading font-bold uppercase tracking-wider text-gray-500 dark:text-gray-400 mb-1.5\"\u001b[39m\n              \u001b[36m>\u001b[39m\n                \u001b[0mcreateManager.countryOfOrigin\u001b[0m\n              \u001b[36m</label>\u001b[39m\n              \u001b[36m<div\u001b[39m\n                \u001b[33mclass\u001b[39m=\u001b[32m\"relative\"\u001b[39m\n              \u001b[36m>\u001b[39m\n                \u001b[36m<button\u001b[39m\n                  \u001b[33mclass\u001b[39m=\u001b[32m\"w-full flex items-center justify-between bg-gray-50 dark:bg-navy-900 border text-left rounded-lg p-3 outline-none transition-all border-gray-300 dark:border-navy-600\"\u001b[39m\n                  \u001b[33mtype\u001b[39m=\u001b[32m\"button\"\u001b[39m\n                \u001b[36m>\u001b[39m\n                  \u001b[36m<span\u001b[39m\n                    \u001b[33mclass\u001b[39m=\u001b[32m\"text-gray-400 dark:text-gray-500\"\u001b[39m\n                  \u001b[36m>\u001b[39m\n                    \u001b[0mcreateManager.selectCountry\u001b[0m\n                  \u001b[36m</span>\u001b[39m\n                  \u001b[36m<svg\u001b[39m\n                    \u001b[33maria-hidden\u001b[39m=\u001b[32m\"true\"\u001b[39m\n                    \u001b[33mclass\u001b[39m=\u001b[32m\"lucide lucide-chevron-down w-4 h-4 text-gray-400 transition-transform\"\u001b[39m\n                    \u001b[33mfill\u001b[39m=\u001b[32m\"none\"\u001b[39m\n                    \u001b[33mheight\u001b[39m=\u001b[32m\"24\"\u001b[39m\n                    \u001b[33mstroke\u001b[39m=\u001b[32m\"currentColor\"\u001b[39m\n                    \u001b[33mstroke-linecap\u001b[39m=\u001b[32m\"round\"\u001b[39m\n                    \u001b[33mstroke-linejoin\u001b[39m=\u001b[32m\"round\"\u001b[39m\n                    \u001b[33mstroke-width\u001b[39m=\u001b[32m\"2\"\u001b[39m\n                    \u001b[33mviewBox\u001b[39m=\u001b[32m\"0 0 24 24\"\u001b[39m\n                    \u001b[33mwidth\u001b[39m=\u001b[32m\"24\"\u001b[39m\n                    \u001b[33mxmlns\u001b[39m=\u001b[32m\"http://www.w3.org/2000/svg\"\u001b[39m\n                  \u001b[36m>\u001b[39m\n                    \u001b[36m<path\u001b[39m\n                      \u001b[33md\u001b[39m=\u001b[32m\"m6 9 6 6 6-6\"\u001b[39m\n                    \u001b[36m/>\u001b[39m\n                  \u001b[36m</svg>\u001b[39m\n                \u001b[36m</button>\u001b[39m\n              \u001b[36m</div>\u001b[39m\n            \u001b[36m</div>\u001b[39m\n            \u001b[36m<button\u001b[39m\n              \u001b[33mclass\u001b[39m=\u001b[32m\"mt-2 w-full\"\u001b[39m\n              \u001b[33mtype\u001b[39m=\u001b[32m\"submit\"\u001b[39m\n              \u001b[33mvariant\u001b[39m=\u001b[32m\"primary\"\u001b[39m\n            \u001b[36m>\u001b[39m\n              \u001b[0mcreateManager.chooseWorld\u001b[0m\n            \u001b[36m</button>\u001b[39m\n          \u001b[36m</form>\u001b[39m\n        \u001b[36m</div>\u001b[39m\n      \u001b[36m</div>\u001b[39m\n      \u001b[36m<div\u001b[39m\n        \u001b[33mclass\u001b[39m=\u001b[32m\"absolute bottom-4 right-4 text-gray-400 dark:text-gray-600 text-xs font-heading uppercase tracking-widest transition-colors\"\u001b[39m\n      \u001b[36m>\u001b[39m\n        \u001b[0mapp.version\u001b[0m\n      \u001b[36m</div>\u001b[39m\n    \u001b[36m</div>\u001b[39m\n  \u001b[36m</div>\u001b[39m\n\u001b[36m</body>\u001b[39m\n    at Object.getElementError (C:\\Users\\pedre\\OneDrive\\Documentos\\dev\\openfootmanager\\node_modules\\@testing-library\\dom\\dist\\config.js:37:19)\n    at C:\\Users\\pedre\\OneDrive\\Documentos\\dev\\openfootmanager\\node_modules\\@testing-library\\dom\\dist\\query-helpers.js:76:38\n    at C:\\Users\\pedre\\OneDrive\\Documentos\\dev\\openfootmanager\\node_modules\\@testing-library\\dom\\dist\\query-helpers.js:52:17\n    at C:\\Users\\pedre\\OneDrive\\Documentos\\dev\\openfootmanager\\node_modules\\@testing-library\\dom\\dist\\query-helpers.js:95:19\n    at getNationalityTrigger (C:/Users/pedre/OneDrive/Documentos/dev/openfootmanager/src/pages/MainMenu.test.tsx:123:29)\n    at selectNationality (C:/Users/pedre/OneDrive/Documentos/dev/openfootmanager/src/pages/MainMenu.test.tsx:137:23)\n    at C:/Users/pedre/OneDrive/Documentos/dev/openfootmanager/src/pages/MainMenu.test.tsx:198:7\n    at file:///C:/Users/pedre/OneDrive/Documentos/dev/openfootmanager/node_modules/@vitest/runner/dist/chunk-artifact.js:2017:60\n    at file:///C:/Users/pedre/OneDrive/Documentos/dev/openfootmanager/node_modules/@vitest/runner/dist/chunk-artifact.js:302:11\n    at file:///C:/Users/pedre/OneDrive/Documentos/dev/openfootmanager/node_modules/@vitest/runner/dist/chunk-artifact.js:1893:26"],"meta":{},"tags":[]},{"ancestorTitles":["MainMenu"],"fullName":"MainMenu stores the nationality as an ISO code and continues the flow in pt-BR","status":"failed","title":"stores the nationality as an ISO code and continues the flow in pt-BR","duration":47.38540000000012,"failureMessages":["TestingLibraryElementError: Unable to find an element with the text: Country/Region of Origin. This could be because the text is broken up by multiple elements. In this case, you can provide a function for your text matcher to make your matcher more flexible.\n\nIgnored nodes: comments, script, style\n\u001b[36m<body>\u001b[39m\n  \u001b[36m<div>\u001b[39m\n    \u001b[36m<div\u001b[39m\n      \u001b[33mclass\u001b[39m=\u001b[32m\"min-h-screen flex items-center justify-center bg-gray-100 dark:bg-navy-900 transition-colors duration-500 relative overflow-x-hidden\"\u001b[39m\n    \u001b[36m>\u001b[39m\n      \u001b[36m<div\u001b[39m\n        \u001b[33mclass\u001b[39m=\u001b[32m\"absolute inset-0 overflow-hidden pointer-events-none\"\u001b[39m\n      \u001b[36m>\u001b[39m\n        \u001b[36m<div\u001b[39m\n          \u001b[33mclass\u001b[39m=\u001b[32m\"absolute -top-40 -right-40 w-96 h-96 bg-primary-500/10 dark:bg-primary-500/5 rounded-full blur-3xl\"\u001b[39m\n        \u001b[36m/>\u001b[39m\n        \u001b[36m<div\u001b[39m\n          \u001b[33mclass\u001b[39m=\u001b[32m\"absolute -bottom-40 -left-40 w-96 h-96 bg-accent-400/10 dark:bg-accent-400/5 rounded-full blur-3xl\"\u001b[39m\n        \u001b[36m/>\u001b[39m\n      \u001b[36m</div>\u001b[39m\n      \u001b[36m<div\u001b[39m\n        \u001b[33mdata-testid\u001b[39m=\u001b[32m\"theme-toggle\"\u001b[39m\n      \u001b[36m/>\u001b[39m\n      \u001b[36m<div\u001b[39m\n        \u001b[33mclass\u001b[39m=\u001b[32m\"relative z-10 w-full max-w-md\"\u001b[39m\n      \u001b[36m>\u001b[39m\n        \u001b[36m<div\u001b[39m\n          \u001b[33mclass\u001b[39m=\u001b[32m\"h-1.5 bg-gradient-to-r from-primary-500 via-accent-400 to-primary-500 rounded-t-2xl\"\u001b[39m\n        \u001b[36m/>\u001b[39m\n        \u001b[36m<div\u001b[39m\n          \u001b[33mclass\u001b[39m=\u001b[32m\"bg-white dark:bg-navy-800 p-8 rounded-b-2xl shadow-xl dark:shadow-2xl border border-gray-200 dark:border-navy-600 border-t-0 transition-all duration-500\"\u001b[39m\n        \u001b[36m>\u001b[39m\n          \u001b[36m<img\u001b[39m\n            \u001b[33malt\u001b[39m=\u001b[32m\"OpenFootball\"\u001b[39m\n            \u001b[33mclass\u001b[39m=\u001b[32m\"text-center w-full h-full object-cover\"\u001b[39m\n            \u001b[33msrc\u001b[39m=\u001b[32m\"/openfootlogo.svg\"\u001b[39m\n          \u001b[36m/>\u001b[39m\n          \u001b[36m<div\u001b[39m\n            \u001b[33mclass\u001b[39m=\u001b[32m\"border-t border-gray-200 dark:border-navy-600 my-8 transition-colors duration-500\"\u001b[39m\n          \u001b[36m/>\u001b[39m\n          \u001b[36m<form\u001b[39m\n            \u001b[33mclass\u001b[39m=\u001b[32m\"flex flex-col gap-4\"\u001b[39m\n          \u001b[36m>\u001b[39m\n            \u001b[36m<div\u001b[39m\n              \u001b[33mclass\u001b[39m=\u001b[32m\"flex justify-between items-center mb-2\"\u001b[39m\n            \u001b[36m>\u001b[39m\n              \u001b[36m<h2\u001b[39m\n                \u001b[33mclass\u001b[39m=\u001b[32m\"text-xl font-heading font-bold uppercase tracking-wide text-gray-900 dark:text-white transition-colors\"\u001b[39m\n              \u001b[36m>\u001b[39m\n                \u001b[0mcreateManager.title\u001b[0m\n              \u001b[36m</h2>\u001b[39m\n              \u001b[36m<button\u001b[39m\n                \u001b[33mclass\u001b[39m=\u001b[32m\"text-gray-400 hover:text-gray-700 dark:hover:text-white transition-colors p-1 rounded-lg hover:bg-gray-100 dark:hover:bg-navy-600\"\u001b[39m\n                \u001b[33mtype\u001b[39m=\u001b[32m\"button\"\u001b[39m\n              \u001b[36m>\u001b[39m\n                \u001b[36m<svg\u001b[39m\n                  \u001b[33maria-hidden\u001b[39m=\u001b[32m\"true\"\u001b[39m\n                  \u001b[33mclass\u001b[39m=\u001b[32m\"lucide lucide-x w-5 h-5\"\u001b[39m\n                  \u001b[33mfill\u001b[39m=\u001b[32m\"none\"\u001b[39m\n                  \u001b[33mheight\u001b[39m=\u001b[32m\"24\"\u001b[39m\n                  \u001b[33mstroke\u001b[39m=\u001b[32m\"currentColor\"\u001b[39m\n         
[...]
u001b[36m<div\u001b[39m\n        \u001b[33mclass\u001b[39m=\u001b[32m\"relative z-10 w-full max-w-md\"\u001b[39m\n      \u001b[36m>\u001b[39m\n        \u001b[36m<div\u001b[39m\n          \u001b[33mclass\u001b[39m=\u001b[32m\"h-1.5 bg-gradient-to-r from-primary-500 via-accent-400 to-primary-500 rounded-t-2xl\"\u001b[39m\n        \u001b[36m/>\u001b[39m\n        \u001b[36m<div\u001b[39m\n          \u001b[33mclass\u001b[39m=\u001b[32m\"bg-white dark:bg-navy-800 p-8 rounded-b-2xl shadow-xl dark:shadow-2xl border border-gray-200 dark:border-navy-600 border-t-0 transition-all duration-500\"\u001b[39m\n        \u001b[36m>\u001b[39m\n          \u001b[36m<img\u001b[39m\n            \u001b[33malt\u001b[39m=\u001b[32m\"OpenFootball\"\u001b[39m\n            \u001b[33mclass\u001b[39m=\u001b[32m\"text-center w-full h-full object-cover\"\u001b[39m\n            \u001b[33msrc\u001b[39m=\u001b[32m\"/openfootlogo.svg\"\u001b[39m\n          \u001b[36m/>\u001b[39m\n          \u001b[36m<div\u001b[39m\n            \u001b[33mclass\u001b[39m=\u001b[32m\"border-t border-gray-200 dark:border-navy-600 my-8 transition-colors duration-500\"\u001b[39m\n          \u001b[36m/>\u001b[39m\n          \u001b[36m<form\u001b[39m\n            \u001b[33mclass\u001b[39m=\u001b[32m\"flex flex-col gap-4\"\u001b[39m\n          \u001b[36m>\u001b[39m\n            \u001b[36m<div\u001b[39m\n              \u001b[33mclass\u001b[39m=\u001b[32m\"flex justify-between items-center mb-2\"\u001b[39m\n            \u001b[36m>\u001b[39m\n              \u001b[36m<h2\u001b[39m\n                \u001b[33mclass\u001b[39m=\u001b[32m\"text-xl font-heading font-bold uppercase tracking-wide text-gray-900 dark:text-white transition-colors\"\u001b[39m\n              \u001b[36m>\u001b[39m\n                \u001b[0mcreateManager.title\u001b[0m\n              \u001b[36m</h2>\u001b[39m\n              \u001b[36m<button\u001b[39m\n                \u001b[33mclass\u001b[39m=\u001b[32m\"text-gray-400 hover:text-gray-700 dark:hover:text-white transition-colors p-1 rounded-lg hover:bg-gray-100 dark:hover:bg-navy-600\"\u001b[39m\n                \u001b[33mtype\u001b[39m=\u001b[32m\"button\"\u001b[39m\n              \u001b[36m>\u001b[39m\n                \u001b[36m<svg\u001b[39m\n                  \u001b[33maria-hidden\u001b[39m=\u001b[32m\"true\"\u001b[39m\n                  \u001b[33mclass\u001b[39m=\u001b[32m\"lucide lucide-x w-5 h-5\"\u001b[39m\n                  \u001b[33mfill\u001b[39m=\u001b[32m\"none\"\u001b[39m\n                  \u001b[33mheight\u001b[39m=\u001b[32m\"24\"\u001b[39m\n                  \u001b[33mstroke\u001b[39m=\u001b[32m\"currentColor\"\u001b[39m\n                  \u001b[33mstroke-linecap\u001b[39m=\u001b[32m\"round\"\u001b[39m\n                  \u001b[33mstroke-linejoin\u001b[39m=\u001b[32m\"round\"\u001b[39m\n                  \u001b[33mstroke-width\u001b[39m=\u001b[32m\"2\"\u001b[39m\n                  \u001b[33mviewBox\u001b[39m=\u001b[32m\"0 0 24 24\"\u001b[39m\n                  \u001b[33mwidth\u001b[39m=\u001b[32m\"24\"\u001b[39m\n                  \u001b[33mxmlns\u001b[39m=\u001b[32m\"http://www.w3.org/2000/svg\"\u001b[39m\n                \u001b[36m>\u001b[39m\n                  \u001b[36m<path\u001b[39m\n                    \u001b[33md\u001b[39m=\u001b[32m\"M18 6 6 18\"\u001b[39m\n                  \u001b[36m/>\u001b[39m\n                  \u001b[36m<path\u001b[39m\n                    \u001b[33md\u001b[39m=\u001b[32m\"m6 6 12 12\"\u001b[39m\n                  \u001b[36m/>\u001b[39m\n                \u001b[36m</svg>\u001b[39m\n              \u001b[36m</button>\u001b[39m\n            \u001b[36m</div>\u001b[39m\n            \u001b[36m<div\u001b[39m\n              \u001b[33mclass\u001b[39m=\u001b[32m\"flex items-center gap-2 mb-1\"\u001b[39m\n            \u001b[36m>\u001b[39m\n              \u001b[36m<div\u001b[39m\n                \u001b[33mclass\u001b[39m=\u001b[32m\"flex items-center justify-center w-6 h-6 rounded-full bg-primary-500 text-white text-xs font-bold\"\u001b[39m\n              \u001b[36m>\u001b[39m\n                \u001b[0m1\u001b[0m\n              \u001b[36m</div>\u001b[39m\n              \u001b[36m<div\u001b[39m\n                \u001b[33mclass\u001b[39m=\u001b[32m\"h-0.5 flex-1 bg-gray-200 dark:bg-navy-600\"\u001b[39m\n              \u001b[36m/>\u001b[39m\n              \u001b[36m<div\u001b[39m\n                \u001b[33mclass\u001b[39m=\u001b[32m\"flex items-center justify-center w-6 h-6 rounded-full bg-gray-200 dark:bg-navy-600 text-gray-400 dark:text-gray-500 text-xs font-bold\"\u001b[39m\n              \u001b[36m>\u001b[39m\n                \u001b[0m2\u001b[0m\n              \u001b[36m</div>\u001b[39m\n            \u001b[36m</div>\u001b[39m\n            \u001b[36m<div\u001b[39m\n              \u001b[33mclass\u001b[39m=\u001b[32m\"flex gap-3\"\u001b[39m\n            \u001b[36m>\u001b[39m\n              \u001b[36m<div\u001b[39m\n                \u001b[33mclass\u001b[39m=\u001b[32m\"flex-1\"\u001b[39m\n                \u001b[33mid\u001b[39m=\u001b[32m\"create-manager-field-firstName\"\u001b[39m\n              \u001b[36m>\u001b[39m\n                \u001b[36m<label\u001b[39m\n                  \u001b[33mclass\u001b[39m=\u001b[32m\"block text-xs font-heading font-bold uppercase tracking-wider text-gray-500 dark:text-gray-400 mb-1.5\"\u001b[39m\n                \u001b[36m>\u001b[39m\n                  \u001b[0mcreateManager.firstName\u001b[0m\n                \u001b[36m</label>\u001b[39m\n                \u001b[36m<input\u001b[39m\n                  \u001b[33mclass\u001b[39m=\u001b[32m\"w-full bg-gray-50 dark:bg-navy-900 border text-gray-900 dark:text-white rounded-lg p-3 outline-none focus:ring-2 transition-all placeholder:text-gray-400 dark:placeholder:text-gray-500 border-gray-300 dark:border-navy-600 focus:border-primary-500 focus:ring-primary-500/20\"\u001b[39m\n                  \u001b[33mmaxlength\u001b[39m=\u001b[32m\"30\"\u001b[39m\n                  \u001b[33mplaceholder\u001b[39m=\u001b[32m\"createManager.placeholderFirst\"\u001b[39m\n                  \u001b[33mvalue\u001b[39m=\u001b[32m\"Ada\"\u001b[39m\n                \u001b[36m/>\u001b[39m\n              \u001b[36m</div>\u001b[39m\n              \u001b[36m<div\u001b[39m\n                \u001b[33mclass\u001b[39m=\u001b[32m\"flex-1\"\u001b[39m\n                \u001b[33mid\u001b[39m=\u001b[32m\"create-manager-field-lastName\"\u001b[39m\n              \u001b[36m>\u001b[39m\n                \u001b[36m<label\u001b[39m\n                  \u001b[33mclass\u001b[39m=\u001b[32m\"block text-xs font-heading font-bold uppercase tracking-wider text-gray-500 dark:text-gray-400 mb-1.5\"\u001b[39m\n                \u001b[36m>\u001b[39m\n                  \u001b[0mcreateManager.lastName\u001b[0m\n                \u001b[36m</label>\u001b[39m\n                \u001b[36m<input\u001b[39m\n                  \u001b[33mclass\u001b[39m=\u001b[32m\"w-full bg-gray-50 dark:bg-navy-900 border text-gray-900 dark:text-white rounded-lg p-3 outline-none focus:ring-2 transition-all placeholder:text-gray-400 dark:placeholder:text-gray-500 border-gray-300 dark:border-navy-600 focus:border-primary-500 focus:ring-primary-500/20\"\u001b[39m\n                  \u001b[33mmaxlength\u001b[39m=\u001b[32m\"30\"\u001b[39m\n                  \u001b[33mplaceholder\u001b[39m=\u001b[32m\"createManager.placeholderLast\"\u001b[39m\n                  \u001b[33mvalue\u001b[39m=\u001b[32m\"Lovelace\"\u001b[39m\n                \u001b[36m/>\u001b[39m\n              \u001b[36m</div>\u001b[39m\n            \u001b[36m</div>\u001b[39m\n            \u001b[36m<div\u001b[39m\n              \u001b[33mid\u001b[39m=\u001b[32m\"create-manager-field-dob\"\u001b[39m\n            \u001b[36m>\u001b[39m\n              \u001b[36m<label\u001b[39m\n                \u001b[33mclass\u001b[39m=\u001b[32m\"block text-xs font-heading font-bold uppercase tracking-wider text-gray-500 dark:text-gray-400 mb-1.5\"\u001b[39m\n              \u001b[36m>\u001b[39m\n                \u001b[0mcreateManager.dob\u001b[0m\n              \u001b[36m</label>\u001b[39m\n              \u001b[36m<input\u001b[39m\n                \u001b[33maria-label\u001b[39m=\u001b[32m\"manager-date-of-birth\"\u001b[39m\n                \u001b[33mvalue\u001b[39m=\u001b[32m\"2010-06-15\"\u001b[39m\n              \u001b[36m/>\u001b[39m\n              \u001b[36m<p\u001b[39m\n                \u001b[33mclass\u001b[39m=\u001b[32m\"flex items-center gap-1 text-xs text-red-500 mt-1\"\u001b[39m\n              \u001b[36m>\u001b[39m\n                \u001b[36m<svg\u001b[39m\n                  \u001b[33maria-hidden\u001b[39m=\u001b[32m\"true\"\u001b[39m\n                  \u001b[33mclass\u001b[39m=\u001b[32m\"lucide lucide-circle-alert w-3 h-3 shrink-0\"\u001b[39m\n                  \u001b[33mfill\u001b[39m=\u001b[32m\"none\"\u001b[39m\n                  \u001b[33mheight\u001b[39m=\u001b[32m\"24\"\u001b[39m\n                  \u001b[33mstroke\u001b[39m=\u001b[32m\"currentColor\"\u001b[39m\n                  \u001b[33mstroke-linecap\u001b[39m=\u001b[32m\"round\"\u001b[39m\n                  \u001b[33mstroke-linejoin\u001b[39m=\u001b[32m\"round\"\u001b[39m\n                  \u001b[33mstroke-width\u001b[39m=\u001b[32m\"2\"\u001b[39m\n                  \u001b[33mviewBox\u001b[39m=\u001b[32m\"0 0 24 24\"\u001b[39m\n                  \u001b[33mwidth\u001b[39m=\u001b[32m\"24\"\u001b[39m\n                  \u001b[33mxmlns\u001b[39m=\u001b[32m\"http://www.w3.org/2000/svg\"\u001b[39m\n                \u001b[36m>\u001b[39m\n                  \u001b[36m<circle\u001b[39m\n                    \u001b[33mcx\u001b[39m=\u001b[32m\"12\"\u001b[39m\n                    \u001b[33mcy\u001b[39m=\u001b[32m\"12\"\u001b[39m\n                    \u001b[33mr\u001b[39m=\u001b[32m\"10\"\u001b[39m\n                  \u001b[36m/>\u001b[39m\n                  \u001b[36m<line\u001b[39m\n                    \u001b[33mx1\u001b[39m=\u001b[32m\"12\"\u001b[39m\n                    \u001b[33mx2\u001b[39m=\u001b[32m\"12\"\u001b[39m\n                    \u001b[33my1\u001b[39m=\u001b[32m\"8\"\u001b[39m\n                    \u001b[33my2\u001b[39m=\u001b[32m\"12\"\u001b[39m\n                  \u001b[36m/>\u001b[39m\n                  \u001b[36m<line\u001b[39m\n                    \u001b[33mx1\u001b[39m=\u001b[32m\"12\"\u001b[39m\n                    \u001b[33mx2\u001b[39m=\u001b[32m\"12.01\"\u001b[39m\n                    \u001b[33my1\u001b[39m=\u001b[32m\"16\"\u001b[39m\n                    \u001b[33my2\u001b[39m=\u001b[32m\"16\"\u001b[39m\n                  \u001b[36m/>\u001b[39m\n                \u001b[36m</svg>\u001b[39m\n                \u001b[0mvalidation.minAge\u001b[0m\n              \u001b[36m</p>\u001b[39m\n            \u001b[36m</div>\u001b[39m\n            \u001b[36m<div\u001b[39m\n              \u001b[33mid\u001b[39m=\u001b[32m\"create-manager-field-nationality\"\u001b[39m\n            \u001b[36m>\u001b[39m\n              \u001b[36m<label\u001b[39m\n                \u001b[33mclass\u001b[39m=\u001b[32m\"block text-xs font-heading font-bold uppercase tracking-wider text-gray-500 dark:text-gray-400 mb-1.5\"\u001b[39m\n              \u001b[36m>\u001b[39m\n                \u001b[0mcreateManager.countryOfOrigin\u001b[0m\n              \u001b[36m</label>\u001b[39m\n              \u001b[36m<div\u001b[39m\n                \u001b[33mclass\u001b[39m=\u001b[32m\"relative\"\u001b[39m\n              \u001b[36m>\u001b[39m\n                \u001b[36m<button\u001b[39m\n                  \u001b[33mclass\u001b[39m=\u001b[32m\"w-full flex items-center justify-between bg-gray-50 dark:bg-navy-900 border text-left rounded-lg p-3 outline-none transition-all border-gray-300 dark:border-navy-600\"\u001b[39m\n                  \u001b[33mtype\u001b[39m=\u001b[32m\"button\"\u001b[39m\n                \u001b[36m>\u001b[39m\n                  \u001b[36m<span\u001b[39m\n                    \u001b[33mclass\u001b[39m=\u001b[32m\"text-gray-400 dark:text-gray-500\"\u001b[39m\n                  \u001b[36m>\u001b[39m\n                    \u001b[0mcreateManager.selectCountry\u001b[0m\n                  \u001b[36m</span>\u001b[39m\n                  \u001b[36m<svg\u001b[39m\n                    \u001b[33maria-hidden\u001b[39m=\u001b[32m\"true\"\u001b[39m\n                    \u001b[33mclass\u001b[39m=\u001b[32m\"lucide lucide-chevron-down w-4 h-4 text-gray-400 transition-transform\"\u001b[39m\n                    \u001b[33mfill\u001b[39m=\u001b[32m\"none\"\u001b[39m\n                    \u001b[33mheight\u001b[39m=\u001b[32m\"24\"\u001b[39m\n                    \u001b[33mstroke\u001b[39m=\u001b[32m\"currentColor\"\u001b[39m\n                    \u001b[33mstroke-linecap\u001b[39m=\u001b[32m\"round\"\u001b[39m\n                    \u001b[33mstroke-linejoin\u001b[39m=\u001b[32m\"round\"\u001b[39m\n                    \u001b[33mstroke-width\u001b[39m=\u001b[32m\"2\"\u001b[39m\n                    \u001b[33mviewBox\u001b[39m=\u001b[32m\"0 0 24 24\"\u001b[39m\n                    \u001b[33mwidth\u001b[39m=\u001b[32m\"24\"\u001b[39m\n                    \u001b[33mxmlns\u001b[39m=\u001b[32m\"http://www.w3.org/2000/svg\"\u001b[39m\n                  \u001b[36m>\u001b[39m\n                    \u001b[36m<path\u001b[39m\n                      \u001b[33md\u001b[39m=\u001b[32m\"m6 9 6 6 6-6\"\u001b[39m\n                    \u001b[36m/>\u001b[39m\n                  \u001b[36m</svg>\u001b[39m\n                \u001b[36m</button>\u001b[39m\n              \u001b[36m</div>\u001b[39m\n            \u001b[36m</div>\u001b[39m\n            \u001b[36m<button\u001b[39m\n              \u001b[33mclass\u001b[39m=\u001b[32m\"mt-2 w-full\"\u001b[39m\n              \u001b[33mtype\u001b[39m=\u001b[32m\"submit\"\u001b[39m\n              \u001b[33mvariant\u001b[39m=\u001b[32m\"primary\"\u001b[39m\n            \u001b[36m>\u001b[39m\n              \u001b[0mcreateManager.chooseWorld\u001b[0m\n            \u001b[36m</button>\u001b[39m\n          \u001b[36m</form>\u001b[39m\n        \u001b[36m</div>\u001b[39m\n      \u001b[36m</div>\u001b[39m\n      \u001b[36m<div\u001b[39m\n        \u001b[33mclass\u001b[39m=\u001b[32m\"absolute bottom-4 right-4 text-gray-400 dark:text-gray-600 text-xs font-heading uppercase tracking-widest transition-colors\"\u001b[39m\n      \u001b[36m>\u001b[39m\n        \u001b[0mapp.version\u001b[0m\n      \u001b[36m</div>\u001b[39m\n    \u001b[36m</div>\u001b[39m\n  \u001b[36m</div>\u001b[39m\n\u001b[36m</body>\u001b[39m\n    at Object.getElementError (C:\\Users\\pedre\\OneDrive\\Documentos\\dev\\openfootmanager\\node_modules\\@testing-library\\dom\\dist\\config.js:37:19)\n    at C:\\Users\\pedre\\OneDrive\\Documentos\\dev\\openfootmanager\\node_modules\\@testing-library\\dom\\dist\\query-helpers.js:76:38\n    at C:\\Users\\pedre\\OneDrive\\Documentos\\dev\\openfootmanager\\node_modules\\@testing-library\\dom\\dist\\query-helpers.js:52:17\n    at C:\\Users\\pedre\\OneDrive\\Documentos\\dev\\openfootmanager\\node_modules\\@testing-library\\dom\\dist\\query-helpers.js:95:19\n    at getNationalityTrigger (C:/Users/pedre/OneDrive/Documentos/dev/openfootmanager/src/pages/MainMenu.test.tsx:123:29)\n    at selectNationality (C:/Users/pedre/OneDrive/Documentos/dev/openfootmanager/src/pages/MainMenu.test.tsx:137:23)\n    at C:/Users/pedre/OneDrive/Documentos/dev/openfootmanager/src/pages/MainMenu.test.tsx:377:5\n    at file:///C:/Users/pedre/OneDrive/Documentos/dev/openfootmanager/node_modules/@vitest/runner/dist/chunk-artifact.js:302:11\n    at file:///C:/Users/pedre/OneDrive/Documentos/dev/openfootmanager/node_modules/@vitest/runner/dist/chunk-artifact.js:1893:26\n    at file:///C:/Users/pedre/OneDrive/Documentos/dev/openfootmanager/node_modules/@vitest/runner/dist/chunk-artifact.js:2316:20"],"meta":{},"tags":[]}],"startTime":1778015673229,"endTime":1778015674253.8022,"status":"failed","message":"","name":"C:/Users/pedre/OneDrive/Documentos/dev/openfootmanager/src/pages/MainMenu.test.tsx"},{"assertionResults":[{"ancestorTitles":["ScoutingPlayerSearchCard"],"fullName":"ScoutingPlayerSearchCard renders players and delegates search, filter, selection, scout, and pagination actions","status":"passed","title":"renders players and delegates search, filter, selection, scout, and pagination actions","duration":830.7047999999995,"failureMessages":[],"meta":{},"tags":[]}],"startTime":1778015672809,"endTime":1778015673639.7048,"status":"passed","message":"","name":"C:/Users/pedre/OneDrive/Documentos/dev/openfootmanager/src/components/scouting/ScoutingPlayerSearchCard.test.tsx"},{"assertionResults":[{"ancestorTitles":["TacticsTab"],"fullName":"TacticsTab renders play style guidance plus bench cards inside the pitch view","status":"passed","title":"renders play style guidance plus bench cards inside the pitch view","duration":302.3569000000007,"failureMessages":[],"meta":{},"tags":[]},{"ancestorTitles":["TacticsTab"],"fullName":"TacticsTab keeps youth academy players out of first-team tactics selection","status":"passed","title":"keeps youth academy players out of first-team tactics selection","duration":126.02880000000005,"failureMessages":[],"meta":{},"tags":[]},{"ancestorTitles":["TacticsTab"],"fullName":"TacticsTab sends the correct starting xi order when a pitch-view bench defender is dropped onto a defensive slot","status":"passed","title":"sends the correct starting xi order when a pitch-view bench defender is dropped onto a defensive slot","duration":266.6193000000003,"failureMessages":[],"meta":{},"tags":[]},{"ancestorTitles":["TacticsTab"],"fullName":"TacticsTab does not render drag handles in the lineup tables","status":"passed","title":"does not render drag handles in the lineup tables","duration":106.98120000000017,"failureMessages":[],"meta":{},"tags":[]},{"ancestorTitles":["TacticsTab"],"fullName":"TacticsTab shows a bench player's natural position on the pitch bench cards when it differs from position","status":"passed","title":"shows a bench player's natural position on the pitch bench cards when it differs from position","duration":83.83460000000014,"failureMessages":[],"meta":{},"tags":[]},{"ancestorTitles":["TacticsTab"],"fullName":"TacticsTab localizes the selected player position in the comparison panel","status":"passed","title":"localizes the selected player position in the comparison panel","duration":200.1864999999998,"failureMessages":[],"meta":{},"tags":[]},{"ancestorTitles":["TacticsTab"],"fullName":"TacticsTab allows selecting a bench player from the pitch view and swapping them with a starter","status":"passed","title":"allows selecting a bench player from the pitch view and swapping them with a starter","duration":799.5374000000002,"failureMessages":[],"meta":{},"tags":[]},{"ancestorTitles":["TacticsTab"],"fullName":"TacticsTab uses pitch clicks for selection and swap instead of opening the player profile","status":"passed","title":"uses pitch clicks for selection and swap instead of opening the player profile","duration":475.3636000000006,"failureMessages":[],"meta":{},"tags":[]},{"ancestorTitles":["TacticsTab"],"fullName":"TacticsTab shows a comparison panel after selecting a second pitch player","status":"passed","title":"shows a comparison panel after selecting a second pitch player","duration":390.91269999999986,"failureMessages":[],"meta":{},"tags":[]},{"ancestorTitles":["TacticsTab"],"fullName":"TacticsTab only opens profiles from the lineup tables","status":"passed","title":"only opens profiles from the lineup tables","duration":51.57500000000073,"failureMessages":[],"meta":{},"tags":[]},{"ancestorTitles":["TacticsTab"],"fullName":"TacticsTab persists default set piece and team role assignments from the roles tab","status":"passed","title":"persists default set piece and team role assignments from the roles tab","duration":376.5186999999996,"failureMessages":[],"meta":{},"tags":[]}],"startTime":1778015673141,"endTime":1778015676321.5188,"status":"passed","message":"","name":"C:/Users/pedre/OneDrive/Documentos/dev/openfootmanager/src/components/tactics/TacticsTab.test.tsx"}]}