{"numTotalTestSuites":246,"numPassedTestSuites":246,"numFailedTestSuites":0,"numPendingTestSuites":0,"numTotalTests":567,"numPassedTests":567,"numFailedTests":0,"numPendingTests":0,"numTodoTests":0,"snapshot":{"added":0,"failure":false,"filesAdded":0,"filesRemoved":0,"filesRemovedList":[],"filesUnmatched":0,"filesUpdated":0,"matched":0,"total":0,"unchecked":0,"uncheckedKeysByFile":[],"unmatched":0,"updated":0,"didUpdate":false},"startTime":1778015851047,"success":true,"testResults":[{"assertionResults":[{"ancestorTitles":["ScoutPlayerCard"],"fullName":"ScoutPlayerCard renders player name and position","status":"passed","title":"renders player name and position","duration":185.9333000000006,"failureMessages":[],"meta":{},"tags":[]},{"ancestorTitles":["ScoutPlayerCard"],"fullName":"ScoutPlayerCard renders team name when provided","status":"passed","title":"renders team name when provided","duration":36.78729999999996,"failureMessages":[],"meta":{},"tags":[]},{"ancestorTitles":["ScoutPlayerCard"],"fullName":"ScoutPlayerCard does not render team name when null","status":"passed","title":"does not render team name when null","duration":42.089100000000144,"failureMessages":[],"meta":{},"tags":[]},{"ancestorTitles":["ScoutPlayerCard"],"fullName":"ScoutPlayerCard renders discovered attributes with values","status":"passed","title":"renders discovered attributes with values","duration":59.60710000000017,"failureMessages":[],"meta":{},"tags":[]},{"ancestorTitles":["ScoutPlayerCard"],"fullName":"ScoutPlayerCard shows 'undiscovered' for null attributes","status":"passed","title":"shows 'undiscovered' for null attributes","duration":49.13749999999982,"failureMessages":[],"meta":{},"tags":[]},{"ancestorTitles":["ScoutPlayerCard"],"fullName":"ScoutPlayerCard shows discovered count","status":"passed","title":"shows discovered count","duration":29.34019999999964,"failureMessages":[],"meta":{},"tags":[]},{"ancestorTitles":["ScoutPlayerCard"],"fullName":"ScoutPlayerCard renders rating badge","status":"passed","title":"renders rating badge","duration":42.0649999999996,"failureMessages":[],"meta":{},"tags":[]},{"ancestorTitles":["ScoutPlayerCard"],"fullName":"ScoutPlayerCard renders potential badge","status":"passed","title":"renders potential badge","duration":27.920500000000175,"failureMessages":[],"meta":{},"tags":[]},{"ancestorTitles":["ScoutPlayerCard"],"fullName":"ScoutPlayerCard renders confidence badge","status":"passed","title":"renders confidence badge","duration":23.17109999999957,"failureMessages":[],"meta":{},"tags":[]},{"ancestorTitles":["ScoutPlayerCard"],"fullName":"ScoutPlayerCard shows condition when available","status":"passed","title":"shows condition when available","duration":29.748999999999796,"failureMessages":[],"meta":{},"tags":[]},{"ancestorTitles":["ScoutPlayerCard"],"fullName":"ScoutPlayerCard hides condition when null","status":"passed","title":"hides condition when null","duration":30.588800000000447,"failureMessages":[],"meta":{},"tags":[]},{"ancestorTitles":["ScoutPlayerCard"],"fullName":"ScoutPlayerCard shows morale when available","status":"passed","title":"shows morale when available","duration":45.17450000000008,"failureMessages":[],"meta":{},"tags":[]},{"ancestorTitles":["ScoutPlayerCard"],"fullName":"ScoutPlayerCard hides morale when null","status":"passed","title":"hides morale when null","duration":26.204200000000128,"failureMessages":[],"meta":{},"tags":[]},{"ancestorTitles":["ScoutPlayerCard"],"fullName":"ScoutPlayerCard calls onPlayerClick with player_id when clicked","status":"passed","title":"calls onPlayerClick with player_id when clicked","duration":64.70539999999983,"failureMessages":[],"meta":{},"tags":[]},{"ancestorTitles":["ScoutPlayerCard"],"fullName":"ScoutPlayerCard renders DOB","status":"passed","title":"renders DOB","duration":26.163300000000163,"failureMessages":[],"meta":{},"tags":[]}],"startTime":1778015886876,"endTime":1778015887595.1633,"status":"passed","message":"","name":"C:/Users/pedre/OneDrive/Documentos/dev/openfootmanager/src/components/ScoutPlayerCard.test.tsx"},{"assertionResults":[{"ancestorTitles":["ThemeProvider"],"fullName":"ThemeProvider provides default dark theme","status":"passed","title":"provides default dark theme","duration":63.611399999999776,"failureMessages":[],"meta":{},"tags":[]},{"ancestorTitles":["ThemeProvider"],"fullName":"ThemeProvider adds 'dark' class to document when theme is dark","status":"passed","title":"adds 'dark' class to document when theme is dark","duration":7.800399999999172,"failureMessages":[],"meta":{},"tags":[]},{"ancestorTitles":["ThemeProvider"],"fullName":"ThemeProvider toggles theme from dark to light","status":"passed","title":"toggles theme from dark to light","duration":51.502300000000105,"failureMessages":[],"meta":{},"tags":[]},{"ancestorTitles":["ThemeProvider"],"fullName":"ThemeProvider toggles theme back from light to dark","status":"passed","title":"toggles theme back from light to dark","duration":20.267899999999827,"failureMessages":[],"meta":{},"tags":[]},{"ancestorTitles":["ThemeProvider"],"fullName":"ThemeProvider persists theme to localStorage","status":"passed","title":"persists theme to localStorage","duration":19.627700000000004,"failureMessages":[],"meta":{},"tags":[]},{"ancestorTitles":["ThemeProvider"],"fullName":"ThemeProvider reads stored theme from localStorage","status":"passed","title":"reads stored theme from localStorage","duration":4.6544999999996435,"failureMessages":[],"meta":{},"tags":[]},{"ancestorTitles":["useTheme"],"fullName":"useTheme throws when used outside ThemeProvider","status":"passed","title":"throws when used outside ThemeProvider","duration":23.92829999999958,"failureMessages":[],"meta":{},"tags":[]}],"startTime":1778015909307,"endTime":1778015909499.9282,"status":"passed","message":"","name":"C:/Users/pedre/OneDrive/Documentos/dev/openfootmanager/src/context/ThemeContext.test.tsx"},{"assertionResults":[{"ancestorTitles":["resolveSupportedLanguage"],"fullName":"resolveSupportedLanguage maps Simplified Chinese locale variants to zh-CN","status":"passed","title":"maps Simplified Chinese locale variants to zh-CN","duration":2.1153000000003885,"failureMessages":[],"meta":{},"tags":[]},{"ancestorTitles":["resolveSupportedLanguage"],"fullName":"resolveSupportedLanguage keeps existing exact and base language matching behavior","status":"passed","title":"keeps existing exact and base language matching behavior","duration":0.32929999999942083,"failureMessages":[],"meta":{},"tags":[]},{"ancestorTitles":["resolveSupportedLanguage"],"fullName":"resolveSupportedLanguage falls back to English for unsupported locales","status":"passed","title":"falls back to English for unsupported locales","duration":0.2547999999997046,"failureMessages":[],"meta":{},"tags":[]}],"startTime":1778015947037,"endTime":1778015947039.3293,"status":"passed","message":"","name":"C:/Users/pedre/OneDrive/Documentos/dev/openfootmanager/src/i18n/index.test.ts"},{"assertionResults":[{"ancestorTitles":["locale coverage"],"fullName":"locale coverage keeps every supported locale aligned with English translation keys","status":"passed","title":"keeps every supported locale aligned with English translation keys","duration":11.475100000000566,"failureMessages":[],"meta":{},"tags":[]}],"startTime":1778015934390,"endTime":1778015934401.475,"status":"passed","message":"","name":"C:/Users/pedre/OneDrive/Documentos/dev/openfootmanager/src/i18n/localeCoverage.test.ts"},{"assertionResults":[{"ancestorTitles":["useAdvanceTime"],"fullName":"useAdvanceTime shows match confirmation before advancing on match day","status":"passed","title":"shows match confirmation before advancing on match day","duration":597.5842000000002,"failureMessages":[],"meta":{},"tags":[]},{"ancestorTitles":["useAdvanceTime"],"fullName":"useAdvanceTime navigates to the live match with snapshot and fixture state after confirmation","status":"passed","title":"navigates to the live match with snapshot and fixture state after confirmation","duration":97.09040000000005,"failureMessages":[],"meta":{},"tags":[]},{"ancestorTitles":["useAdvanceTime"],"fullName":"useAdvanceTime checks blocking actions before a normal continue and stops when blockers exist","status":"passed","title":"checks blocking actions before a normal continue and stops when blockers exist","duration":36.44759999999951,"failureMessages":[],"meta":{},"tags":[]},{"ancestorTitles":["useAdvanceTime"],"fullName":"useAdvanceTime advances time on a normal day when blocker checks return empty","status":"passed","title":"advances time on a normal day when blocker checks return empty","duration":106.24290000000019,"failureMessages":[],"meta":{},"tags":[]},{"ancestorTitles":["useAdvanceTime"],"fullName":"useAdvanceTime checks blocking actions before skipping to match day and stops when blockers exist","status":"passed","title":"checks blocking actions before skipping to match day and stops when blockers exist","duration":29.657400000000052,"failureMessages":[],"meta":{},"tags":[]}],"startTime":1778015889307,"endTime":1778015890173.6575,"status":"passed","message":"","name":"C:/Users/pedre/OneDrive/Documentos/dev/openfootmanager/src/hooks/useAdvanceTime.test.tsx"},{"assertionResults":[{"ancestorTitles":["resolveCountryFlagCode"],"fullName":"resolveCountryFlagCode returns a valid code when an SVG flag is available","status":"passed","title":"returns a valid code when an SVG flag is available","duration":3.8003000000007887,"failureMessages":[],"meta":{},"tags":[]},{"ancestorTitles":["resolveCountryFlagCode"],"fullName":"resolveCountryFlagCode normalises demonym values before resolving","status":"passed","title":"normalises demonym values before resolving","duration":0.6945999999998094,"failureMessages":[],"meta":{},"tags":[]},{"ancestorTitles":["resolveCountryFlagCode"],"fullName":"resolveCountryFlagCode returns null for invalid values","status":"passed","title":"returns null for invalid values","duration":0.6161999999994805,"failureMessages":[],"meta":{},"tags":[]},{"ancestorTitles":["countryName"],"fullName":"countryName returns English country name by default","status":"passed","title":"returns English country name by default","duration":1.0627999999996973,"failureMessages":[],"meta":{},"tags":[]},{"ancestorTitles":["countryName"],"fullName":"countryName returns localised name for supported locales","status":"passed","title":"returns localised name for supported locales","duration":0.6293000000005122,"failureMessages":[],"meta":{},"tags":[]},{"ancestorTitles":["countryName"],"fullName":"countryName falls back to English for unknown locale","status":"passed","title":"falls back to English for unknown locale","duration":0.4911000000001877,"failureMessages":[],"meta":{},"tags":[]},{"ancestorTitles":["countryName"],"fullName":"countryName returns empty string for empty input","status":"passed","title":"returns empty string for empty input","duration":0.30569999999988795,"failureMessages":[],"meta":{},"tags":[]},{"ancestorTitles":["allCountries"],"fullName":"allCountries returns an array of { code, name } objects","status":"passed","title":"returns an array of { code, name } objects","duration":28.437999999999192,"failureMessages":[],"meta":{},"tags":[]},{"ancestorTitles":["allCountries"],"fullName":"allCountries is sorted by name","status":"passed","title":"is sorted by name","duration":9.040600000000268,"failureMessages":[],"meta":{},"tags":[]},{"ancestorTitles":["allCountries"],"fullName":"allCountries contains well-known countries","status":"passed","title":"contains well-known countries","duration":5.567800000000716,"failureMessages":[],"meta":{},"tags":[]},{"ancestorTitles":["allCountries"],"fullName":"allCountries returns Italian country names when requested","status":"passed","title":"returns Italian country names when requested","duration":1.2628999999997177,"failureMessages":[],"meta":{},"tags":[]},{"ancestorTitles":["allNationalities"],"fullName":"allNationalities surfaces football nations and excludes legacy GB from the selectable list","status":"passed","title":"surfaces football nations and excludes legacy GB from the selectable list","duration":9.002399999999398,"failureMessages":[],"meta":{},"tags":[]},{"ancestorTitles":["isValidCountryCode"],"fullName":"isValidCountryCode returns true for valid alpha-2 codes","status":"passed","title":"returns true for valid alpha-2 codes","duration":0.5177999999996246,"failureMessages":[],"meta":{},"tags":[]},{"ancestorTitles":["isValidCountryCode"],"fullName":"isValidCountryCode returns false for invalid codes","status":"passed","title":"returns false for invalid codes","duration":0.3834999999999127,"failureMessages":[],"meta":{},"tags":[]},{"ancestorTitles":["normaliseNationality"],"fullName":"normaliseNationality returns alpha-2 code as-is if already valid","status":"passed","title":"returns alpha-2 code as-is if already valid","duration":0.32070000000021537,"failureMessages":[],"meta":{},"tags":[]},{"ancestorTitles":["normaliseNationality"],"fullName":"normaliseNationality converts known demonyms to alpha-2 codes","status":"passed","title":"converts known demonyms to alpha-2 codes","duration":1.1859000000004016,"failureMessages":[],"meta":{},"tags":[]},{"ancestorTitles":["normaliseNationality"],"fullName":"normaliseNationality returns the original value for unknown demonyms","status":"passed","title":"returns the original value for unknown demonyms","duration":0.2746999999999389,"failureMessages":[],"meta":{},"tags":[]},{"ancestorTitles":["normaliseNationality"],"fullName":"normaliseNationality returns empty string for empty input","status":"passed","title":"returns empty string for empty input","duration":0.17450000000008004,"failureMessages":[],"meta":{},"tags":[]}],"startTime":1778015922264,"endTime":1778015922329.2747,"status":"passed","message":"","name":"C:/Users/pedre/OneDrive/Documentos/dev/openfootmanager/src/lib/countries.test.ts"},{"assertionResults":[{"ancestorTitles":["finance helpers"],"fullName":"finance helpers converts annual contracts to weekly commitments using per-person flooring","status":"passed","title":"converts annual contracts to weekly commitments using per-person flooring","duration":3.978399999999965,"failureMessages":[],"meta":{},"tags":[]},{"ancestorTitles":["finance helpers"],"fullName":"finance helpers computes runway from projected weekly net rather than wages alone","status":"passed","title":"computes runway from projected weekly net rather than wages alone","duration":0.5987000000004628,"failureMessages":[],"meta":{},"tags":[]},{"ancestorTitles":["finance helpers"],"fullName":"finance helpers builds a finance snapshot with the worst status carried forward","status":"passed","title":"builds a finance snapshot with the worst status carried forward","duration":1.3297999999995227,"failureMessages":[],"meta":{},"tags":[]}],"startTime":1778015946072,"endTime":1778015946078.3298,"status":"passed","message":"","name":"C:/Users/pedre/OneDrive/Documentos/dev/openfootmanager/src/lib/finance.test.ts"},{"assertionResults":[{"ancestorTitles":["getTeamName"],"fullName":"getTeamName returns team name for valid id","status":"passed","title":"returns team name for valid id","duration":4.829299999999421,"failureMessages":[],"meta":{},"tags":[]},{"ancestorTitles":["getTeamName"],"fullName":"getTeamName returns 'Free Agent' for null id","status":"passed","title":"returns 'Free Agent' for null id","duration":0.6826000000000931,"failureMessages":[],"meta":{},"tags":[]},{"ancestorTitles":["getTeamName"],"fullName":"getTeamName returns 'Unknown' for non-existent id","status":"passed","title":"returns 'Unknown' for non-existent id","duration":0.5632999999997992,"failureMessages":[],"meta":{},"tags":[]},{"ancestorTitles":["getTeamShort"],"fullName":"getTeamShort returns short name for valid id","status":"passed","title":"returns short name for valid id","duration":0.5944999999992433,"failureMessages":[],"meta":{},"tags":[]},{"ancestorTitles":["getTeamShort"],"fullName":"getTeamShort returns '???' for non-existent id","status":"passed","title":"returns '???' for non-existent id","duration":0.484599999999773,"failureMessages":[],"meta":{},"tags":[]},{"ancestorTitles":["findNextFixture"],"fullName":"findNextFixture finds scheduled fixture for team","status":"passed","title":"finds scheduled fixture for team","duration":0.5919000000003507,"failureMessages":[],"meta":{},"tags":[]},{"ancestorTitles":["findNextFixture"],"fullName":"findNextFixture returns undefined when no scheduled fixtures exist","status":"passed","title":"returns undefined when no scheduled fixtures exist","duration":0.47190000000045984,"failureMessages":[],"meta":{},"tags":[]},{"ancestorTitles":["findNextFixture"],"fullName":"findNextFixture returns undefined for non-matching team","status":"passed","title":"returns undefined for non-matching team","duration":0.3849999999993088,"failureMessages":[],"meta":{},"tags":[]},{"ancestorTitles":["season helpers"],"fullName":"season helpers computes the expected double round-robin fixture count for even-sized leagues","status":"passed","title":"computes the expected double round-robin fixture count for even-sized leagues","duration":0.5380000000004657,"failureMessages":[],"meta":{},"tags":[]},{"ancestorTitles":["season helpers"],"fullName":"season helpers treats odd-sized or undersized leagues as incomplete schedules","status":"passed","title":"treats odd-sized or undersized leagues as incomplete schedules","duration":0.5235000000002401,"failureMessages":[],"meta":{},"tags":[]},{"ancestorTitles":["season helpers"],"fullName":"season helpers requires a full plausible schedule before marking the season complete","status":"passed","title":"requires a full plausible schedule before marking the season complete","duration":0.7094999999999345,"failureMessages":[],"meta":{},"tags":[]},{"ancestorTitles":["season helpers"],"fullName":"season helpers ignores friendlies when validating league schedule completeness","status":"passed","title":"ignores friendlies when validating league schedule completeness","duration":0.6228999999993903,"failureMessages":[],"meta":{},"tags":[]},{"ancestorTitles":["season helpers"],"fullName":"season helpers marks the season complete when the full schedule exists and every fixture is completed","status":"passed","title":"marks the season complete when the full schedule exists and every fixture is completed","duration":0.5070000000005166,"failureMessages":[],"meta":{},"tags":[]},{"ancestorTitles":["getLocale"],"fullName":"getLocale maps known language codes","status":"passed","title":"maps known language codes","duration":0.656699999999546,"failureMessages":[],"meta":{},"tags":[]},{"ancestorTitles":["getLocale"],"fullName":"getLocale returns input for unknown codes","status":"passed","title":"returns input for unknown codes","duration":4.370499999999993,"failureMessages":[],"meta":{},"tags":[]},{"ancestorTitles":["getLocale"],"fullName":"getLocale returns 'en-US' for undefined","status":"passed","title":"returns 'en-US' for undefined","duration":0.5267999999996391,"failureMessages":[],"meta":{},"tags":[]},{"ancestorTitles":["calcOvr"],"fullName":"calcOvr calculates positional overall from the player's natural role","status":"passed","title":"calculates positional overall from the player's natural role","duration":2.3491000000003623,"failureMessages":[],"meta":{},"tags":[]},{"ancestorTitles":["calcOvr"],"fullName":"calcOvr rounds positional overall to the nearest integer","status":"passed","title":"rounds positional overall to the nearest integer","duration":1.2409999999999854,"failureMessages":[],"meta":{},"tags":[]},{"ancestorTitles":["calcAge"],"fullName":"calcAge calculates age relative to 2026","status":"passed","title":"calculates age relative to 2026","duration":0.41049999999995634,"failureMessages":[],"meta":{},"tags":[]},{"ancestorTitles":["getContractRiskLevel"],"fullName":"getContractRiskLevel marks contracts expiring within 180 days as critical","status":"passed","title":"marks contracts expiring within 180 days as critical","duration":0.39939999999933207,"failureMessages":[],"meta":{},"tags":[]},{"ancestorTitles":["getContractRiskLevel"],"fullName":"getContractRiskLevel marks contracts expiring within 365 days as warning","status":"passed","title":"marks contracts expiring within 365 days as warning","duration":0.3118000000004031,"failureMessages":[],"meta":{},"tags":[]},{"ancestorTitles":["getContractRiskLevel"],"fullName":"getContractRiskLevel marks longer contracts as stable","status":"passed","title":"marks longer contracts as stable","duration":0.3904999999995198,"failureMessages":[],"meta":{},"tags":[]},{"ancestorTitles":["formatVal"],"fullName":"formatVal formats millions","status":"passed","title":"formats millions","duration":46.2445000000007,"failureMessages":[],"meta":{},"tags":[]},{"ancestorTitles":["formatVal"],"fullName":"formatVal formats thousands","status":"passed","title":"formats thousands","duration":0.7668000000003303,"failureMessages":[],"meta":{},"tags":[]},{"ancestorTitles":["formatVal"],"fullName":"formatVal formats small values","status":"passed","title":"formats small values","duration":0.3850000000002183,"failureMessages":[],"meta":{},"tags":[]},{"ancestorTitles":["formatVal"],"fullName":"formatVal uses the selected settings currency","status":"passed","title":"uses the selected settings currency","duration":0.6684999999997672,"failureMessages":[],"meta":{},"tags":[]},{"ancestorTitles":["formatExactMoney"],"fullName":"formatExactMoney formats exact amounts using the selected settings currency","status":"passed","title":"formats exact amounts using the selected settings currency","duration":0.8982999999998356,"failureMessages":[],"meta":{},"tags":[]},{"ancestorTitles":["formatWeeklyAmount"],"fullName":"formatWeeklyAmount appends the localized weekly suffix to a formatted amount","status":"passed","title":"appends the localized weekly suffix to a formatted amount","duration":0.4502999999995154,"failureMessages":[],"meta":{},"tags":[]},{"ancestorTitles":["positionBadgeVariant"],"fullName":"positionBadgeVariant returns correct variant for each position","status":"passed","title":"returns correct variant for each position","duration":0.7043999999996231,"failureMessages":[],"meta":{},"tags":[]},{"ancestorTitles":["positionBadgeVariant"],"fullName":"positionBadgeVariant returns 'primary' for unknown position","status":"passed","title":"returns 'primary' for unknown position","duration":0.22589999999945576,"failureMessages":[],"meta":{},"tags":[]},{"ancestorTitles":["formatMatchDate"],"fullName":"formatMatchDate returns a short weekday + month + day string","status":"passed","title":"returns a short weekday + month + day string","duration":10.441499999999905,"failureMessages":[],"meta":{},"tags":[]},{"ancestorTitles":["formatMatchDate"],"fullName":"formatMatchDate uses getLocale for language mapping","status":"passed","title":"uses getLocale for language mapping","duration":2.4655000000002474,"failureMessages":[],"meta":{},"tags":[]},{"ancestorTitles":["formatMatchDate"],"fullName":"formatMatchDate parses RFC3339 timestamps from backend news articles","status":"passed","title":"parses RFC3339 timestamps from backend news articles","duration":5.764699999999721,"failureMessages":[],"meta":{},"tags":[]},{"ancestorTitles":["formatDate"],"fullName":"formatDate returns a full date string by default","status":"passed","title":"returns a full date string by default","duration":1.7767999999996391,"failureMessages":[],"meta":{},"tags":[]},{"ancestorTitles":["formatDate"],"fullName":"formatDate accepts custom Intl.DateTimeFormatOptions","status":"passed","title":"accepts custom Intl.DateTimeFormatOptions","duration":1.277900000000045,"failureMessages":[],"meta":{},"tags":[]},{"ancestorTitles":["formatDateFull"],"fullName":"formatDateFull includes weekday, month, day, year","status":"passed","title":"includes weekday, month, day, year","duration":3.378700000000208,"failureMessages":[],"meta":{},"tags":[]},{"ancestorTitles":["formatDateShort"],"fullName":"formatDateShort returns short month + day","status":"passed","title":"returns short month + day","duration":1.3346999999994296,"failureMessages":[],"meta":{},"tags":[]},{"ancestorTitles":["formatDateShort"],"fullName":"formatDateShort does not include year","status":"passed","title":"does not include year","duration":1.0366000000003623,"failureMessages":[],"meta":{},"tags":[]},{"ancestorTitles":["date parsing timezone consistency"],"fullName":"date parsing timezone consistency renders YYYY-MM-DD and UTC midnight RFC3339 for the same day identically","status":"passed","title":"renders YYYY-MM-DD and UTC midnight RFC3339 for the same day identically","duration":1.1508000000003449,"failureMessages":[],"meta":{},"tags":[]},{"ancestorTitles":["date parsing timezone consistency"],"fullName":"date parsing timezone consistency renders YYYY-MM-DD and RFC3339 with positive UTC offset for the same day identically","status":"passed","title":"renders YYYY-MM-DD and RFC3339 with positive UTC offset for the same day identically","duration":1.0052999999998065,"failureMessages":[],"meta":{},"tags":[]},{"ancestorTitles":["date parsing timezone consistency"],"fullName":"date parsing timezone consistency renders YYYY-MM-DD and RFC3339 with negative UTC offset for the same day identically","status":"passed","title":"renders YYYY-MM-DD and RFC3339 with negative UTC offset for the same day identically","duration":0.8908000000001266,"failureMessages":[],"meta":{},"tags":[]},{"ancestorTitles":["date parsing timezone consistency"],"fullName":"date parsing timezone consistency preserves the correct calendar day for UTC midnight dates across formats","status":"passed","title":"preserves the correct calendar day for UTC midnight dates across formats","duration":0.8170999999993,"failureMessages":[],"meta":{},"tags":[]},{"ancestorTitles":["isSeasonComplete with unplayed season"],"fullName":"isSeasonComplete with unplayed season returns false when the schedule is full but no matches have been played","status":"passed","title":"returns false when the schedule is full but no matches have been played","duration":0.8176999999996042,"failureMessages":[],"meta":{},"tags":[]}],"startTime":1778015919500,"endTime":1778015919606.8176,"status":"passed","message":"","name":"C:/Users/pedre/OneDrive/Documentos/dev/openfootmanager/src/lib/helpers.test.ts"},{"assertionResults":[{"ancestorTitles":["playerSquad"],"fullName":"playerSquad defaults missing squad role to senior","status":"passed","title":"defaults missing squad role to senior","duration":2.1482999999998356,"failureMessages":[],"meta":{},"tags":[]},{"ancestorTitles":["playerSquad"],"fullName":"playerSquad identifies youth academy players explicitly","status":"passed","title":"identifies youth academy players explicitly","duration":0.4488000000001193,"failureMessages":[],"meta":{},"tags":[]},{"ancestorTitles":["playerSquad"],"fullName":"playerSquad only allows under-21 senior players to be delegated","status":"passed","title":"only allows under-21 senior players to be delegated","duration":0.8295000000007349,"failureMessages":[],"meta":{},"tags":[]}],"startTime":1778015946528,"endTime":1778015946531.8296,"status":"passed","message":"","name":"C:/Users/pedre/OneDrive/Documentos/dev/openfootmanager/src/lib/playerSquad.test.ts"},{"assertionResults":[{"ancestorTitles":["seasonContext"],"fullName":"seasonContext derives preseason state when backend season_context is missing","status":"passed","title":"derives preseason state when backend season_context is missing","duration":5.853500000000167,"failureMessages":[],"meta":{},"tags":[]},{"ancestorTitles":["seasonContext"],"fullName":"seasonContext prefers the backend-provided season_context when present","status":"passed","title":"prefers the backend-provided season_context when present","duration":0.708400000000438,"failureMessages":[],"meta":{},"tags":[]},{"ancestorTitles":["seasonContext"],"fullName":"seasonContext ignores preseason friendlies when deriving the competitive season start","status":"passed","title":"ignores preseason friendlies when deriving the competitive season start","duration":0.6284999999998035,"failureMessages":[],"meta":{},"tags":[]},{"ancestorTitles":["seasonContext"],"fullName":"seasonContext keeps the transfer window closed before the preseason opening threshold","status":"passed","title":"keeps the transfer window closed before the preseason opening threshold","duration":0.6232999999992899,"failureMessages":[],"meta":{},"tags":[]},{"ancestorTitles":["seasonContext"],"fullName":"seasonContext marks deadline day when the transfer window reaches its closing threshold","status":"passed","title":"marks deadline day when the transfer window reaches its closing threshold","duration":0.511899999999514,"failureMessages":[],"meta":{},"tags":[]}],"startTime":1778015941620,"endTime":1778015941628.6233,"status":"passed","message":"","name":"C:/Users/pedre/OneDrive/Documentos/dev/openfootmanager/src/lib/seasonContext.test.ts"},{"assertionResults":[{"ancestorTitles":["Dashboard"],"fullName":"Dashboard supports search selection, profile switching, back-navigation, and tab switching","status":"passed","title":"supports search selection, profile switching, back-navigation, and tab switching","duration":399.6388999999999,"failureMessages":[],"meta":{},"tags":[]}],"startTime":1778015906272,"endTime":1778015906671.639,"status":"passed","message":"","name":"C:/Users/pedre/OneDrive/Documentos/dev/openfootmanager/src/pages/Dashboard.test.tsx"},{"assertionResults":[{"ancestorTitles":["MainMenu"],"fullName":"MainMenu stores the nationality as an ISO code and continues the flow in es","status":"passed","title":"stores the nationality as an ISO code and continues the flow in es","duration":1064.5771999999997,"failureMessages":[],"meta":{},"tags":[]},{"ancestorTitles":["MainMenu"],"fullName":"MainMenu stores the nationality as an ISO code and continues the flow in de","status":"passed","title":"stores the nationality as an ISO code and continues the flow in de","duration":541.3906999999999,"failureMessages":[],"meta":{},"tags":[]},{"ancestorTitles":["MainMenu"],"fullName":"MainMenu stores the nationality as an ISO code and continues the flow in fr","status":"passed","title":"stores the nationality as an ISO code and continues the flow in fr","duration":505.45620000000054,"failureMessages":[],"meta":{},"tags":[]},{"ancestorTitles":["MainMenu"],"fullName":"MainMenu stores the nationality as an ISO code and continues the flow in it","status":"passed","title":"stores the nationality as an ISO code and continues the flow in it","duration":417.54240000000027,"failureMessages":[],"meta":{},"tags":[]},{"ancestorTitles":["MainMenu"],"fullName":"MainMenu stores the nationality as an ISO code and continues the flow in pt","status":"passed","title":"stores the nationality as an ISO code and continues the flow in pt","duration":420.53219999999965,"failureMessages":[],"meta":{},"tags":[]},{"ancestorTitles":["MainMenu"],"fullName":"MainMenu stores the nationality as an ISO code and continues the flow in pt-BR","status":"passed","title":"stores the nationality as an ISO code and continues the flow in pt-BR","duration":500.4930999999997,"failureMessages":[],"meta":{},"tags":[]},{"ancestorTitles":["MainMenu"],"fullName":"MainMenu allows changing nationality after the other manager fields are filled","status":"passed","title":"allows changing nationality after the other manager fields are filled","duration":720.3001000000004,"failureMessages":[],"meta":{},"tags":[]},{"ancestorTitles":["MainMenu"],"fullName":"MainMenu allows selecting England instead of legacy GB","status":"passed","title":"allows selecting England instead of legacy GB","duration":403.7543000000005,"failureMessages":[],"meta":{},"tags":[]},{"ancestorTitles":["MainMenu"],"fullName":"MainMenu preserves nationality when a stale date picker callback fires after selection","status":"passed","title":"preserves nationality when a stale date picker callback fires after selection","duration":400.3624999999993,"failureMessages":[],"meta":{},"tags":[]},{"ancestorTitles":["MainMenu"],"fullName":"MainMenu allows searching localized countries without accents before selecting them","status":"passed","title":"allows searching localized countries without accents before selecting them","duration":387.89700000000084,"failureMessages":[],"meta":{},"tags":[]},{"ancestorTitles":["MainMenu"],"fullName":"MainMenu focuses the first invalid field when submitting an empty Create Manager form","status":"passed","title":"focuses the first invalid field when submitting an empty Create Manager form","duration":122.37669999999889,"failureMessages":[],"meta":{},"tags":[]},{"ancestorTitles":["MainMenu"],"fullName":"MainMenu focuses the next invalid field in order when earlier fields are valid","status":"passed","title":"focuses the next invalid field in order when earlier fields are valid","duration":124.45570000000043,"failureMessages":[],"meta":{},"tags":[]},{"ancestorTitles":["MainMenu"],"fullName":"MainMenu shows min-age feedback for an underage DOB, blocks progression, and focuses the DOB field on submit","status":"passed","title":"shows min-age feedback for an underage DOB, blocks progression, and focuses the DOB field on submit","duration":420.59059999999954,"failureMessages":[],"meta":{},"tags":[]}],"startTime":1778015857944,"endTime":1778015863985.5906,"status":"passed","message":"","name":"C:/Users/pedre/OneDrive/Documentos/dev/openfootmanager/src/pages/MainMenu.test.tsx"},{"assertionResults":[{"ancestorTitles":["MatchSimulation"],"fullName":"MatchSimulation renders the current live snapshot when get_match_snapshot succeeds","status":"passed","title":"renders the current live snapshot when get_match_snapshot succeeds","duration":73.35420000000067,"failureMessages":[],"meta":{},"tags":[]},{"ancestorTitles":["MatchSimulation"],"fullName":"MatchSimulation restores the live match session when no snapshot exists but fixture index is provided","status":"passed","title":"restores the live match session when no snapshot exists but fixture index is provided","duration":37.625600000000304,"failureMessages":[],"meta":{},"tags":[]},{"ancestorTitles":["MatchSimulation"],"fullName":"MatchSimulation moves spectators straight into the live match stage","status":"passed","title":"moves spectators straight into the live match stage","duration":14.246500000000196,"failureMessages":[],"meta":{},"tags":[]},{"ancestorTitles":["MatchSimulation"],"fullName":"MatchSimulation navigates away from postmatch after the finalized game has been stored","status":"passed","title":"navigates away from postmatch after the finalized game has been stored","duration":126.38580000000002,"failureMessages":[],"meta":{},"tags":[]},{"ancestorTitles":["MatchSimulation"],"fullName":"MatchSimulation finalizes the match on full time and passes the round summary into postmatch","status":"passed","title":"finalizes the match on full time and passes the round summary into postmatch","duration":126.67309999999998,"failureMessages":[],"meta":{},"tags":[]}],"startTime":1778015902508,"endTime":1778015902886.673,"status":"passed","message":"","name":"C:/Users/pedre/OneDrive/Documentos/dev/openfootmanager/src/pages/MatchSimulation.test.tsx"},{"assertionResults":[{"ancestorTitles":["advanceTimeService"],"fullName":"advanceTimeService calls the advance-time backend command with the requested mode","status":"passed","title":"calls the advance-time backend command with the requested mode","duration":11.68119999999999,"failureMessages":[],"meta":{},"tags":[]},{"ancestorTitles":["advanceTimeService"],"fullName":"advanceTimeService returns blocker data when the blocker command succeeds","status":"passed","title":"returns blocker data when the blocker command succeeds","duration":4.364700000000084,"failureMessages":[],"meta":{},"tags":[]},{"ancestorTitles":["advanceTimeService"],"fullName":"advanceTimeService falls back to an empty blocker list when the blocker command fails","status":"passed","title":"falls back to an empty blocker list when the blocker command fails","duration":8.567399999999907,"failureMessages":[],"meta":{},"tags":[]},{"ancestorTitles":["advanceTimeService"],"fullName":"advanceTimeService calls the skip-to-match-day backend command","status":"passed","title":"calls the skip-to-match-day backend command","duration":1.4984999999996944,"failureMessages":[],"meta":{},"tags":[]}],"startTime":1778015927608,"endTime":1778015927634.4985,"status":"passed","message":"","name":"C:/Users/pedre/OneDrive/Documentos/dev/openfootmanager/src/services/advanceTimeService.test.ts"},{"assertionResults":[{"ancestorTitles":["contractService"],"fullName":"contractService marks a contract to expire","status":"passed","title":"marks a contract to expire","duration":8.402600000000348,"failureMessages":[],"meta":{},"tags":[]},{"ancestorTitles":["contractService"],"fullName":"contractService clears a planned expiry intent","status":"passed","title":"clears a planned expiry intent","duration":1.0839999999998327,"failureMessages":[],"meta":{},"tags":[]},{"ancestorTitles":["contractService"],"fullName":"contractService previews immediate termination","status":"passed","title":"previews immediate termination","duration":1.0084999999999127,"failureMessages":[],"meta":{},"tags":[]},{"ancestorTitles":["contractService"],"fullName":"contractService terminates a contract immediately","status":"passed","title":"terminates a contract immediately","duration":1.040899999999965,"failureMessages":[],"meta":{},"tags":[]}],"startTime":1778015931054,"endTime":1778015931066.041,"status":"passed","message":"","name":"C:/Users/pedre/OneDrive/Documentos/dev/openfootmanager/src/services/contractService.test.ts"},{"assertionResults":[{"ancestorTitles":["inboxService"],"fullName":"inboxService marks a single message as read","status":"passed","title":"marks a single message as read","duration":9.654199999999946,"failureMessages":[],"meta":{},"tags":[]},{"ancestorTitles":["inboxService"],"fullName":"inboxService resolves a message action","status":"passed","title":"resolves a message action","duration":1.1914999999999054,"failureMessages":[],"meta":{},"tags":[]},{"ancestorTitles":["inboxService"],"fullName":"inboxService marks all messages as read","status":"passed","title":"marks all messages as read","duration":0.8272000000006301,"failureMessages":[],"meta":{},"tags":[]},{"ancestorTitles":["inboxService"],"fullName":"inboxService clears old messages","status":"passed","title":"clears old messages","duration":0.8843000000006214,"failureMessages":[],"meta":{},"tags":[]},{"ancestorTitles":["inboxService"],"fullName":"inboxService deletes a single message","status":"passed","title":"deletes a single message","duration":0.9670999999998457,"failureMessages":[],"meta":{},"tags":[]},{"ancestorTitles":["inboxService"],"fullName":"inboxService deletes multiple messages","status":"passed","title":"deletes multiple messages","duration":0.9954000000007,"failureMessages":[],"meta":{},"tags":[]}],"startTime":1778015928823,"endTime":1778015928837.9954,"status":"passed","message":"","name":"C:/Users/pedre/OneDrive/Documentos/dev/openfootmanager/src/services/inboxService.test.ts"},{"assertionResults":[{"ancestorTitles":["scoutingService"],"fullName":"scoutingService calls the send scout backend command","status":"passed","title":"calls the send scout backend command","duration":9.323699999999917,"failureMessages":[],"meta":{},"tags":[]}],"startTime":1778015938684,"endTime":1778015938693.3237,"status":"passed","message":"","name":"C:/Users/pedre/OneDrive/Documentos/dev/openfootmanager/src/services/scoutingService.test.ts"},{"assertionResults":[{"ancestorTitles":["squadService"],"fullName":"squadService calls the set player squad role backend command","status":"passed","title":"calls the set player squad role backend command","duration":11.547900000000482,"failureMessages":[],"meta":{},"tags":[]}],"startTime":1778015935578,"endTime":1778015935589.5479,"status":"passed","message":"","name":"C:/Users/pedre/OneDrive/Documentos/dev/openfootmanager/src/services/squadService.test.ts"},{"assertionResults":[{"ancestorTitles":["staffService"],"fullName":"staffService calls the hire staff backend command","status":"passed","title":"calls the hire staff backend command","duration":8.310599999999795,"failureMessages":[],"meta":{},"tags":[]},{"ancestorTitles":["staffService"],"fullName":"staffService calls the release staff backend command","status":"passed","title":"calls the release staff backend command","duration":1.2280000000000655,"failureMessages":[],"meta":{},"tags":[]}],"startTime":1778015930084,"endTime":1778015930093.228,"status":"passed","message":"","name":"C:/Users/pedre/OneDrive/Documentos/dev/openfootmanager/src/services/staffService.test.ts"},{"assertionResults":[{"ancestorTitles":["trainingService"],"fullName":"trainingService calls the set training backend command","status":"passed","title":"calls the set training backend command","duration":8.836999999999534,"failureMessages":[],"meta":{},"tags":[]},{"ancestorTitles":["trainingService"],"fullName":"trainingService calls the set training schedule backend command","status":"passed","title":"calls the set training schedule backend command","duration":1.1269000000002052,"failureMessages":[],"meta":{},"tags":[]},{"ancestorTitles":["trainingService"],"fullName":"trainingService calls the set training groups backend command","status":"passed","title":"calls the set training groups backend command","duration":1.3303999999998268,"failureMessages":[],"meta":{},"tags":[]},{"ancestorTitles":["trainingService"],"fullName":"trainingService calls the set player training focus backend command","status":"passed","title":"calls the set player training focus backend command","duration":1.0430999999998676,"failureMessages":[],"meta":{},"tags":[]}],"startTime":1778015930787,"endTime":1778015930800.0432,"status":"passed","message":"","name":"C:/Users/pedre/OneDrive/Documentos/dev/openfootmanager/src/services/trainingService.test.ts"},{"assertionResults":[{"ancestorTitles":["transfersService"],"fullName":"transfersService calls the make transfer bid backend command","status":"passed","title":"calls the make transfer bid backend command","duration":7.315299999999297,"failureMessages":[],"meta":{},"tags":[]},{"ancestorTitles":["transfersService"],"fullName":"transfersService calls the respond to offer backend command","status":"passed","title":"calls the respond to offer backend command","duration":1.194800000000214,"failureMessages":[],"meta":{},"tags":[]},{"ancestorTitles":["transfersService"],"fullName":"transfersService calls the counter offer backend command","status":"passed","title":"calls the counter offer backend command","duration":1.550799999999981,"failureMessages":[],"meta":{},"tags":[]},{"ancestorTitles":["transfersService"],"fullName":"transfersService calls the transfer bid projection backend command","status":"passed","title":"calls the transfer bid projection backend command","duration":1.4604999999992287,"failureMessages":[],"meta":{},"tags":[]}],"startTime":1778015933039,"endTime":1778015933050.4604,"status":"passed","message":"","name":"C:/Users/pedre/OneDrive/Documentos/dev/openfootmanager/src/services/transfersService.test.ts"},{"assertionResults":[{"ancestorTitles":["useGameStore"],"fullName":"useGameStore starts with default values","status":"passed","title":"starts with default values","duration":4.818100000000413,"failureMessages":[],"meta":{},"tags":[]},{"ancestorTitles":["useGameStore","setGameActive"],"fullName":"useGameStore setGameActive sets hasActiveGame and managerName","status":"passed","title":"sets hasActiveGame and managerName","duration":0.6802999999999884,"failureMessages":[],"meta":{},"tags":[]},{"ancestorTitles":["useGameStore","setGameActive"],"fullName":"useGameStore setGameActive sets managerName to null when not provided","status":"passed","title":"sets managerName to null when not provided","duration":0.43220000000019354,"failureMessages":[],"meta":{},"tags":[]},{"ancestorTitles":["useGameStore","setGameActive"],"fullName":"useGameStore setGameActive can deactivate the game","status":"passed","title":"can deactivate the game","duration":0.5714000000007218,"failureMessages":[],"meta":{},"tags":[]},{"ancestorTitles":["useGameStore","setGameState"],"fullName":"useGameStore setGameState stores game state data","status":"passed","title":"stores game state data","duration":0.7148000000006505,"failureMessages":[],"meta":{},"tags":[]},{"ancestorTitles":["useGameStore","setGameState"],"fullName":"useGameStore setGameState marks state as dirty","status":"passed","title":"marks state as dirty","duration":0.4062000000003536,"failureMessages":[],"meta":{},"tags":[]},{"ancestorTitles":["useGameStore","setGameState"],"fullName":"useGameStore setGameState replaces previous game state","status":"passed","title":"replaces previous game state","duration":0.43149999999968713,"failureMessages":[],"meta":{},"tags":[]},{"ancestorTitles":["useGameStore","clearGame"],"fullName":"useGameStore clearGame resets all fields to initial state","status":"passed","title":"resets all fields to initial state","duration":0.7087999999994281,"failureMessages":[],"meta":{},"tags":[]},{"ancestorTitles":["useGameStore","isDirty / markClean"],"fullName":"useGameStore isDirty / markClean is false initially","status":"passed","title":"is false initially","duration":0.5210000000006403,"failureMessages":[],"meta":{},"tags":[]},{"ancestorTitles":["useGameStore","isDirty / markClean"],"fullName":"useGameStore isDirty / markClean becomes true after setGameState","status":"passed","title":"becomes true after setGameState","duration":0.7721000000001368,"failureMessages":[],"meta":{},"tags":[]},{"ancestorTitles":["useGameStore","isDirty / markClean"],"fullName":"useGameStore isDirty / markClean resets to false after markClean","status":"passed","title":"resets to false after markClean","duration":0.46600000000034925,"failureMessages":[],"meta":{},"tags":[]},{"ancestorTitles":["useGameStore","isDirty / markClean"],"fullName":"useGameStore isDirty / markClean resets to false after clearGame","status":"passed","title":"resets to false after clearGame","duration":0.3489999999992506,"failureMessages":[],"meta":{},"tags":[]}],"startTime":1778015934025,"endTime":1778015934038.466,"status":"passed","message":"","name":"C:/Users/pedre/OneDrive/Documentos/dev/openfootmanager/src/store/gameStore.test.ts"},{"assertionResults":[{"ancestorTitles":["useSettingsStore"],"fullName":"useSettingsStore starts with default settings and an unloaded flag","status":"passed","title":"starts with default settings and an unloaded flag","duration":5.262499999999818,"failureMessages":[],"meta":{},"tags":[]},{"ancestorTitles":["useSettingsStore"],"fullName":"useSettingsStore loads settings from the backend and merges missing fields with defaults","status":"passed","title":"loads settings from the backend and merges missing fields with defaults","duration":3.0369000000000597,"failureMessages":[],"meta":{},"tags":[]},{"ancestorTitles":["useSettingsStore"],"fullName":"useSettingsStore falls back to default settings when loading fails","status":"passed","title":"falls back to default settings when loading fails","duration":0.9160999999994601,"failureMessages":[],"meta":{},"tags":[]},{"ancestorTitles":["useSettingsStore"],"fullName":"useSettingsStore optimistically merges updates and persists the merged settings","status":"passed","title":"optimistically merges updates and persists the merged settings","duration":1.760099999999511,"failureMessages":[],"meta":{},"tags":[]},{"ancestorTitles":["useSettingsStore"],"fullName":"useSettingsStore rolls back the local update when saving fails and reports the error","status":"passed","title":"rolls back the local update when saving fails and reports the error","duration":2.0913000000000466,"failureMessages":[],"meta":{},"tags":[]}],"startTime":1778015927864,"endTime":1778015927877.0913,"status":"passed","message":"","name":"C:/Users/pedre/OneDrive/Documentos/dev/openfootmanager/src/store/settingsStore.test.ts"},{"assertionResults":[{"ancestorTitles":["backend i18n locale coverage"],"fullName":"backend i18n locale coverage keeps required backend-facing translation keys in every supported locale","status":"passed","title":"keeps required backend-facing translation keys in every supported locale","duration":7.390700000000834,"failureMessages":[],"meta":{},"tags":[]},{"ancestorTitles":["backend i18n locale coverage"],"fullName":"backend i18n locale coverage keeps zh-CN aligned with the English translation key set","status":"passed","title":"keeps zh-CN aligned with the English translation key set","duration":2.6296000000002095,"failureMessages":[],"meta":{},"tags":[]}],"startTime":1778015928744,"endTime":1778015928753.6296,"status":"passed","message":"","name":"C:/Users/pedre/OneDrive/Documentos/dev/openfootmanager/src/utils/backendI18n.localeCoverage.test.ts"},{"assertionResults":[{"ancestorTitles":["backendI18n.playerEvents"],"fullName":"backendI18n.playerEvents infers the player-event group from legacy message prefixes","status":"passed","title":"infers the player-event group from legacy message prefixes","duration":4.239400000000387,"failureMessages":[],"meta":{},"tags":[]},{"ancestorTitles":["backendI18n.playerEvents"],"fullName":"backendI18n.playerEvents returns undefined for unrelated messages","status":"passed","title":"returns undefined for unrelated messages","duration":0.7593000000006214,"failureMessages":[],"meta":{},"tags":[]},{"ancestorTitles":["backendI18n.playerEvents"],"fullName":"backendI18n.playerEvents infers the generic respond action key for legacy player events","status":"passed","title":"infers the generic respond action key for legacy player events","duration":0.61200000000008,"failureMessages":[],"meta":{},"tags":[]},{"ancestorTitles":["backendI18n.playerEvents"],"fullName":"backendI18n.playerEvents infers option base keys for known legacy player-event options","status":"passed","title":"infers option base keys for known legacy player-event options","duration":0.6481000000003405,"failureMessages":[],"meta":{},"tags":[]},{"ancestorTitles":["backendI18n.playerEvents"],"fullName":"backendI18n.playerEvents returns undefined for unknown option ids","status":"passed","title":"returns undefined for unknown option ids","duration":0.4117999999998574,"failureMessages":[],"meta":{},"tags":[]}],"startTime":1778015945151,"endTime":1778015945158.4119,"status":"passed","message":"","name":"C:/Users/pedre/OneDrive/Documentos/dev/openfootmanager/src/utils/backendI18n.playerEvents.test.ts"},{"assertionResults":[{"ancestorTitles":["resolveAction"],"fullName":"resolveAction returns action with resolved label when label_key exists","status":"passed","title":"returns action with resolved label when label_key exists","duration":8.43409999999949,"failureMessages":[],"meta":{},"tags":[]},{"ancestorTitles":["resolveAction"],"fullName":"resolveAction resolves choose-option labels and descriptions when keys exist","status":"passed","title":"resolves choose-option labels and descriptions when keys exist","duration":1.3875999999991109,"failureMessages":[],"meta":{},"tags":[]},{"ancestorTitles":["resolveAction"],"fullName":"resolveAction resolves explicit random-event option keys with message interpolation params","status":"passed","title":"resolves explicit random-event option keys with message interpolation params","duration":2.0551000000004933,"failureMessages":[],"meta":{},"tags":[]},{"ancestorTitles":["resolveAction"],"fullName":"resolveAction keeps raw label when label_key is absent","status":"passed","title":"keeps raw label when label_key is absent","duration":0.3694000000004962,"failureMessages":[],"meta":{},"tags":[]},{"ancestorTitles":["resolveAction"],"fullName":"resolveAction falls back to raw label when key is not found in translations","status":"passed","title":"falls back to raw label when key is not found in translations","duration":0.6515000000008513,"failureMessages":[],"meta":{},"tags":[]},{"ancestorTitles":["resolveAction"],"fullName":"resolveAction infers player-event action and option keys for legacy saved messages","status":"passed","title":"infers player-event action and option keys for legacy saved messages","duration":1.2129000000004453,"failureMessages":[],"meta":{},"tags":[]},{"ancestorTitles":["resolveMessage"],"fullName":"resolveMessage resolves all translatable fields when keys exist","status":"passed","title":"resolves all translatable fields when keys exist","duration":1.259200000000419,"failureMessages":[],"meta":{},"tags":[]},{"ancestorTitles":["resolveMessage"],"fullName":"resolveMessage keeps raw values when no keys are provided","status":"passed","title":"keeps raw values when no keys are provided","duration":0.6773000000002867,"failureMessages":[],"meta":{},"tags":[]},{"ancestorTitles":["resolveMessage"],"fullName":"resolveMessage localizes legacy delegated renewal messages without persisted i18n keys","status":"passed","title":"localizes legacy delegated renewal messages without persisted i18n keys","duration":6.73279999999977,"failureMessages":[],"meta":{},"tags":[]},{"ancestorTitles":["resolveMessage"],"fullName":"resolveMessage preserves non-translatable fields","status":"passed","title":"preserves non-translatable fields","duration":0.6840000000001965,"failureMessages":[],"meta":{},"tags":[]},{"ancestorTitles":["resolveNewsArticle"],"fullName":"resolveNewsArticle resolves all translatable fields with params","status":"passed","title":"resolves all translatable fields with params","duration":0.9314000000003944,"failureMessages":[],"meta":{},"tags":[]},{"ancestorTitles":["resolveNewsArticle"],"fullName":"resolveNewsArticle keeps raw values when no keys are provided","status":"passed","title":"keeps raw values when no keys are provided","duration":0.42369999999937136,"failureMessages":[],"meta":{},"tags":[]},{"ancestorTitles":["resolveNewsArticle"],"fullName":"resolveNewsArticle localizes legacy weekly digest headlines that still carry an English weekLabel param","status":"passed","title":"localizes legacy weekly digest headlines that still carry an English weekLabel param","duration":0.7988999999997759,"failureMessages":[],"meta":{},"tags":[]},{"ancestorTitles":["resolveNewsArticle"],"fullName":"resolveNewsArticle preserves non-translatable fields","status":"passed","title":"preserves non-translatable fields","duration":0.40389999999933934,"failureMessages":[],"meta":{},"tags":[]},{"ancestorTitles":["resolveBoardObjective"],"fullName":"resolveBoardObjective resolves objective text from objective_type and target","status":"passed","title":"resolves objective text from objective_type and target","duration":0.6350999999995111,"failureMessages":[],"meta":{},"tags":[]},{"ancestorTitles":["resolveBoardObjective"],"fullName":"resolveBoardObjective falls back to raw description for unknown objective types","status":"passed","title":"falls back to raw description for unknown objective types","duration":0.45859999999993306,"failureMessages":[],"meta":{},"tags":[]},{"ancestorTitles":["resolveBackendText"],"fullName":"resolveBackendText resolves backend effect keys with params","status":"passed","title":"resolves backend effect keys with params","duration":0.5201999999999316,"failureMessages":[],"meta":{},"tags":[]},{"ancestorTitles":["resolveBackendError"],"fullName":"resolveBackendError resolves backend error keys","status":"passed","title":"resolves backend error keys","duration":0.70929999999953,"failureMessages":[],"meta":{},"tags":[]},{"ancestorTitles":["resolveBackendError"],"fullName":"resolveBackendError keeps raw backend errors when no translation key exists","status":"passed","title":"keeps raw backend errors when no translation key exists","duration":1.58429999999953,"failureMessages":[],"meta":{},"tags":[]}],"startTime":1778015924713,"endTime":1778015924743.5842,"status":"passed","message":"","name":"C:/Users/pedre/OneDrive/Documentos/dev/openfootmanager/src/utils/backendI18n.test.ts"},{"assertionResults":[{"ancestorTitles":["FinancesTab facilities"],"fullName":"FinancesTab facilities renders facility cards with levels and disables upgrades when funds are insufficient","status":"passed","title":"renders facility cards with levels and disables upgrades when funds are insufficient","duration":858.4378000000006,"failureMessages":[],"meta":{},"tags":[]},{"ancestorTitles":["FinancesTab facilities"],"fullName":"FinancesTab facilities invokes facility upgrade and publishes the updated game state","status":"passed","title":"invokes facility upgrade and publishes the updated game state","duration":290.5006999999996,"failureMessages":[],"meta":{},"tags":[]},{"ancestorTitles":["FinancesTab facilities"],"fullName":"FinancesTab facilities renders active sponsorship and pending sponsor offers","status":"passed","title":"renders active sponsorship and pending sponsor offers","duration":292.9958999999999,"failureMessages":[],"meta":{},"tags":[]},{"ancestorTitles":["FinancesTab facilities"],"fullName":"FinancesTab facilities accepts a sponsor offer through resolve_message_action and publishes the updated state","status":"passed","title":"accepts a sponsor offer through resolve_message_action and publishes the updated state","duration":279.85759999999937,"failureMessages":[],"meta":{},"tags":[]},{"ancestorTitles":["FinancesTab facilities"],"fullName":"FinancesTab facilities requests a sponsor pitch for a pressured club and publishes the updated state","status":"passed","title":"requests a sponsor pitch for a pressured club and publishes the updated state","duration":249.10920000000078,"failureMessages":[],"meta":{},"tags":[]},{"ancestorTitles":["FinancesTab facilities"],"fullName":"FinancesTab facilities launches a marketing campaign for a pressured club and publishes the updated state","status":"passed","title":"launches a marketing campaign for a pressured club and publishes the updated state","duration":208.35610000000088,"failureMessages":[],"meta":{},"tags":[]},{"ancestorTitles":["FinancesTab facilities"],"fullName":"FinancesTab facilities renders recovery previews from the backend finance snapshot","status":"passed","title":"renders recovery previews from the backend finance snapshot","duration":174.0641999999989,"failureMessages":[],"meta":{},"tags":[]},{"ancestorTitles":["FinancesTab facilities"],"fullName":"FinancesTab facilities disables the marketing campaign action while the campaign is cooling down","status":"passed","title":"disables the marketing campaign action while the campaign is cooling down","duration":207.47270000000026,"failureMessages":[],"meta":{},"tags":[]},{"ancestorTitles":["FinancesTab facilities"],"fullName":"FinancesTab facilities blocks facility upgrades when the backend reports warning-level financial distress","status":"passed","title":"blocks facility upgrades when the backend reports warning-level financial distress","duration":240.9357,"failureMessages":[],"meta":{},"tags":[]},{"ancestorTitles":["FinancesTab facilities"],"fullName":"FinancesTab facilities renders a cash-flow projection panel using wages, sponsorship income, and runway","status":"passed","title":"renders a cash-flow projection panel using wages, sponsorship income, and runway","duration":103.21520000000055,"failureMessages":[],"meta":{},"tags":[]},{"ancestorTitles":["FinancesTab facilities"],"fullName":"FinancesTab facilities renders wage pressure and contract risk indicators for expiring players","status":"passed","title":"renders wage pressure and contract risk indicators for expiring players","duration":263.53009999999995,"failureMessages":[],"meta":{},"tags":[]},{"ancestorTitles":["FinancesTab facilities"],"fullName":"FinancesTab facilities delegates only the selected risky renewals to the assistant and publishes the updated state","status":"passed","title":"delegates only the selected risky renewals to the assistant and publishes the updated state","duration":360.0436000000009,"failureMessages":[],"meta":{},"tags":[]}],"startTime":1778015857768,"endTime":1778015861296.0437,"status":"passed","message":"","name":"C:/Users/pedre/OneDrive/Documentos/dev/openfootmanager/src/components/finances/FinancesTab.test.tsx"},{"assertionResults":[{"ancestorTitles":["DashboardBlockerModal"],"fullName":"DashboardBlockerModal renders translated blocker text and translated destination tab","status":"passed","title":"renders translated blocker text and translated destination tab","duration":467.9474,"failureMessages":[],"meta":{},"tags":[]}],"startTime":1778015898592,"endTime":1778015899059.9475,"status":"passed","message":"","name":"C:/Users/pedre/OneDrive/Documentos/dev/openfootmanager/src/components/dashboard/DashboardBlockerModal.test.tsx"},{"assertionResults":[{"ancestorTitles":["DashboardHeader"],"fullName":"DashboardHeader offers context menu actions for player search results","status":"passed","title":"offers context menu actions for player search results","duration":569.6714999999995,"failureMessages":[],"meta":{},"tags":[]}],"startTime":1778015877834,"endTime":1778015878403.6714,"status":"passed","message":"","name":"C:/Users/pedre/OneDrive/Documentos/dev/openfootmanager/src/components/dashboard/DashboardHeader.test.tsx"},{"assertionResults":[{"ancestorTitles":["dashboardHelpers"],"fullName":"dashboardHelpers finds today's scheduled fixture for the manager's team","status":"passed","title":"finds today's scheduled fixture for the manager's team","duration":6.3091999999996915,"failureMessages":[],"meta":{},"tags":[]},{"ancestorTitles":["dashboardHelpers"],"fullName":"dashboardHelpers returns null when no fixture matches today","status":"passed","title":"returns null when no fixture matches today","duration":0.5897000000004482,"failureMessages":[],"meta":{},"tags":[]},{"ancestorTitles":["dashboardHelpers"],"fullName":"dashboardHelpers returns manager team name and unread count","status":"passed","title":"returns manager team name and unread count","duration":1.095999999999549,"failureMessages":[],"meta":{},"tags":[]},{"ancestorTitles":["dashboardHelpers"],"fullName":"dashboardHelpers filters dashboard search results for teams and players","status":"passed","title":"filters dashboard search results for teams and players","duration":3.2971999999999753,"failureMessages":[],"meta":{},"tags":[]},{"ancestorTitles":["dashboardHelpers"],"fullName":"dashboardHelpers maps player positions to dashboard badge variants","status":"passed","title":"maps player positions to dashboard badge variants","duration":0.6714000000001761,"failureMessages":[],"meta":{},"tags":[]},{"ancestorTitles":["dashboardHelpers"],"fullName":"dashboardHelpers builds dashboard alerts for critical squad issues","status":"passed","title":"builds dashboard alerts for critical squad issues","duration":5.030700000000252,"failureMessages":[],"meta":{},"tags":[]},{"ancestorTitles":["dashboardHelpers"],"fullName":"dashboardHelpers builds dashboard alerts for finance pressure","status":"passed","title":"builds dashboard alerts for finance pressure","duration":48.91150000000016,"failureMessages":[],"meta":{},"tags":[]},{"ancestorTitles":["dashboardHelpers"],"fullName":"dashboardHelpers does not warn about an incomplete Starting XI when a healthy roster can normalize a partial saved lineup","status":"passed","title":"does not warn about an incomplete Starting XI when a healthy roster can normalize a partial saved lineup","duration":17.77729999999974,"failureMessages":[],"meta":{},"tags":[]}],"startTime":1778015922813,"endTime":1778015922897.7773,"status":"passed","message":"","name":"C:/Users/pedre/OneDrive/Documentos/dev/openfootmanager/src/components/dashboard/dashboardHelpers.test.ts"},{"assertionResults":[{"ancestorTitles":["dashboardProfileNavigation"],"fullName":"dashboardProfileNavigation resets to a tab and clears selected profiles and history","status":"passed","title":"resets to a tab and clears selected profiles and history","duration":4.975000000000364,"failureMessages":[],"meta":{},"tags":[]},{"ancestorTitles":["dashboardProfileNavigation"],"fullName":"dashboardProfileNavigation navigates to a selected player while preserving history","status":"passed","title":"navigates to a selected player while preserving history","duration":1.1336999999994077,"failureMessages":[],"meta":{},"tags":[]},{"ancestorTitles":["dashboardProfileNavigation"],"fullName":"dashboardProfileNavigation restores the previous entry when navigating back","status":"passed","title":"restores the previous entry when navigating back","duration":2.3140000000003056,"failureMessages":[],"meta":{},"tags":[]},{"ancestorTitles":["dashboardProfileNavigation"],"fullName":"dashboardProfileNavigation tracks whether a profile or history stack is active","status":"passed","title":"tracks whether a profile or history stack is active","duration":0.5345999999999549,"failureMessages":[],"meta":{},"tags":[]},{"ancestorTitles":["dashboardProfileNavigation"],"fullName":"dashboardProfileNavigation replaces the current profile selection when opening a search result","status":"passed","title":"replaces the current profile selection when opening a search result","duration":0.6656000000002678,"failureMessages":[],"meta":{},"tags":[]}],"startTime":1778015939549,"endTime":1778015939558.6655,"status":"passed","message":"","name":"C:/Users/pedre/OneDrive/Documentos/dev/openfootmanager/src/components/dashboard/dashboardProfileNavigation.test.ts"},{"assertionResults":[{"ancestorTitles":["dashboardTabContentModel"],"fullName":"dashboardTabContentModel derives the manager id and preserves handler references","status":"passed","title":"derives the manager id and preserves handler references","duration":2.9023999999999432,"failureMessages":[],"meta":{},"tags":[]}],"startTime":1778015948020,"endTime":1778015948022.9023,"status":"passed","message":"","name":"C:/Users/pedre/OneDrive/Documentos/dev/openfootmanager/src/components/dashboard/dashboardTabContentModel.test.ts"},{"assertionResults":[{"ancestorTitles":["DashboardWorkspaceContent"],"fullName":"DashboardWorkspaceContent renders alerts and tab content when no profile is selected","status":"passed","title":"renders alerts and tab content when no profile is selected","duration":90.1217999999999,"failureMessages":[],"meta":{},"tags":[]},{"ancestorTitles":["DashboardWorkspaceContent"],"fullName":"DashboardWorkspaceContent renders the player profile branch with renewal intent","status":"passed","title":"renders the player profile branch with renewal intent","duration":18.050099999999475,"failureMessages":[],"meta":{},"tags":[]},{"ancestorTitles":["DashboardWorkspaceContent"],"fullName":"DashboardWorkspaceContent passes the termination intent to the player profile branch","status":"passed","title":"passes the termination intent to the player profile branch","duration":10.342999999999847,"failureMessages":[],"meta":{},"tags":[]},{"ancestorTitles":["DashboardWorkspaceContent"],"fullName":"DashboardWorkspaceContent renders the team profile branch when a team is selected","status":"passed","title":"renders the team profile branch when a team is selected","duration":6.196100000000115,"failureMessages":[],"meta":{},"tags":[]}],"startTime":1778015910489,"endTime":1778015910613.196,"status":"passed","message":"","name":"C:/Users/pedre/OneDrive/Documentos/dev/openfootmanager/src/components/dashboard/DashboardWorkspaceContent.test.tsx"},{"assertionResults":[{"ancestorTitles":["inboxHelpers"],"fullName":"inboxHelpers filters unread and category-specific message sets","status":"passed","title":"filters unread and category-specific message sets","duration":5.343799999999646,"failureMessages":[],"meta":{},"tags":[]},{"ancestorTitles":["inboxHelpers"],"fullName":"inboxHelpers sorts inbox messages by newest or oldest date","status":"passed","title":"sorts inbox messages by newest or oldest date","duration":1.3159999999998035,"failureMessages":[],"meta":{},"tags":[]},{"ancestorTitles":["inboxHelpers"],"fullName":"inboxHelpers maps team, tab, and simple routes into dashboard navigation targets","status":"passed","title":"maps team, tab, and simple routes into dashboard navigation targets","duration":1.4035000000003492,"failureMessages":[],"meta":{},"tags":[]},{"ancestorTitles":["inboxHelpers"],"fullName":"inboxHelpers recognizes player-event message prefixes","status":"passed","title":"recognizes player-event message prefixes","duration":0.8765000000003056,"failureMessages":[],"meta":{},"tags":[]}],"startTime":1778015936777,"endTime":1778015936786.8765,"status":"passed","message":"","name":"C:/Users/pedre/OneDrive/Documentos/dev/openfootmanager/src/components/inbox/inboxHelpers.test.ts"},{"assertionResults":[{"ancestorTitles":["InboxTab"],"fullName":"InboxTab renders each message exactly once in the list","status":"passed","title":"renders each message exactly once in the list","duration":208.78189999999995,"failureMessages":[],"meta":{},"tags":[]},{"ancestorTitles":["InboxTab"],"fullName":"InboxTab marks an unread message as read when selected","status":"passed","title":"marks an unread message as read when selected","duration":100.3148000000001,"failureMessages":[],"meta":{},"tags":[]},{"ancestorTitles":["InboxTab"],"fullName":"InboxTab sorts messages by date when the sort order changes","status":"passed","title":"sorts messages by date when the sort order changes","duration":472.4273999999996,"failureMessages":[],"meta":{},"tags":[]},{"ancestorTitles":["InboxTab"],"fullName":"InboxTab confirms before deleting a single message","status":"passed","title":"confirms before deleting a single message","duration":109.80209999999988,"failureMessages":[],"meta":{},"tags":[]},{"ancestorTitles":["InboxTab"],"fullName":"InboxTab opens the context menu on a message row and requests deletion","status":"passed","title":"opens the context menu on a message row and requests deletion","duration":147.4453999999996,"failureMessages":[],"meta":{},"tags":[]},{"ancestorTitles":["InboxTab"],"fullName":"InboxTab confirms before deleting selected messages in bulk","status":"passed","title":"confirms before deleting selected messages in bulk","duration":139.04510000000028,"failureMessages":[],"meta":{},"tags":[]},{"ancestorTitles":["InboxTab"],"fullName":"InboxTab navigates to a team route without resolving the message action","status":"passed","title":"navigates to a team route without resolving the message action","duration":114.3806999999997,"failureMessages":[],"meta":{},"tags":[]},{"ancestorTitles":["InboxTab"],"fullName":"InboxTab navigates to a dashboard tab and still resolves the action","status":"passed","title":"navigates to a dashboard tab and still resolves the action","duration":126.4979000000003,"failureMessages":[],"meta":{},"tags":[]},{"ancestorTitles":["InboxTab"],"fullName":"InboxTab renders localized effect feedback when the backend returns an effect key","status":"passed","title":"renders localized effect feedback when the backend returns an effect key","duration":103.23090000000047,"failureMessages":[],"meta":{},"tags":[]},{"ancestorTitles":["InboxTab"],"fullName":"InboxTab renders the outcome label from the active locale","status":"passed","title":"renders the outcome label from the active locale","duration":72.73869999999988,"failureMessages":[],"meta":{},"tags":[]},{"ancestorTitles":["InboxTab"],"fullName":"InboxTab renders delegated renewal report details with settings-aware money formatting","status":"passed","title":"renders delegated renewal report details with settings-aware money formatting","duration":79.59469999999965,"failureMessages":[],"meta":{},"tags":[]},{"ancestorTitles":["InboxTab"],"fullName":"InboxTab tells the user that player-event response outcomes vary","status":"passed","title":"tells the user that player-event response outcomes vary","duration":47.61319999999978,"failureMessages":[],"meta":{},"tags":[]}],"startTime":1778015867050,"endTime":1778015868773.6133,"status":"passed","message":"","name":"C:/Users/pedre/OneDrive/Documentos/dev/openfootmanager/src/components/inbox/InboxTab.test.tsx"},{"assertionResults":[{"ancestorTitles":["HomeLatestNewsCard"],"fullName":"HomeLatestNewsCard renders latest news headlines and scorelines","status":"passed","title":"renders latest news headlines and scorelines","duration":141.88870000000043,"failureMessages":[],"meta":{},"tags":[]},{"ancestorTitles":["HomeLatestNewsCard"],"fullName":"HomeLatestNewsCard renders the empty state when there is no latest news","status":"passed","title":"renders the empty state when there is no latest news","duration":20.621799999999894,"failureMessages":[],"meta":{},"tags":[]}],"startTime":1778015912799,"endTime":1778015912962.6218,"status":"passed","message":"","name":"C:/Users/pedre/OneDrive/Documentos/dev/openfootmanager/src/components/home/HomeLatestNewsCard.test.tsx"},{"assertionResults":[{"ancestorTitles":["HomeLeagueDigestCard"],"fullName":"HomeLeagueDigestCard renders digest articles and delegates navigation","status":"passed","title":"renders digest articles and delegates navigation","duration":714.442,"failureMessages":[],"meta":{},"tags":[]},{"ancestorTitles":["HomeLeagueDigestCard"],"fullName":"HomeLeagueDigestCard renders the empty state when there are no digest articles","status":"passed","title":"renders the empty state when there are no digest articles","duration":11.552300000000287,"failureMessages":[],"meta":{},"tags":[]}],"startTime":1778015891225,"endTime":1778015891951.5522,"status":"passed","message":"","name":"C:/Users/pedre/OneDrive/Documentos/dev/openfootmanager/src/components/home/HomeLeagueDigestCard.test.tsx"},{"assertionResults":[{"ancestorTitles":["HomeLeaguePositionCard"],"fullName":"HomeLeaguePositionCard renders preseason standings lock messaging","status":"passed","title":"renders preseason standings lock messaging","duration":114.1930999999995,"failureMessages":[],"meta":{},"tags":[]},{"ancestorTitles":["HomeLeaguePositionCard"],"fullName":"HomeLeaguePositionCard renders league table summary and form streak data","status":"passed","title":"renders league table summary and form streak data","duration":37.77230000000054,"failureMessages":[],"meta":{},"tags":[]}],"startTime":1778015915755,"endTime":1778015915906.7722,"status":"passed","message":"","name":"C:/Users/pedre/OneDrive/Documentos/dev/openfootmanager/src/components/home/HomeLeaguePositionCard.test.tsx"},{"assertionResults":[{"ancestorTitles":["HomeNextOpponentCard"],"fullName":"HomeNextOpponentCard renders the next opponent widget content","status":"passed","title":"renders the next opponent widget content","duration":223.77260000000024,"failureMessages":[],"meta":{},"tags":[]},{"ancestorTitles":["HomeNextOpponentCard"],"fullName":"HomeNextOpponentCard renders the empty state when no next opponent exists","status":"passed","title":"renders the empty state when no next opponent exists","duration":14.433199999999488,"failureMessages":[],"meta":{},"tags":[]}],"startTime":1778015905286,"endTime":1778015905524.433,"status":"passed","message":"","name":"C:/Users/pedre/OneDrive/Documentos/dev/openfootmanager/src/components/home/HomeNextOpponentCard.test.tsx"},{"assertionResults":[{"ancestorTitles":["HomeOnboardingChecklistCard"],"fullName":"HomeOnboardingChecklistCard renders onboarding progress and delegates navigation","status":"passed","title":"renders onboarding progress and delegates navigation","duration":675.0301999999992,"failureMessages":[],"meta":{},"tags":[]}],"startTime":1778015894864,"endTime":1778015895539.0303,"status":"passed","message":"","name":"C:/Users/pedre/OneDrive/Documentos/dev/openfootmanager/src/components/home/HomeOnboardingChecklistCard.test.tsx"},{"assertionResults":[{"ancestorTitles":["HomePlayerMomentumCard"],"fullName":"HomePlayerMomentumCard renders in-form and low-morale player groups","status":"passed","title":"renders in-form and low-morale player groups","duration":131.36139999999978,"failureMessages":[],"meta":{},"tags":[]}],"startTime":1778015917182,"endTime":1778015917313.3613,"status":"passed","message":"","name":"C:/Users/pedre/OneDrive/Documentos/dev/openfootmanager/src/components/home/HomePlayerMomentumCard.test.tsx"},{"assertionResults":[{"ancestorTitles":["HomeRecentMessagesCard"],"fullName":"HomeRecentMessagesCard renders recent messages and delegates inbox navigation","status":"passed","title":"renders recent messages and delegates inbox navigation","duration":158.8685999999998,"failureMessages":[],"meta":{},"tags":[]},{"ancestorTitles":["HomeRecentMessagesCard"],"fullName":"HomeRecentMessagesCard renders the empty state when there are no recent messages","status":"passed","title":"renders the empty state when there are no recent messages","duration":10.677099999999882,"failureMessages":[],"meta":{},"tags":[]},{"ancestorTitles":["HomeRecentMessagesCard"],"fullName":"HomeRecentMessagesCard offers a context menu action to open the message in inbox","status":"passed","title":"offers a context menu action to open the message in inbox","duration":577.7663000000002,"failureMessages":[],"meta":{},"tags":[]}],"startTime":1778015890541,"endTime":1778015891287.7664,"status":"passed","message":"","name":"C:/Users/pedre/OneDrive/Documentos/dev/openfootmanager/src/components/home/HomeRecentMessagesCard.test.tsx"},{"assertionResults":[{"ancestorTitles":["HomeRecentResultsCard"],"fullName":"HomeRecentResultsCard renders recent results","status":"passed","title":"renders recent results","duration":117.52949999999964,"failureMessages":[],"meta":{},"tags":[]},{"ancestorTitles":["HomeRecentResultsCard"],"fullName":"HomeRecentResultsCard renders the empty state when there are no recent results","status":"passed","title":"renders the empty state when there are no recent results","duration":14.4367000000002,"failureMessages":[],"meta":{},"tags":[]}],"startTime":1778015919874,"endTime":1778015920005.4368,"status":"passed","message":"","name":"C:/Users/pedre/OneDrive/Documentos/dev/openfootmanager/src/components/home/HomeRecentResultsCard.test.tsx"},{"assertionResults":[{"ancestorTitles":["HomeSeasonStatusCard"],"fullName":"HomeSeasonStatusCard renders preseason and transfer-window summary content","status":"passed","title":"renders preseason and transfer-window summary content","duration":176.44779999999992,"failureMessages":[],"meta":{},"tags":[]}],"startTime":1778015906626,"endTime":1778015906802.4478,"status":"passed","message":"","name":"C:/Users/pedre/OneDrive/Documentos/dev/openfootmanager/src/components/home/HomeSeasonStatusCard.test.tsx"},{"assertionResults":[{"ancestorTitles":["HomeSquadOverviewCard"],"fullName":"HomeSquadOverviewCard renders squad overview metrics and schedule summary","status":"passed","title":"renders squad overview metrics and schedule summary","duration":152.05090000000018,"failureMessages":[],"meta":{},"tags":[]}],"startTime":1778015915505,"endTime":1778015915657.0508,"status":"passed","message":"","name":"C:/Users/pedre/OneDrive/Documentos/dev/openfootmanager/src/components/home/HomeSquadOverviewCard.test.tsx"},{"assertionResults":[{"ancestorTitles":["HomeTab.helpers"],"fullName":"HomeTab.helpers derives the next opponent widget data from the next scheduled fixture","status":"passed","title":"derives the next opponent widget data from the next scheduled fixture","duration":9.72780000000057,"failureMessages":[],"meta":{},"tags":[]},{"ancestorTitles":["HomeTab.helpers"],"fullName":"HomeTab.helpers returns the latest league digest articles in reverse chronological order","status":"passed","title":"returns the latest league digest articles in reverse chronological order","duration":26.970800000000054,"failureMessages":[],"meta":{},"tags":[]},{"ancestorTitles":["HomeTab.helpers"],"fullName":"HomeTab.helpers builds roster overview m
[...]
tags":[]},{"ancestorTitles":["TransfersTab"],"fullName":"TransfersTab shows bid impact preview and blocks impossible bids","status":"passed","title":"shows bid impact preview and blocks impossible bids","duration":361.3197,"failureMessages":[],"meta":{},"tags":[]},{"ancestorTitles":["TransfersTab"],"fullName":"TransfersTab offers transfer-list actions from the my-list context menu","status":"passed","title":"offers transfer-list actions from the my-list context menu","duration":207.1872000000003,"failureMessages":[],"meta":{},"tags":[]}],"startTime":1778015857847,"endTime":1778015860852.1873,"status":"passed","message":"","name":"C:/Users/pedre/OneDrive/Documentos/dev/openfootmanager/src/components/transfers/TransfersTab.test.tsx"},{"assertionResults":[{"ancestorTitles":["useTransferBidFlow"],"fullName":"useTransferBidFlow does not submit a bid when the computed fee is invalid","status":"passed","title":"does not submit a bid when the computed fee is invalid","duration":496.46219999999994,"failureMessages":[],"meta":{},"tags":[]}],"startTime":1778015897361,"endTime":1778015897857.4622,"status":"passed","message":"","name":"C:/Users/pedre/OneDrive/Documentos/dev/openfootmanager/src/components/transfers/useTransferBidFlow.test.tsx"},{"assertionResults":[{"ancestorTitles":["YouthAcademyTab"],"fullName":"YouthAcademyTab renders the empty state when the squad has no youth players","status":"passed","title":"renders the empty state when the squad has no youth players","duration":126.44329999999991,"failureMessages":[],"meta":{},"tags":[]},{"ancestorTitles":["YouthAcademyTab"],"fullName":"YouthAcademyTab shows youth prospects only and routes row selection","status":"passed","title":"shows youth prospects only and routes row selection","duration":81.54519999999957,"failureMessages":[],"meta":{},"tags":[]},{"ancestorTitles":["YouthAcademyTab"],"fullName":"YouthAcademyTab promotes youth academy players through the context menu","status":"passed","title":"promotes youth academy players through the context menu","duration":445.2978000000003,"failureMessages":[],"meta":{},"tags":[]}],"startTime":1778015887435,"endTime":1778015888088.2979,"status":"passed","message":"","name":"C:/Users/pedre/OneDrive/Documentos/dev/openfootmanager/src/components/youthAcademy/YouthAcademyTab.test.tsx"},{"assertionResults":[{"ancestorTitles":["Badge"],"fullName":"Badge renders children text","status":"passed","title":"renders children text","duration":89.88020000000051,"failureMessages":[],"meta":{},"tags":[]},{"ancestorTitles":["Badge"],"fullName":"Badge applies neutral variant classes by default","status":"passed","title":"applies neutral variant classes by default","duration":11.531700000000455,"failureMessages":[],"meta":{},"tags":[]},{"ancestorTitles":["Badge"],"fullName":"Badge applies the correct variant classes","status":"passed","title":"applies the correct variant classes","duration":4.2203000000008615,"failureMessages":[],"meta":{},"tags":[]},{"ancestorTitles":["Badge"],"fullName":"Badge applies sm size by default","status":"passed","title":"applies sm size by default","duration":14.717200000000048,"failureMessages":[],"meta":{},"tags":[]},{"ancestorTitles":["Badge"],"fullName":"Badge applies md size when specified","status":"passed","title":"applies md size when specified","duration":13.979499999999462,"failureMessages":[],"meta":{},"tags":[]},{"ancestorTitles":["Badge"],"fullName":"Badge merges custom className","status":"passed","title":"merges custom className","duration":3.629899999999907,"failureMessages":[],"meta":{},"tags":[]},{"ancestorTitles":["Badge"],"fullName":"Badge renders as a span element","status":"passed","title":"renders as a span element","duration":3.2532000000001062,"failureMessages":[],"meta":{},"tags":[]}],"startTime":1778015911503,"endTime":1778015911644.2532,"status":"passed","message":"","name":"C:/Users/pedre/OneDrive/Documentos/dev/openfootmanager/src/components/ui/Badge.test.tsx"},{"assertionResults":[{"ancestorTitles":["Button"],"fullName":"Button renders children text","status":"passed","title":"renders children text","duration":79.36429999999928,"failureMessages":[],"meta":{},"tags":[]},{"ancestorTitles":["Button"],"fullName":"Button renders as a button element","status":"passed","title":"renders as a button element","duration":272.89060000000063,"failureMessages":[],"meta":{},"tags":[]},{"ancestorTitles":["Button"],"fullName":"Button fires onClick when clicked","status":"passed","title":"fires onClick when clicked","duration":44.503099999999904,"failureMessages":[],"meta":{},"tags":[]},{"ancestorTitles":["Button"],"fullName":"Button is disabled when disabled prop is set","status":"passed","title":"is disabled when disabled prop is set","duration":29.373999999999796,"failureMessages":[],"meta":{},"tags":[]},{"ancestorTitles":["Button"],"fullName":"Button applies primary variant by default","status":"passed","title":"applies primary variant by default","duration":23.91269999999986,"failureMessages":[],"meta":{},"tags":[]},{"ancestorTitles":["Button"],"fullName":"Button applies accent variant classes","status":"passed","title":"applies accent variant classes","duration":25.635600000000522,"failureMessages":[],"meta":{},"tags":[]},{"ancestorTitles":["Button"],"fullName":"Button applies ghost variant classes","status":"passed","title":"applies ghost variant classes","duration":16.4984000000004,"failureMessages":[],"meta":{},"tags":[]},{"ancestorTitles":["Button"],"fullName":"Button applies outline variant classes","status":"passed","title":"applies outline variant classes","duration":17.88259999999991,"failureMessages":[],"meta":{},"tags":[]},{"ancestorTitles":["Button"],"fullName":"Button applies md size by default","status":"passed","title":"applies md size by default","duration":19.460300000000643,"failureMessages":[],"meta":{},"tags":[]},{"ancestorTitles":["Button"],"fullName":"Button applies sm size","status":"passed","title":"applies sm size","duration":18.94210000000021,"failureMessages":[],"meta":{},"tags":[]},{"ancestorTitles":["Button"],"fullName":"Button applies lg size","status":"passed","title":"applies lg size","duration":13.398000000000138,"failureMessages":[],"meta":{},"tags":[]},{"ancestorTitles":["Button"],"fullName":"Button renders icon on the left when provided","status":"passed","title":"renders icon on the left when provided","duration":7.591899999999441,"failureMessages":[],"meta":{},"tags":[]},{"ancestorTitles":["Button"],"fullName":"Button renders iconRight on the right when provided","status":"passed","title":"renders iconRight on the right when provided","duration":3.8024999999997817,"failureMessages":[],"meta":{},"tags":[]},{"ancestorTitles":["Button"],"fullName":"Button merges custom className","status":"passed","title":"merges custom className","duration":17.232100000000173,"failureMessages":[],"meta":{},"tags":[]}],"startTime":1778015887315,"endTime":1778015887906.2322,"status":"passed","message":"","name":"C:/Users/pedre/OneDrive/Documentos/dev/openfootmanager/src/components/ui/Button.test.tsx"},{"assertionResults":[{"ancestorTitles":["Card"],"fullName":"Card renders children","status":"passed","title":"renders children","duration":61.13559999999961,"failureMessages":[],"meta":{},"tags":[]},{"ancestorTitles":["Card"],"fullName":"Card renders as a div","status":"passed","title":"renders as a div","duration":3.897200000000339,"failureMessages":[],"meta":{},"tags":[]},{"ancestorTitles":["Card"],"fullName":"Card applies 'none' accent by default (no top border)","status":"passed","title":"applies 'none' accent by default (no top border)","duration":6.924399999999878,"failureMessages":[],"meta":{},"tags":[]},{"ancestorTitles":["Card"],"fullName":"Card applies primary accent border","status":"passed","title":"applies primary accent border","duration":6.697499999999309,"failureMessages":[],"meta":{},"tags":[]},{"ancestorTitles":["Card"],"fullName":"Card applies accent accent border","status":"passed","title":"applies accent accent border","duration":4.577499999999418,"failureMessages":[],"meta":{},"tags":[]},{"ancestorTitles":["Card"],"fullName":"Card applies success accent border","status":"passed","title":"applies success accent border","duration":4.616299999999683,"failureMessages":[],"meta":{},"tags":[]},{"ancestorTitles":["Card"],"fullName":"Card applies danger accent border","status":"passed","title":"applies danger accent border","duration":2.6995999999999185,"failureMessages":[],"meta":{},"tags":[]},{"ancestorTitles":["Card"],"fullName":"Card merges custom className","status":"passed","title":"merges custom className","duration":2.5572000000001935,"failureMessages":[],"meta":{},"tags":[]},{"ancestorTitles":["CardHeader"],"fullName":"CardHeader renders children as heading text","status":"passed","title":"renders children as heading text","duration":6.149100000000544,"failureMessages":[],"meta":{},"tags":[]},{"ancestorTitles":["CardHeader"],"fullName":"CardHeader renders action slot when provided","status":"passed","title":"renders action slot when provided","duration":8.002400000000307,"failureMessages":[],"meta":{},"tags":[]},{"ancestorTitles":["CardHeader"],"fullName":"CardHeader does not render action when not provided","status":"passed","title":"does not render action when not provided","duration":4.707900000000336,"failureMessages":[],"meta":{},"tags":[]},{"ancestorTitles":["CardHeader"],"fullName":"CardHeader merges custom className","status":"passed","title":"merges custom className","duration":2.35950000000048,"failureMessages":[],"meta":{},"tags":[]},{"ancestorTitles":["CardBody"],"fullName":"CardBody renders children","status":"passed","title":"renders children","duration":3.355600000000777,"failureMessages":[],"meta":{},"tags":[]},{"ancestorTitles":["CardBody"],"fullName":"CardBody applies default padding","status":"passed","title":"applies default padding","duration":2.799699999999575,"failureMessages":[],"meta":{},"tags":[]},{"ancestorTitles":["CardBody"],"fullName":"CardBody merges custom className","status":"passed","title":"merges custom className","duration":2.1598000000003594,"failureMessages":[],"meta":{},"tags":[]}],"startTime":1778015909045,"endTime":1778015909169.16,"status":"passed","message":"","name":"C:/Users/pedre/OneDrive/Documentos/dev/openfootmanager/src/components/ui/Card.test.tsx"},{"assertionResults":[{"ancestorTitles":["CountryFlag"],"fullName":"CountryFlag renders an SVG flag for valid country codes","status":"passed","title":"renders an SVG flag for valid country codes","duration":441.22929999999997,"failureMessages":[],"meta":{},"tags":[]},{"ancestorTitles":["CountryFlag"],"fullName":"CountryFlag returns null for invalid country codes","status":"passed","title":"returns null for invalid country codes","duration":7.515500000000429,"failureMessages":[],"meta":{},"tags":[]},{"ancestorTitles":["CountryFlag"],"fullName":"CountryFlag renders a text badge fallback for football nation codes without SVG assets","status":"passed","title":"renders a text badge fallback for football nation codes without SVG assets","duration":31.07210000000032,"failureMessages":[],"meta":{},"tags":[]}],"startTime":1778015901805,"endTime":1778015902285.072,"status":"passed","message":"","name":"C:/Users/pedre/OneDrive/Documentos/dev/openfootmanager/src/components/ui/CountryFlag.test.tsx"},{"assertionResults":[{"ancestorTitles":["DatePicker"],"fullName":"DatePicker renders the initial ISO date across the day, month, and year fields","status":"passed","title":"renders the initial ISO date across the day, month, and year fields","duration":477.3674000000001,"failureMessages":[],"meta":{},"tags":[]},{"ancestorTitles":["DatePicker"],"fullName":"DatePicker emits a padded ISO date once all fields are complete","status":"passed","title":"emits a padded ISO date once all fields are complete","duration":233.1845000000003,"failureMessages":[],"meta":{},"tags":[]},{"ancestorTitles":["DatePicker"],"fullName":"DatePicker clamps the selected day when changing to a shorter month","status":"passed","title":"clamps the selected day when changing to a shorter month","duration":186.76710000000003,"failureMessages":[],"meta":{},"tags":[]},{"ancestorTitles":["DatePicker"],"fullName":"DatePicker revalidates leap-day selections when the year changes","status":"passed","title":"revalidates leap-day selections when the year changes","duration":32.71810000000005,"failureMessages":[],"meta":{},"tags":[]},{"ancestorTitles":["DatePicker"],"fullName":"DatePicker normalizes two-digit years on blur using the current century","status":"passed","title":"normalizes two-digit years on blur using the current century","duration":139.6956,"failureMessages":[],"meta":{},"tags":[]},{"ancestorTitles":["DatePicker"],"fullName":"DatePicker closes the month dropdown on outside clicks","status":"passed","title":"closes the month dropdown on outside clicks","duration":171.27409999999963,"failureMessages":[],"meta":{},"tags":[]}],"startTime":1778015866969,"endTime":1778015868210.2742,"status":"passed","message":"","name":"C:/Users/pedre/OneDrive/Documentos/dev/openfootmanager/src/components/ui/DatePicker.test.tsx"},{"assertionResults":[{"ancestorTitles":["ProgressBar"],"fullName":"ProgressBar renders without crashing","status":"passed","title":"renders without crashing","duration":58.946500000000015,"failureMessages":[],"meta":{},"tags":[]},{"ancestorTitles":["ProgressBar"],"fullName":"ProgressBar clamps value to 0-100 range (upper)","status":"passed","title":"clamps value to 0-100 range (upper)","duration":49.930200000000696,"failureMessages":[],"meta":{},"tags":[]},{"ancestorTitles":["ProgressBar"],"fullName":"ProgressBar clamps value to 0-100 range (lower)","status":"passed","title":"clamps value to 0-100 range (lower)","duration":8.871600000000399,"failureMessages":[],"meta":{},"tags":[]},{"ancestorTitles":["ProgressBar"],"fullName":"ProgressBar shows label when showLabel is true","status":"passed","title":"shows label when showLabel is true","duration":10.323500000000422,"failureMessages":[],"meta":{},"tags":[]},{"ancestorTitles":["ProgressBar"],"fullName":"ProgressBar does not show label by default","status":"passed","title":"does not show label by default","duration":5.1358000000000175,"failureMessages":[],"meta":{},"tags":[]},{"ancestorTitles":["ProgressBar"],"fullName":"ProgressBar uses auto variant: success for >= 70","status":"passed","title":"uses auto variant: success for >= 70","duration":10.533300000000054,"failureMessages":[],"meta":{},"tags":[]},{"ancestorTitles":["ProgressBar"],"fullName":"ProgressBar uses auto variant: accent for 40-69","status":"passed","title":"uses auto variant: accent for 40-69","duration":3.6520000000000437,"failureMessages":[],"meta":{},"tags":[]},{"ancestorTitles":["ProgressBar"],"fullName":"ProgressBar uses auto variant: danger for < 40","status":"passed","title":"uses auto variant: danger for < 40","duration":3.4350000000004,"failureMessages":[],"meta":{},"tags":[]},{"ancestorTitles":["ProgressBar"],"fullName":"ProgressBar uses explicit variant when specified","status":"passed","title":"uses explicit variant when specified","duration":3.736800000000585,"failureMessages":[],"meta":{},"tags":[]},{"ancestorTitles":["ProgressBar"],"fullName":"ProgressBar applies sm height by default","status":"passed","title":"applies sm height by default","duration":4.535499999999956,"failureMessages":[],"meta":{},"tags":[]},{"ancestorTitles":["ProgressBar"],"fullName":"ProgressBar applies md height","status":"passed","title":"applies md height","duration":3.318099999999504,"failureMessages":[],"meta":{},"tags":[]},{"ancestorTitles":["ProgressBar"],"fullName":"ProgressBar applies lg height","status":"passed","title":"applies lg height","duration":2.7838000000001557,"failureMessages":[],"meta":{},"tags":[]},{"ancestorTitles":["ProgressBar"],"fullName":"ProgressBar sets width style to match value","status":"passed","title":"sets width style to match value","duration":4.011700000000019,"failureMessages":[],"meta":{},"tags":[]},{"ancestorTitles":["ProgressBar"],"fullName":"ProgressBar merges custom className","status":"passed","title":"merges custom className","duration":9.329799999999523,"failureMessages":[],"meta":{},"tags":[]}],"startTime":1778015909811,"endTime":1778015909990.3298,"status":"passed","message":"","name":"C:/Users/pedre/OneDrive/Documentos/dev/openfootmanager/src/components/ui/ProgressBar.test.tsx"},{"assertionResults":[{"ancestorTitles":["Select"],"fullName":"Select renders the selected option label","status":"passed","title":"renders the selected option label","duration":403.1319999999996,"failureMessages":[],"meta":{},"tags":[]},{"ancestorTitles":["Select"],"fullName":"Select opens the option list when clicked","status":"passed","title":"opens the option list when clicked","duration":120.95029999999952,"failureMessages":[],"meta":{},"tags":[]},{"ancestorTitles":["Select"],"fullName":"Select calls onChange and updates the displayed label when an option is chosen","status":"passed","title":"calls onChange and updates the displayed label when an option is chosen","duration":92.41439999999966,"failureMessages":[],"meta":{},"tags":[]},{"ancestorTitles":["Select"],"fullName":"Select applies custom classes and renders the leading icon","status":"passed","title":"applies custom classes and renders the leading icon","duration":27.9342000000006,"failureMessages":[],"meta":{},"tags":[]},{"ancestorTitles":["Select"],"fullName":"Select submits a hidden input value when a name is provided","status":"passed","title":"submits a hidden input value when a name is provided","duration":11.869300000000294,"failureMessages":[],"meta":{},"tags":[]}],"startTime":1778015874617,"endTime":1778015875273.8694,"status":"passed","message":"","name":"C:/Users/pedre/OneDrive/Documentos/dev/openfootmanager/src/components/ui/Select.test.tsx"},{"assertionResults":[{"ancestorTitles":["TeamLocation"],"fullName":"TeamLocation renders the city, localised country name, and flag","status":"passed","title":"renders the city, localised country name, and flag","duration":484.10090000000037,"failureMessages":[],"meta":{},"tags":[]},{"ancestorTitles":["TeamLocation"],"fullName":"TeamLocation renders football nation labels for non-ISO codes","status":"passed","title":"renders football nation labels for non-ISO codes","duration":45.967499999999745,"failureMessages":[],"meta":{},"tags":[]}],"startTime":1778015901806,"endTime":1778015902335.9675,"status":"passed","message":"","name":"C:/Users/pedre/OneDrive/Documentos/dev/openfootmanager/src/components/ui/TeamLocation.test.tsx"},{"assertionResults":[{"ancestorTitles":["ThemeToggle"],"fullName":"ThemeToggle renders a button","status":"passed","title":"renders a button","duration":349.91269999999986,"failureMessages":[],"meta":{},"tags":[]},{"ancestorTitles":["ThemeToggle"],"fullName":"ThemeToggle shows 'Switch to light mode' title when in dark mode","status":"passed","title":"shows 'Switch to light mode' title when in dark mode","duration":10.282100000000355,"failureMessages":[],"meta":{},"tags":[]},{"ancestorTitles":["ThemeToggle"],"fullName":"ThemeToggle toggles to light mode on click, updating title","status":"passed","title":"toggles to light mode on click, updating title","duration":56.45680000000084,"failureMessages":[],"meta":{},"tags":[]},{"ancestorTitles":["ThemeToggle"],"fullName":"ThemeToggle toggles back to dark mode on double click","status":"passed","title":"toggles back to dark mode on double click","duration":58.45460000000003,"failureMessages":[],"meta":{},"tags":[]},{"ancestorTitles":["ThemeToggle"],"fullName":"ThemeToggle merges custom className","status":"passed","title":"merges custom className","duration":28.868499999999585,"failureMessages":[],"meta":{},"tags":[]}],"startTime":1778015887470,"endTime":1778015887973.8684,"status":"passed","message":"","name":"C:/Users/pedre/OneDrive/Documentos/dev/openfootmanager/src/components/ui/ThemeToggle.test.tsx"}]}